{"E:\\Projects\\TechPulse\\techpulse-backend\\server.js": {"path":"E:\\Projects\\TechPulse\\techpulse-backend\\server.js","statementMap":{"0":{"start":{"line":14,"column":0},"end":{"line":14,"column":16}},"1":{"start":{"line":16,"column":12},"end":{"line":16,"column":21}},"2":{"start":{"line":23,"column":0},"end":{"line":23,"column":18}},"3":{"start":{"line":29,"column":20},"end":{"line":33,"column":1}},"4":{"start":{"line":34,"column":0},"end":{"line":34,"column":27}},"5":{"start":{"line":41,"column":16},"end":{"line":47,"column":2}},"6":{"start":{"line":50,"column":0},"end":{"line":50,"column":25}},"7":{"start":{"line":52,"column":0},"end":{"line":52,"column":24}},"8":{"start":{"line":53,"column":0},"end":{"line":53,"column":23}},"9":{"start":{"line":56,"column":0},"end":{"line":56,"column":18}},"10":{"start":{"line":59,"column":0},"end":{"line":59,"column":16}},"11":{"start":{"line":62,"column":0},"end":{"line":67,"column":3}},"12":{"start":{"line":63,"column":4},"end":{"line":66,"column":7}},"13":{"start":{"line":70,"column":0},"end":{"line":70,"column":22}},"14":{"start":{"line":74,"column":13},"end":{"line":74,"column":37}},"15":{"start":{"line":77,"column":0},"end":{"line":83,"column":1}},"16":{"start":{"line":79,"column":4},"end":{"line":79,"column":19}},"17":{"start":{"line":80,"column":4},"end":{"line":82,"column":7}},"18":{"start":{"line":81,"column":8},"end":{"line":81,"column":92}}},"fnMap":{"0":{"name":"(anonymous_0)","decl":{"start":{"line":62,"column":13},"end":{"line":62,"column":14}},"loc":{"start":{"line":62,"column":27},"end":{"line":67,"column":1}},"line":62},"1":{"name":"(anonymous_1)","decl":{"start":{"line":80,"column":21},"end":{"line":80,"column":22}},"loc":{"start":{"line":80,"column":27},"end":{"line":82,"column":5}},"line":80}},"branchMap":{"0":{"loc":{"start":{"line":30,"column":12},"end":{"line":30,"column":63}},"type":"binary-expr","locations":[{"start":{"line":30,"column":12},"end":{"line":30,"column":36}},{"start":{"line":30,"column":40},"end":{"line":30,"column":63}}],"line":30},"1":{"loc":{"start":{"line":74,"column":13},"end":{"line":74,"column":37}},"type":"binary-expr","locations":[{"start":{"line":74,"column":13},"end":{"line":74,"column":29}},{"start":{"line":74,"column":33},"end":{"line":74,"column":37}}],"line":74},"2":{"loc":{"start":{"line":77,"column":0},"end":{"line":83,"column":1}},"type":"if","locations":[{"start":{"line":77,"column":0},"end":{"line":83,"column":1}},{"start":{},"end":{}}],"line":77}},"s":{"0":1,"1":1,"2":1,"3":1,"4":1,"5":1,"6":1,"7":1,"8":1,"9":1,"10":1,"11":1,"12":2,"13":1,"14":1,"15":1,"16":0,"17":0,"18":0},"f":{"0":2,"1":0},"b":{"0":[1,1],"1":[1,0],"2":[0,1]},"_coverageSchema":"1a1c01bbd47fc00a2c39e90264f33305004495a9","hash":"aefb8cfc54163a9e14a03a255dea284db1481103"}
,"E:\\Projects\\TechPulse\\techpulse-backend\\src\\config\\groq.js": {"path":"E:\\Projects\\TechPulse\\techpulse-backend\\src\\config\\groq.js","statementMap":{"0":{"start":{"line":4,"column":0},"end":{"line":4,"column":16}},"1":{"start":{"line":6,"column":13},"end":{"line":9,"column":2}}},"fnMap":{},"branchMap":{},"s":{"0":1,"1":1},"f":{},"b":{},"_coverageSchema":"1a1c01bbd47fc00a2c39e90264f33305004495a9","hash":"c11f88b9df3d1d80de9c779f1b4ae4bbc46b95cb"}
,"E:\\Projects\\TechPulse\\techpulse-backend\\src\\config\\logger.js": {"path":"E:\\Projects\\TechPulse\\techpulse-backend\\src\\config\\logger.js","statementMap":{"0":{"start":{"line":3,"column":15},"end":{"line":18,"column":2}},"1":{"start":{"line":20,"column":0},"end":{"line":27,"column":1}},"2":{"start":{"line":21,"column":2},"end":{"line":26,"column":6}}},"fnMap":{},"branchMap":{"0":{"loc":{"start":{"line":4,"column":9},"end":{"line":4,"column":40}},"type":"binary-expr","locations":[{"start":{"line":4,"column":9},"end":{"line":4,"column":30}},{"start":{"line":4,"column":34},"end":{"line":4,"column":40}}],"line":4},"1":{"loc":{"start":{"line":20,"column":0},"end":{"line":27,"column":1}},"type":"if","locations":[{"start":{"line":20,"column":0},"end":{"line":27,"column":1}},{"start":{},"end":{}}],"line":20}},"s":{"0":1,"1":1,"2":1},"f":{},"b":{"0":[1,1],"1":[1,0]},"_coverageSchema":"1a1c01bbd47fc00a2c39e90264f33305004495a9","hash":"7f866ce270ea65eb4e862141d202543de2f25b57"}
,"E:\\Projects\\TechPulse\\techpulse-backend\\src\\config\\prisma.js": {"path":"E:\\Projects\\TechPulse\\techpulse-backend\\src\\config\\prisma.js","statementMap":{"0":{"start":{"line":2,"column":15},"end":{"line":2,"column":33}}},"fnMap":{},"branchMap":{},"s":{"0":1},"f":{},"b":{},"_coverageSchema":"1a1c01bbd47fc00a2c39e90264f33305004495a9","hash":"1908b6f25414e3df53c19a6b9d5a308cd17e18ac"}
,"E:\\Projects\\TechPulse\\techpulse-backend\\src\\config\\swagger.js": {"path":"E:\\Projects\\TechPulse\\techpulse-backend\\src\\config\\swagger.js","statementMap":{"0":{"start":{"line":4,"column":16},"end":{"line":29,"column":1}},"1":{"start":{"line":31,"column":20},"end":{"line":31,"column":41}},"2":{"start":{"line":33,"column":28},"end":{"line":35,"column":1}},"3":{"start":{"line":34,"column":2},"end":{"line":34,"column":70}}},"fnMap":{"0":{"name":"(anonymous_0)","decl":{"start":{"line":33,"column":28},"end":{"line":33,"column":29}},"loc":{"start":{"line":33,"column":37},"end":{"line":35,"column":1}},"line":33}},"branchMap":{},"s":{"0":1,"1":1,"2":1,"3":1},"f":{"0":1},"b":{},"_coverageSchema":"1a1c01bbd47fc00a2c39e90264f33305004495a9","hash":"d31a1bc88d3c5c2d88e37335db03392af3e8935f"}
,"E:\\Projects\\TechPulse\\techpulse-backend\\src\\controllers\\analysisController.js": {"path":"E:\\Projects\\TechPulse\\techpulse-backend\\src\\controllers\\analysisController.js","statementMap":{"0":{"start":{"line":4,"column":28},"end":{"line":15,"column":1}},"1":{"start":{"line":5,"column":25},"end":{"line":5,"column":33}},"2":{"start":{"line":6,"column":19},"end":{"line":6,"column":34}},"3":{"start":{"line":7,"column":4},"end":{"line":14,"column":5}},"4":{"start":{"line":8,"column":8},"end":{"line":10,"column":11}},"5":{"start":{"line":11,"column":8},"end":{"line":11,"column":36}},"6":{"start":{"line":13,"column":8},"end":{"line":13,"column":75}},"7":{"start":{"line":17,"column":26},"end":{"line":43,"column":1}},"8":{"start":{"line":18,"column":22},"end":{"line":18,"column":31}},"9":{"start":{"line":19,"column":4},"end":{"line":42,"column":5}},"10":{"start":{"line":20,"column":23},"end":{"line":20,"column":39}},"11":{"start":{"line":21,"column":8},"end":{"line":28,"column":9}},"12":{"start":{"line":22,"column":28},"end":{"line":26,"column":14}},"13":{"start":{"line":27,"column":12},"end":{"line":27,"column":56}},"14":{"start":{"line":29,"column":8},"end":{"line":29,"column":35}},"15":{"start":{"line":32,"column":8},"end":{"line":41,"column":9}},"16":{"start":{"line":33,"column":34},"end":{"line":36,"column":14}},"17":{"start":{"line":37,"column":12},"end":{"line":37,"column":79}},"18":{"start":{"line":39,"column":12},"end":{"line":39,"column":70}},"19":{"start":{"line":40,"column":12},"end":{"line":40,"column":95}},"20":{"start":{"line":45,"column":26},"end":{"line":174,"column":1}},"21":{"start":{"line":46,"column":4},"end":{"line":173,"column":5}},"22":{"start":{"line":47,"column":25},"end":{"line":47,"column":58}},"23":{"start":{"line":50,"column":26},"end":{"line":153,"column":9}},"24":{"start":{"line":155,"column":27},"end":{"line":155,"column":105}},"25":{"start":{"line":155,"column":87},"end":{"line":155,"column":104}},"26":{"start":{"line":157,"column":8},"end":{"line":169,"column":11}},"27":{"start":{"line":171,"column":8},"end":{"line":171,"column":59}},"28":{"start":{"line":172,"column":8},"end":{"line":172,"column":86}},"29":{"start":{"line":176,"column":30},"end":{"line":253,"column":1}},"30":{"start":{"line":177,"column":21},"end":{"line":177,"column":50}},"31":{"start":{"line":178,"column":4},"end":{"line":178,"column":99}},"32":{"start":{"line":178,"column":19},"end":{"line":178,"column":99}},"33":{"start":{"line":180,"column":4},"end":{"line":180,"column":55}},"34":{"start":{"line":181,"column":4},"end":{"line":181,"column":47}},"35":{"start":{"line":182,"column":4},"end":{"line":182,"column":46}},"36":{"start":{"line":184,"column":22},"end":{"line":184,"column":78}},"37":{"start":{"line":184,"column":32},"end":{"line":184,"column":78}},"38":{"start":{"line":186,"column":4},"end":{"line":252,"column":5}},"39":{"start":{"line":187,"column":23},"end":{"line":187,"column":94}},"40":{"start":{"line":188,"column":8},"end":{"line":191,"column":9}},"41":{"start":{"line":189,"column":12},"end":{"line":189,"column":160}},"42":{"start":{"line":190,"column":12},"end":{"line":190,"column":29}},"43":{"start":{"line":193,"column":26},"end":{"line":193,"column":139}},"44":{"start":{"line":194,"column":27},"end":{"line":194,"column":49}},"45":{"start":{"line":195,"column":8},"end":{"line":198,"column":9}},"46":{"start":{"line":196,"column":12},"end":{"line":196,"column":76}},"47":{"start":{"line":197,"column":12},"end":{"line":197,"column":29}},"48":{"start":{"line":200,"column":24},"end":{"line":200,"column":43}},"49":{"start":{"line":201,"column":26},"end":{"line":201,"column":56}},"50":{"start":{"line":203,"column":8},"end":{"line":203,"column":148}},"51":{"start":{"line":205,"column":27},"end":{"line":205,"column":82}},"52":{"start":{"line":207,"column":23},"end":{"line":207,"column":25}},"53":{"start":{"line":208,"column":8},"end":{"line":212,"column":9}},"54":{"start":{"line":209,"column":30},"end":{"line":209,"column":68}},"55":{"start":{"line":210,"column":12},"end":{"line":210,"column":34}},"56":{"start":{"line":211,"column":12},"end":{"line":211,"column":95}},"57":{"start":{"line":211,"column":27},"end":{"line":211,"column":95}},"58":{"start":{"line":214,"column":26},"end":{"line":214,"column":46}},"59":{"start":{"line":217,"column":24},"end":{"line":221,"column":9}},"60":{"start":{"line":223,"column":30},"end":{"line":230,"column":9}},"61":{"start":{"line":232,"column":8},"end":{"line":236,"column":11}},"62":{"start":{"line":238,"column":8},"end":{"line":238,"column":147}},"63":{"start":{"line":239,"column":8},"end":{"line":239,"column":18}},"64":{"start":{"line":242,"column":8},"end":{"line":242,"column":51}},"65":{"start":{"line":243,"column":8},"end":{"line":249,"column":22}},"66":{"start":{"line":244,"column":30},"end":{"line":244,"column":101}},"67":{"start":{"line":245,"column":12},"end":{"line":248,"column":13}},"68":{"start":{"line":246,"column":16},"end":{"line":246,"column":164}},"69":{"start":{"line":247,"column":16},"end":{"line":247,"column":33}},"70":{"start":{"line":250,"column":8},"end":{"line":250,"column":67}},"71":{"start":{"line":251,"column":8},"end":{"line":251,"column":18}}},"fnMap":{"0":{"name":"(anonymous_0)","decl":{"start":{"line":4,"column":28},"end":{"line":4,"column":29}},"loc":{"start":{"line":4,"column":48},"end":{"line":15,"column":1}},"line":4},"1":{"name":"(anonymous_1)","decl":{"start":{"line":17,"column":26},"end":{"line":17,"column":27}},"loc":{"start":{"line":17,"column":46},"end":{"line":43,"column":1}},"line":17},"2":{"name":"(anonymous_2)","decl":{"start":{"line":45,"column":26},"end":{"line":45,"column":27}},"loc":{"start":{"line":45,"column":46},"end":{"line":174,"column":1}},"line":45},"3":{"name":"(anonymous_3)","decl":{"start":{"line":155,"column":77},"end":{"line":155,"column":78}},"loc":{"start":{"line":155,"column":87},"end":{"line":155,"column":104}},"line":155},"4":{"name":"(anonymous_4)","decl":{"start":{"line":176,"column":30},"end":{"line":176,"column":31}},"loc":{"start":{"line":176,"column":50},"end":{"line":253,"column":1}},"line":176},"5":{"name":"(anonymous_5)","decl":{"start":{"line":184,"column":22},"end":{"line":184,"column":23}},"loc":{"start":{"line":184,"column":32},"end":{"line":184,"column":78}},"line":184}},"branchMap":{"0":{"loc":{"start":{"line":21,"column":8},"end":{"line":28,"column":9}},"type":"if","locations":[{"start":{"line":21,"column":8},"end":{"line":28,"column":9}},{"start":{},"end":{}}],"line":21},"1":{"loc":{"start":{"line":47,"column":25},"end":{"line":47,"column":58}},"type":"binary-expr","locations":[{"start":{"line":47,"column":25},"end":{"line":47,"column":43}},{"start":{"line":47,"column":47},"end":{"line":47,"column":58}}],"line":47},"2":{"loc":{"start":{"line":155,"column":28},"end":{"line":155,"column":70}},"type":"binary-expr","locations":[{"start":{"line":155,"column":28},"end":{"line":155,"column":47}},{"start":{"line":155,"column":51},"end":{"line":155,"column":70}}],"line":155},"3":{"loc":{"start":{"line":178,"column":4},"end":{"line":178,"column":99}},"type":"if","locations":[{"start":{"line":178,"column":4},"end":{"line":178,"column":99}},{"start":{},"end":{}}],"line":178},"4":{"loc":{"start":{"line":188,"column":8},"end":{"line":191,"column":9}},"type":"if","locations":[{"start":{"line":188,"column":8},"end":{"line":191,"column":9}},{"start":{},"end":{}}],"line":188},"5":{"loc":{"start":{"line":195,"column":8},"end":{"line":198,"column":9}},"type":"if","locations":[{"start":{"line":195,"column":8},"end":{"line":198,"column":9}},{"start":{},"end":{}}],"line":195},"6":{"loc":{"start":{"line":209,"column":30},"end":{"line":209,"column":68}},"type":"binary-expr","locations":[{"start":{"line":209,"column":30},"end":{"line":209,"column":62}},{"start":{"line":209,"column":66},"end":{"line":209,"column":68}}],"line":209},"7":{"loc":{"start":{"line":211,"column":12},"end":{"line":211,"column":95}},"type":"if","locations":[{"start":{"line":211,"column":12},"end":{"line":211,"column":95}},{"start":{},"end":{}}],"line":211},"8":{"loc":{"start":{"line":218,"column":40},"end":{"line":218,"column":76}},"type":"binary-expr","locations":[{"start":{"line":218,"column":40},"end":{"line":218,"column":71}},{"start":{"line":218,"column":75},"end":{"line":218,"column":76}}],"line":218},"9":{"loc":{"start":{"line":219,"column":37},"end":{"line":219,"column":70}},"type":"binary-expr","locations":[{"start":{"line":219,"column":37},"end":{"line":219,"column":65}},{"start":{"line":219,"column":69},"end":{"line":219,"column":70}}],"line":219},"10":{"loc":{"start":{"line":220,"column":43},"end":{"line":220,"column":82}},"type":"binary-expr","locations":[{"start":{"line":220,"column":43},"end":{"line":220,"column":77}},{"start":{"line":220,"column":81},"end":{"line":220,"column":82}}],"line":220},"11":{"loc":{"start":{"line":245,"column":12},"end":{"line":248,"column":13}},"type":"if","locations":[{"start":{"line":245,"column":12},"end":{"line":248,"column":13}},{"start":{},"end":{}}],"line":245}},"s":{"0":1,"1":0,"2":0,"3":0,"4":0,"5":0,"6":0,"7":1,"8":0,"9":0,"10":0,"11":0,"12":0,"13":0,"14":0,"15":0,"16":0,"17":0,"18":0,"19":0,"20":1,"21":0,"22":0,"23":0,"24":0,"25":0,"26":0,"27":0,"28":0,"29":1,"30":0,"31":0,"32":0,"33":0,"34":0,"35":0,"36":0,"37":0,"38":0,"39":0,"40":0,"41":0,"42":0,"43":0,"44":0,"45":0,"46":0,"47":0,"48":0,"49":0,"50":0,"51":0,"52":0,"53":0,"54":0,"55":0,"56":0,"57":0,"58":0,"59":0,"60":0,"61":0,"62":0,"63":0,"64":0,"65":0,"66":0,"67":0,"68":0,"69":0,"70":0,"71":0},"f":{"0":0,"1":0,"2":0,"3":0,"4":0,"5":0},"b":{"0":[0,0],"1":[0,0],"2":[0,0],"3":[0,0],"4":[0,0],"5":[0,0],"6":[0,0],"7":[0,0],"8":[0,0],"9":[0,0],"10":[0,0],"11":[0,0]},"_coverageSchema":"1a1c01bbd47fc00a2c39e90264f33305004495a9","hash":"614480be20100b3a8aa0172fb13599282937f454"}
,"E:\\Projects\\TechPulse\\techpulse-backend\\src\\controllers\\authController.js": {"path":"E:\\Projects\\TechPulse\\techpulse-backend\\src\\controllers\\authController.js","statementMap":{"0":{"start":{"line":5,"column":19},"end":{"line":5,"column":63}},"1":{"start":{"line":7,"column":22},"end":{"line":19,"column":1}},"2":{"start":{"line":8,"column":32},"end":{"line":8,"column":40}},"3":{"start":{"line":9,"column":4},"end":{"line":18,"column":5}},"4":{"start":{"line":10,"column":31},"end":{"line":10,"column":62}},"5":{"start":{"line":11,"column":21},"end":{"line":13,"column":10}},"6":{"start":{"line":14,"column":22},"end":{"line":14,"column":63}},"7":{"start":{"line":15,"column":8},"end":{"line":15,"column":72}},"8":{"start":{"line":17,"column":8},"end":{"line":17,"column":99}},"9":{"start":{"line":21,"column":21},"end":{"line":34,"column":1}},"10":{"start":{"line":22,"column":32},"end":{"line":22,"column":40}},"11":{"start":{"line":23,"column":4},"end":{"line":33,"column":5}},"12":{"start":{"line":24,"column":21},"end":{"line":24,"column":71}},"13":{"start":{"line":25,"column":8},"end":{"line":30,"column":9}},"14":{"start":{"line":26,"column":26},"end":{"line":26,"column":67}},"15":{"start":{"line":27,"column":12},"end":{"line":27,"column":76}},"16":{"start":{"line":29,"column":12},"end":{"line":29,"column":86}},"17":{"start":{"line":32,"column":8},"end":{"line":32,"column":75}}},"fnMap":{"0":{"name":"(anonymous_0)","decl":{"start":{"line":7,"column":22},"end":{"line":7,"column":23}},"loc":{"start":{"line":7,"column":42},"end":{"line":19,"column":1}},"line":7},"1":{"name":"(anonymous_1)","decl":{"start":{"line":21,"column":21},"end":{"line":21,"column":22}},"loc":{"start":{"line":21,"column":41},"end":{"line":34,"column":1}},"line":21}},"branchMap":{"0":{"loc":{"start":{"line":5,"column":19},"end":{"line":5,"column":63}},"type":"binary-expr","locations":[{"start":{"line":5,"column":19},"end":{"line":5,"column":41}},{"start":{"line":5,"column":45},"end":{"line":5,"column":63}}],"line":5},"1":{"loc":{"start":{"line":25,"column":8},"end":{"line":30,"column":9}},"type":"if","locations":[{"start":{"line":25,"column":8},"end":{"line":30,"column":9}},{"start":{"line":28,"column":15},"end":{"line":30,"column":9}}],"line":25},"2":{"loc":{"start":{"line":25,"column":12},"end":{"line":25,"column":65}},"type":"binary-expr","locations":[{"start":{"line":25,"column":12},"end":{"line":25,"column":16}},{"start":{"line":25,"column":20},"end":{"line":25,"column":65}}],"line":25}},"s":{"0":1,"1":1,"2":0,"3":0,"4":0,"5":0,"6":0,"7":0,"8":0,"9":1,"10":0,"11":0,"12":0,"13":0,"14":0,"15":0,"16":0,"17":0},"f":{"0":0,"1":0},"b":{"0":[1,1],"1":[0,0],"2":[0,0]},"_coverageSchema":"1a1c01bbd47fc00a2c39e90264f33305004495a9","hash":"8536fbac8541ed4187396a62fb7bf61159d988f2"}
,"E:\\Projects\\TechPulse\\techpulse-backend\\src\\controllers\\feedController.js": {"path":"E:\\Projects\\TechPulse\\techpulse-backend\\src\\controllers\\feedController.js","statementMap":{"0":{"start":{"line":5,"column":23},"end":{"line":15,"column":1}},"1":{"start":{"line":6,"column":4},"end":{"line":14,"column":5}},"2":{"start":{"line":7,"column":22},"end":{"line":7,"column":72}},"3":{"start":{"line":8,"column":20},"end":{"line":8,"column":81}},"4":{"start":{"line":9,"column":21},"end":{"line":9,"column":57}},"5":{"start":{"line":10,"column":8},"end":{"line":10,"column":42}},"6":{"start":{"line":12,"column":8},"end":{"line":12,"column":63}},"7":{"start":{"line":13,"column":8},"end":{"line":13,"column":88}},"8":{"start":{"line":17,"column":32},"end":{"line":37,"column":1}},"9":{"start":{"line":18,"column":35},"end":{"line":18,"column":43}},"10":{"start":{"line":19,"column":4},"end":{"line":36,"column":5}},"11":{"start":{"line":20,"column":23},"end":{"line":20,"column":67}},"12":{"start":{"line":22,"column":26},"end":{"line":22,"column":30}},"13":{"start":{"line":23,"column":8},"end":{"line":30,"column":9}},"14":{"start":{"line":24,"column":12},"end":{"line":29,"column":88}},"15":{"start":{"line":25,"column":31},"end":{"line":27,"column":18}},"16":{"start":{"line":28,"column":16},"end":{"line":28,"column":57}},"17":{"start":{"line":28,"column":28},"end":{"line":28,"column":57}},"18":{"start":{"line":29,"column":26},"end":{"line":29,"column":86}},"19":{"start":{"line":32,"column":8},"end":{"line":32,"column":60}},"20":{"start":{"line":34,"column":8},"end":{"line":34,"column":58}},"21":{"start":{"line":35,"column":8},"end":{"line":35,"column":86}},"22":{"start":{"line":39,"column":27},"end":{"line":50,"column":1}},"23":{"start":{"line":40,"column":42},"end":{"line":40,"column":50}},"24":{"start":{"line":41,"column":19},"end":{"line":41,"column":34}},"25":{"start":{"line":42,"column":4},"end":{"line":49,"column":5}},"26":{"start":{"line":43,"column":8},"end":{"line":45,"column":11}},"27":{"start":{"line":46,"column":8},"end":{"line":46,"column":36}},"28":{"start":{"line":48,"column":8},"end":{"line":48,"column":82}},"29":{"start":{"line":52,"column":32},"end":{"line":63,"column":1}},"30":{"start":{"line":53,"column":19},"end":{"line":53,"column":34}},"31":{"start":{"line":54,"column":4},"end":{"line":62,"column":5}},"32":{"start":{"line":55,"column":25},"end":{"line":58,"column":10}},"33":{"start":{"line":59,"column":8},"end":{"line":59,"column":46}},"34":{"start":{"line":61,"column":8},"end":{"line":61,"column":93}},"35":{"start":{"line":65,"column":29},"end":{"line":75,"column":1}},"36":{"start":{"line":66,"column":22},"end":{"line":66,"column":31}},"37":{"start":{"line":67,"column":4},"end":{"line":67,"column":71}},"38":{"start":{"line":67,"column":16},"end":{"line":67,"column":71}},"39":{"start":{"line":68,"column":4},"end":{"line":74,"column":5}},"40":{"start":{"line":69,"column":23},"end":{"line":69,"column":57}},"41":{"start":{"line":70,"column":8},"end":{"line":70,"column":47}},"42":{"start":{"line":72,"column":8},"end":{"line":72,"column":65}},"43":{"start":{"line":73,"column":8},"end":{"line":73,"column":87}}},"fnMap":{"0":{"name":"(anonymous_0)","decl":{"start":{"line":5,"column":23},"end":{"line":5,"column":24}},"loc":{"start":{"line":5,"column":43},"end":{"line":15,"column":1}},"line":5},"1":{"name":"(anonymous_1)","decl":{"start":{"line":17,"column":32},"end":{"line":17,"column":33}},"loc":{"start":{"line":17,"column":52},"end":{"line":37,"column":1}},"line":17},"2":{"name":"(anonymous_2)","decl":{"start":{"line":39,"column":27},"end":{"line":39,"column":28}},"loc":{"start":{"line":39,"column":47},"end":{"line":50,"column":1}},"line":39},"3":{"name":"(anonymous_3)","decl":{"start":{"line":52,"column":32},"end":{"line":52,"column":33}},"loc":{"start":{"line":52,"column":52},"end":{"line":63,"column":1}},"line":52},"4":{"name":"(anonymous_4)","decl":{"start":{"line":65,"column":29},"end":{"line":65,"column":30}},"loc":{"start":{"line":65,"column":49},"end":{"line":75,"column":1}},"line":65}},"branchMap":{"0":{"loc":{"start":{"line":7,"column":22},"end":{"line":7,"column":72}},"type":"cond-expr","locations":[{"start":{"line":7,"column":56},"end":{"line":7,"column":67}},{"start":{"line":7,"column":70},"end":{"line":7,"column":72}}],"line":7},"1":{"loc":{"start":{"line":8,"column":20},"end":{"line":8,"column":81}},"type":"cond-expr","locations":[{"start":{"line":8,"column":56},"end":{"line":8,"column":69}},{"start":{"line":8,"column":72},"end":{"line":8,"column":81}}],"line":8},"2":{"loc":{"start":{"line":23,"column":8},"end":{"line":30,"column":9}},"type":"if","locations":[{"start":{"line":23,"column":8},"end":{"line":30,"column":9}},{"start":{},"end":{}}],"line":23},"3":{"loc":{"start":{"line":23,"column":12},"end":{"line":23,"column":76}},"type":"binary-expr","locations":[{"start":{"line":23,"column":12},"end":{"line":23,"column":28}},{"start":{"line":23,"column":32},"end":{"line":23,"column":76}}],"line":23},"4":{"loc":{"start":{"line":28,"column":16},"end":{"line":28,"column":57}},"type":"if","locations":[{"start":{"line":28,"column":16},"end":{"line":28,"column":57}},{"start":{},"end":{}}],"line":28},"5":{"loc":{"start":{"line":67,"column":4},"end":{"line":67,"column":71}},"type":"if","locations":[{"start":{"line":67,"column":4},"end":{"line":67,"column":71}},{"start":{},"end":{}}],"line":67}},"s":{"0":1,"1":0,"2":0,"3":0,"4":0,"5":0,"6":0,"7":0,"8":1,"9":0,"10":0,"11":0,"12":0,"13":0,"14":0,"15":0,"16":0,"17":0,"18":0,"19":0,"20":0,"21":0,"22":1,"23":0,"24":0,"25":0,"26":0,"27":0,"28":0,"29":1,"30":0,"31":0,"32":0,"33":0,"34":0,"35":1,"36":0,"37":0,"38":0,"39":0,"40":0,"41":0,"42":0,"43":0},"f":{"0":0,"1":0,"2":0,"3":0,"4":0},"b":{"0":[0,0],"1":[0,0],"2":[0,0],"3":[0,0],"4":[0,0],"5":[0,0]},"_coverageSchema":"1a1c01bbd47fc00a2c39e90264f33305004495a9","hash":"649af99389a2e1e1e3bd664706bf976598579e3f"}
,"E:\\Projects\\TechPulse\\techpulse-backend\\src\\middleware\\auth.js": {"path":"E:\\Projects\\TechPulse\\techpulse-backend\\src\\middleware\\auth.js","statementMap":{"0":{"start":{"line":3,"column":19},"end":{"line":3,"column":63}},"1":{"start":{"line":5,"column":33},"end":{"line":17,"column":1}},"2":{"start":{"line":6,"column":18},"end":{"line":6,"column":98}},"3":{"start":{"line":8,"column":4},"end":{"line":8,"column":95}},"4":{"start":{"line":8,"column":16},"end":{"line":8,"column":95}},"5":{"start":{"line":10,"column":4},"end":{"line":16,"column":5}},"6":{"start":{"line":11,"column":24},"end":{"line":11,"column":53}},"7":{"start":{"line":12,"column":8},"end":{"line":12,"column":27}},"8":{"start":{"line":13,"column":8},"end":{"line":13,"column":15}},"9":{"start":{"line":15,"column":8},"end":{"line":15,"column":94}}},"fnMap":{"0":{"name":"(anonymous_0)","decl":{"start":{"line":5,"column":33},"end":{"line":5,"column":34}},"loc":{"start":{"line":5,"column":53},"end":{"line":17,"column":1}},"line":5}},"branchMap":{"0":{"loc":{"start":{"line":3,"column":19},"end":{"line":3,"column":63}},"type":"binary-expr","locations":[{"start":{"line":3,"column":19},"end":{"line":3,"column":41}},{"start":{"line":3,"column":45},"end":{"line":3,"column":63}}],"line":3},"1":{"loc":{"start":{"line":6,"column":18},"end":{"line":6,"column":98}},"type":"binary-expr","locations":[{"start":{"line":6,"column":18},"end":{"line":6,"column":61}},{"start":{"line":6,"column":65},"end":{"line":6,"column":80}},{"start":{"line":6,"column":84},"end":{"line":6,"column":98}}],"line":6},"2":{"loc":{"start":{"line":8,"column":4},"end":{"line":8,"column":95}},"type":"if","locations":[{"start":{"line":8,"column":4},"end":{"line":8,"column":95}},{"start":{},"end":{}}],"line":8}},"s":{"0":1,"1":1,"2":0,"3":0,"4":0,"5":0,"6":0,"7":0,"8":0,"9":0},"f":{"0":0},"b":{"0":[1,1],"1":[0,0,0],"2":[0,0]},"_coverageSchema":"1a1c01bbd47fc00a2c39e90264f33305004495a9","hash":"725c34583dce9d5026bf3856cd78a46db120d015"}
,"E:\\Projects\\TechPulse\\techpulse-backend\\src\\middleware\\errorHandler.js": {"path":"E:\\Projects\\TechPulse\\techpulse-backend\\src\\middleware\\errorHandler.js","statementMap":{"0":{"start":{"line":5,"column":4},"end":{"line":5,"column":19}},"1":{"start":{"line":6,"column":4},"end":{"line":6,"column":33}},"2":{"start":{"line":7,"column":4},"end":{"line":7,"column":69}},"3":{"start":{"line":8,"column":4},"end":{"line":8,"column":30}},"4":{"start":{"line":10,"column":4},"end":{"line":10,"column":52}},"5":{"start":{"line":14,"column":28},"end":{"line":43,"column":1}},"6":{"start":{"line":15,"column":2},"end":{"line":15,"column":41}},"7":{"start":{"line":16,"column":2},"end":{"line":16,"column":37}},"8":{"start":{"line":18,"column":2},"end":{"line":42,"column":3}},"9":{"start":{"line":19,"column":4},"end":{"line":25,"column":7}},"10":{"start":{"line":28,"column":4},"end":{"line":41,"column":5}},"11":{"start":{"line":29,"column":6},"end":{"line":33,"column":9}},"12":{"start":{"line":35,"column":6},"end":{"line":35,"column":36}},"13":{"start":{"line":36,"column":6},"end":{"line":40,"column":9}}},"fnMap":{"0":{"name":"(anonymous_0)","decl":{"start":{"line":4,"column":2},"end":{"line":4,"column":3}},"loc":{"start":{"line":4,"column":35},"end":{"line":11,"column":3}},"line":4},"1":{"name":"(anonymous_1)","decl":{"start":{"line":14,"column":28},"end":{"line":14,"column":29}},"loc":{"start":{"line":14,"column":53},"end":{"line":43,"column":1}},"line":14}},"branchMap":{"0":{"loc":{"start":{"line":7,"column":18},"end":{"line":7,"column":68}},"type":"cond-expr","locations":[{"start":{"line":7,"column":52},"end":{"line":7,"column":58}},{"start":{"line":7,"column":61},"end":{"line":7,"column":68}}],"line":7},"1":{"loc":{"start":{"line":15,"column":19},"end":{"line":15,"column":40}},"type":"binary-expr","locations":[{"start":{"line":15,"column":19},"end":{"line":15,"column":33}},{"start":{"line":15,"column":37},"end":{"line":15,"column":40}}],"line":15},"2":{"loc":{"start":{"line":16,"column":15},"end":{"line":16,"column":36}},"type":"binary-expr","locations":[{"start":{"line":16,"column":15},"end":{"line":16,"column":25}},{"start":{"line":16,"column":29},"end":{"line":16,"column":36}}],"line":16},"3":{"loc":{"start":{"line":18,"column":2},"end":{"line":42,"column":3}},"type":"if","locations":[{"start":{"line":18,"column":2},"end":{"line":42,"column":3}},{"start":{"line":26,"column":9},"end":{"line":42,"column":3}}],"line":18},"4":{"loc":{"start":{"line":28,"column":4},"end":{"line":41,"column":5}},"type":"if","locations":[{"start":{"line":28,"column":4},"end":{"line":41,"column":5}},{"start":{"line":34,"column":11},"end":{"line":41,"column":5}}],"line":28}},"s":{"0":0,"1":0,"2":0,"3":0,"4":0,"5":1,"6":0,"7":0,"8":0,"9":0,"10":0,"11":0,"12":0,"13":0},"f":{"0":0,"1":0},"b":{"0":[0,0],"1":[0,0],"2":[0,0],"3":[0,0],"4":[0,0]},"_coverageSchema":"1a1c01bbd47fc00a2c39e90264f33305004495a9","hash":"7376018b3c92242d5310c632b059b25facacb362"}
,"E:\\Projects\\TechPulse\\techpulse-backend\\src\\middleware\\validate.js": {"path":"E:\\Projects\\TechPulse\\techpulse-backend\\src\\middleware\\validate.js","statementMap":{"0":{"start":{"line":3,"column":24},"end":{"line":15,"column":1}},"1":{"start":{"line":3,"column":36},"end":{"line":15,"column":1}},"2":{"start":{"line":4,"column":2},"end":{"line":14,"column":3}},"3":{"start":{"line":5,"column":4},"end":{"line":9,"column":7}},"4":{"start":{"line":10,"column":4},"end":{"line":10,"column":11}},"5":{"start":{"line":12,"column":20},"end":{"line":12,"column":67}},"6":{"start":{"line":12,"column":44},"end":{"line":12,"column":55}},"7":{"start":{"line":13,"column":4},"end":{"line":13,"column":44}}},"fnMap":{"0":{"name":"(anonymous_0)","decl":{"start":{"line":3,"column":24},"end":{"line":3,"column":25}},"loc":{"start":{"line":3,"column":36},"end":{"line":15,"column":1}},"line":3},"1":{"name":"(anonymous_1)","decl":{"start":{"line":3,"column":36},"end":{"line":3,"column":37}},"loc":{"start":{"line":3,"column":56},"end":{"line":15,"column":1}},"line":3},"2":{"name":"(anonymous_2)","decl":{"start":{"line":12,"column":37},"end":{"line":12,"column":38}},"loc":{"start":{"line":12,"column":44},"end":{"line":12,"column":55}},"line":12}},"branchMap":{},"s":{"0":1,"1":6,"2":0,"3":0,"4":0,"5":0,"6":0,"7":0},"f":{"0":6,"1":0,"2":0},"b":{},"_coverageSchema":"1a1c01bbd47fc00a2c39e90264f33305004495a9","hash":"9beb7cea13c09baa4a0811dcfc99d7afdade4770"}
,"E:\\Projects\\TechPulse\\techpulse-backend\\src\\routes\\analysisRoutes.js": {"path":"E:\\Projects\\TechPulse\\techpulse-backend\\src\\routes\\analysisRoutes.js","statementMap":{"0":{"start":{"line":7,"column":15},"end":{"line":7,"column":31}},"1":{"start":{"line":10,"column":21},"end":{"line":14,"column":1}},"2":{"start":{"line":11,"column":18},"end":{"line":11,"column":98}},"3":{"start":{"line":12,"column":4},"end":{"line":12,"column":56}},"4":{"start":{"line":12,"column":15},"end":{"line":12,"column":56}},"5":{"start":{"line":13,"column":4},"end":{"line":13,"column":11}},"6":{"start":{"line":16,"column":0},"end":{"line":16,"column":84}},"7":{"start":{"line":17,"column":0},"end":{"line":17,"column":49}},"8":{"start":{"line":18,"column":0},"end":{"line":18,"column":35}},"9":{"start":{"line":19,"column":0},"end":{"line":19,"column":77}}},"fnMap":{"0":{"name":"(anonymous_0)","decl":{"start":{"line":10,"column":21},"end":{"line":10,"column":22}},"loc":{"start":{"line":10,"column":41},"end":{"line":14,"column":1}},"line":10}},"branchMap":{"0":{"loc":{"start":{"line":11,"column":18},"end":{"line":11,"column":98}},"type":"binary-expr","locations":[{"start":{"line":11,"column":18},"end":{"line":11,"column":61}},{"start":{"line":11,"column":65},"end":{"line":11,"column":80}},{"start":{"line":11,"column":84},"end":{"line":11,"column":98}}],"line":11},"1":{"loc":{"start":{"line":12,"column":4},"end":{"line":12,"column":56}},"type":"if","locations":[{"start":{"line":12,"column":4},"end":{"line":12,"column":56}},{"start":{},"end":{}}],"line":12}},"s":{"0":1,"1":1,"2":0,"3":0,"4":0,"5":0,"6":1,"7":1,"8":1,"9":1},"f":{"0":0},"b":{"0":[0,0,0],"1":[0,0]},"_coverageSchema":"1a1c01bbd47fc00a2c39e90264f33305004495a9","hash":"c392051d24535fd7ef8e965956422093deb3a490"}
,"E:\\Projects\\TechPulse\\techpulse-backend\\src\\routes\\authRoutes.js": {"path":"E:\\Projects\\TechPulse\\techpulse-backend\\src\\routes\\authRoutes.js","statementMap":{"0":{"start":{"line":6,"column":15},"end":{"line":6,"column":31}},"1":{"start":{"line":34,"column":0},"end":{"line":34,"column":53}},"2":{"start":{"line":62,"column":0},"end":{"line":62,"column":51}}},"fnMap":{},"branchMap":{},"s":{"0":1,"1":1,"2":1},"f":{},"b":{},"_coverageSchema":"1a1c01bbd47fc00a2c39e90264f33305004495a9","hash":"29104b8bc67e405747aad48fc36c8e9d1001bc5f"}
,"E:\\Projects\\TechPulse\\techpulse-backend\\src\\routes\\feedRoutes.js": {"path":"E:\\Projects\\TechPulse\\techpulse-backend\\src\\routes\\feedRoutes.js","statementMap":{"0":{"start":{"line":7,"column":15},"end":{"line":7,"column":31}},"1":{"start":{"line":9,"column":0},"end":{"line":9,"column":29}},"2":{"start":{"line":10,"column":0},"end":{"line":10,"column":45}},"3":{"start":{"line":11,"column":0},"end":{"line":11,"column":71}},"4":{"start":{"line":12,"column":0},"end":{"line":12,"column":90}},"5":{"start":{"line":13,"column":0},"end":{"line":13,"column":67}}},"fnMap":{},"branchMap":{},"s":{"0":1,"1":1,"2":1,"3":1,"4":1,"5":1},"f":{},"b":{},"_coverageSchema":"1a1c01bbd47fc00a2c39e90264f33305004495a9","hash":"71e818868e28a89800300242b842be9d543aa2ec"}
,"E:\\Projects\\TechPulse\\techpulse-backend\\src\\routes\\index.js": {"path":"E:\\Projects\\TechPulse\\techpulse-backend\\src\\routes\\index.js","statementMap":{"0":{"start":{"line":6,"column":15},"end":{"line":6,"column":31}},"1":{"start":{"line":8,"column":0},"end":{"line":8,"column":31}},"2":{"start":{"line":9,"column":0},"end":{"line":9,"column":31}},"3":{"start":{"line":10,"column":0},"end":{"line":10,"column":35}}},"fnMap":{},"branchMap":{},"s":{"0":1,"1":1,"2":1,"3":1},"f":{},"b":{},"_coverageSchema":"1a1c01bbd47fc00a2c39e90264f33305004495a9","hash":"6aa8052f54a5d5c6c93038a98c7e12182db4b482"}
,"E:\\Projects\\TechPulse\\techpulse-backend\\src\\services\\aiService.js": {"path":"E:\\Projects\\TechPulse\\techpulse-backend\\src\\services\\aiService.js","statementMap":{"0":{"start":{"line":3,"column":25},"end":{"line":19,"column":1}},"1":{"start":{"line":5,"column":4},"end":{"line":17,"column":5}},"2":{"start":{"line":5,"column":17},"end":{"line":5,"column":18}},"3":{"start":{"line":6,"column":8},"end":{"line":16,"column":9}},"4":{"start":{"line":7,"column":12},"end":{"line":7,"column":30}},"5":{"start":{"line":9,"column":12},"end":{"line":9,"column":30}},"6":{"start":{"line":10,"column":32},"end":{"line":10,"column":104}},"7":{"start":{"line":11,"column":12},"end":{"line":11,"column":66}},"8":{"start":{"line":11,"column":54},"end":{"line":11,"column":66}},"9":{"start":{"line":13,"column":26},"end":{"line":13,"column":55}},"10":{"start":{"line":14,"column":12},"end":{"line":14,"column":109}},"11":{"start":{"line":15,"column":12},"end":{"line":15,"column":61}},"12":{"start":{"line":15,"column":37},"end":{"line":15,"column":59}},"13":{"start":{"line":18,"column":4},"end":{"line":18,"column":20}},"14":{"start":{"line":21,"column":30},"end":{"line":36,"column":1}},"15":{"start":{"line":22,"column":4},"end":{"line":35,"column":5}},"16":{"start":{"line":23,"column":8},"end":{"line":23,"column":72}},"17":{"start":{"line":24,"column":22},"end":{"line":24,"column":134}},"18":{"start":{"line":25,"column":23},"end":{"line":25,"column":41}},"19":{"start":{"line":27,"column":8},"end":{"line":31,"column":12}},"20":{"start":{"line":27,"column":39},"end":{"line":31,"column":9}},"21":{"start":{"line":33,"column":8},"end":{"line":33,"column":67}},"22":{"start":{"line":34,"column":8},"end":{"line":34,"column":18}},"23":{"start":{"line":38,"column":34},"end":{"line":71,"column":1}},"24":{"start":{"line":39,"column":19},"end":{"line":61,"column":5}},"25":{"start":{"line":63,"column":23},"end":{"line":68,"column":6}},"26":{"start":{"line":70,"column":4},"end":{"line":70,"column":61}},"27":{"start":{"line":73,"column":35},"end":{"line":105,"column":1}},"28":{"start":{"line":74,"column":19},"end":{"line":94,"column":5}},"29":{"start":{"line":78,"column":59},"end":{"line":78,"column":65}},"30":{"start":{"line":96,"column":4},"end":{"line":104,"column":7}},"31":{"start":{"line":97,"column":8},"end":{"line":103,"column":11}},"32":{"start":{"line":107,"column":37},"end":{"line":126,"column":1}},"33":{"start":{"line":108,"column":19},"end":{"line":116,"column":5}},"34":{"start":{"line":118,"column":23},"end":{"line":123,"column":6}},"35":{"start":{"line":125,"column":4},"end":{"line":125,"column":61}}},"fnMap":{"0":{"name":"(anonymous_0)","decl":{"start":{"line":3,"column":25},"end":{"line":3,"column":26}},"loc":{"start":{"line":3,"column":76},"end":{"line":19,"column":1}},"line":3},"1":{"name":"(anonymous_1)","decl":{"start":{"line":15,"column":30},"end":{"line":15,"column":31}},"loc":{"start":{"line":15,"column":37},"end":{"line":15,"column":59}},"line":15},"2":{"name":"(anonymous_2)","decl":{"start":{"line":21,"column":30},"end":{"line":21,"column":31}},"loc":{"start":{"line":21,"column":46},"end":{"line":36,"column":1}},"line":21},"3":{"name":"(anonymous_3)","decl":{"start":{"line":27,"column":31},"end":{"line":27,"column":32}},"loc":{"start":{"line":27,"column":39},"end":{"line":31,"column":9}},"line":27},"4":{"name":"(anonymous_4)","decl":{"start":{"line":38,"column":34},"end":{"line":38,"column":35}},"loc":{"start":{"line":38,"column":64},"end":{"line":71,"column":1}},"line":38},"5":{"name":"(anonymous_5)","decl":{"start":{"line":73,"column":35},"end":{"line":73,"column":36}},"loc":{"start":{"line":73,"column":75},"end":{"line":105,"column":1}},"line":73},"6":{"name":"(anonymous_6)","decl":{"start":{"line":78,"column":54},"end":{"line":78,"column":55}},"loc":{"start":{"line":78,"column":59},"end":{"line":78,"column":65}},"line":78},"7":{"name":"(anonymous_7)","decl":{"start":{"line":96,"column":27},"end":{"line":96,"column":28}},"loc":{"start":{"line":96,"column":39},"end":{"line":104,"column":5}},"line":96},"8":{"name":"(anonymous_8)","decl":{"start":{"line":107,"column":37},"end":{"line":107,"column":38}},"loc":{"start":{"line":107,"column":54},"end":{"line":126,"column":1}},"line":107}},"branchMap":{"0":{"loc":{"start":{"line":3,"column":36},"end":{"line":3,"column":50}},"type":"default-arg","locations":[{"start":{"line":3,"column":49},"end":{"line":3,"column":50}}],"line":3},"1":{"loc":{"start":{"line":3,"column":52},"end":{"line":3,"column":71}},"type":"default-arg","locations":[{"start":{"line":3,"column":67},"end":{"line":3,"column":71}}],"line":3},"2":{"loc":{"start":{"line":10,"column":32},"end":{"line":10,"column":104}},"type":"binary-expr","locations":[{"start":{"line":10,"column":32},"end":{"line":10,"column":52}},{"start":{"line":10,"column":57},"end":{"line":10,"column":70}},{"start":{"line":10,"column":74},"end":{"line":10,"column":103}}],"line":10},"3":{"loc":{"start":{"line":11,"column":12},"end":{"line":11,"column":66}},"type":"if","locations":[{"start":{"line":11,"column":12},"end":{"line":11,"column":66}},{"start":{},"end":{}}],"line":11},"4":{"loc":{"start":{"line":11,"column":16},"end":{"line":11,"column":52}},"type":"binary-expr","locations":[{"start":{"line":11,"column":16},"end":{"line":11,"column":28}},{"start":{"line":11,"column":32},"end":{"line":11,"column":52}}],"line":11}},"s":{"0":1,"1":0,"2":0,"3":0,"4":0,"5":0,"6":0,"7":0,"8":0,"9":0,"10":0,"11":0,"12":0,"13":0,"14":1,"15":0,"16":0,"17":0,"18":0,"19":0,"20":0,"21":0,"22":0,"23":1,"24":0,"25":0,"26":0,"27":1,"28":0,"29":0,"30":0,"31":0,"32":1,"33":0,"34":0,"35":0},"f":{"0":0,"1":0,"2":0,"3":0,"4":0,"5":0,"6":0,"7":0,"8":0},"b":{"0":[0],"1":[0],"2":[0,0,0],"3":[0,0],"4":[0,0]},"_coverageSchema":"1a1c01bbd47fc00a2c39e90264f33305004495a9","hash":"4964b695fb081d2e373589c69742a5fd60ed3370"}
,"E:\\Projects\\TechPulse\\techpulse-backend\\src\\services\\cronService.js": {"path":"E:\\Projects\\TechPulse\\techpulse-backend\\src\\services\\cronService.js","statementMap":{"0":{"start":{"line":4,"column":28},"end":{"line":18,"column":1}},"1":{"start":{"line":5,"column":4},"end":{"line":17,"column":7}},"2":{"start":{"line":6,"column":8},"end":{"line":16,"column":9}},"3":{"start":{"line":7,"column":31},"end":{"line":7,"column":67}},"4":{"start":{"line":8,"column":12},"end":{"line":13,"column":13}},"5":{"start":{"line":9,"column":16},"end":{"line":12,"column":19}},"6":{"start":{"line":15,"column":12},"end":{"line":15,"column":58}}},"fnMap":{"0":{"name":"(anonymous_0)","decl":{"start":{"line":4,"column":28},"end":{"line":4,"column":29}},"loc":{"start":{"line":4,"column":34},"end":{"line":18,"column":1}},"line":4},"1":{"name":"(anonymous_1)","decl":{"start":{"line":5,"column":31},"end":{"line":5,"column":32}},"loc":{"start":{"line":5,"column":43},"end":{"line":17,"column":5}},"line":5}},"branchMap":{},"s":{"0":1,"1":0,"2":0,"3":0,"4":0,"5":0,"6":0},"f":{"0":0,"1":0},"b":{},"_coverageSchema":"1a1c01bbd47fc00a2c39e90264f33305004495a9","hash":"93aeca095b557c2d5eaeb508498453d1d4fb9390"}
,"E:\\Projects\\TechPulse\\techpulse-backend\\src\\services\\newsService.js": {"path":"E:\\Projects\\TechPulse\\techpulse-backend\\src\\services\\newsService.js","statementMap":{"0":{"start":{"line":1,"column":30},"end":{"line":109,"column":1}},"1":{"start":{"line":2,"column":4},"end":{"line":108,"column":5}},"2":{"start":{"line":3,"column":32},"end":{"line":3,"column":58}},"3":{"start":{"line":4,"column":29},"end":{"line":4,"column":82}},"4":{"start":{"line":5,"column":25},"end":{"line":7,"column":61}},"5":{"start":{"line":8,"column":22},"end":{"line":10,"column":83}},"6":{"start":{"line":11,"column":26},"end":{"line":13,"column":70}},"7":{"start":{"line":15,"column":26},"end":{"line":17,"column":170}},"8":{"start":{"line":19,"column":56},"end":{"line":28,"column":10}},"9":{"start":{"line":30,"column":26},"end":{"line":30,"column":47}},"10":{"start":{"line":31,"column":23},"end":{"line":31,"column":41}},"11":{"start":{"line":32,"column":27},"end":{"line":32,"column":49}},"12":{"start":{"line":33,"column":27},"end":{"line":33,"column":49}},"13":{"start":{"line":35,"column":27},"end":{"line":46,"column":16}},"14":{"start":{"line":35,"column":77},"end":{"line":46,"column":9}},"15":{"start":{"line":48,"column":24},"end":{"line":59,"column":16}},"16":{"start":{"line":48,"column":77},"end":{"line":59,"column":9}},"17":{"start":{"line":61,"column":28},"end":{"line":72,"column":16}},"18":{"start":{"line":61,"column":111},"end":{"line":72,"column":9}},"19":{"start":{"line":74,"column":28},"end":{"line":85,"column":16}},"20":{"start":{"line":74,"column":93},"end":{"line":85,"column":9}},"21":{"start":{"line":87,"column":23},"end":{"line":89,"column":74}},"22":{"start":{"line":88,"column":28},"end":{"line":88,"column":50}},"23":{"start":{"line":89,"column":28},"end":{"line":89,"column":73}},"24":{"start":{"line":91,"column":8},"end":{"line":99,"column":9}},"25":{"start":{"line":92,"column":12},"end":{"line":94,"column":13}},"26":{"start":{"line":93,"column":16},"end":{"line":93,"column":85}},"27":{"start":{"line":93,"column":50},"end":{"line":93,"column":83}},"28":{"start":{"line":95,"column":12},"end":{"line":97,"column":13}},"29":{"start":{"line":96,"column":16},"end":{"line":96,"column":97}},"30":{"start":{"line":96,"column":50},"end":{"line":96,"column":95}},"31":{"start":{"line":98,"column":12},"end":{"line":98,"column":26}},"32":{"start":{"line":101,"column":8},"end":{"line":104,"column":11}},"33":{"start":{"line":102,"column":29},"end":{"line":102,"column":124}},"34":{"start":{"line":103,"column":12},"end":{"line":103,"column":54}},"35":{"start":{"line":106,"column":8},"end":{"line":106,"column":64}},"36":{"start":{"line":107,"column":8},"end":{"line":107,"column":18}}},"fnMap":{"0":{"name":"(anonymous_0)","decl":{"start":{"line":1,"column":30},"end":{"line":1,"column":31}},"loc":{"start":{"line":1,"column":78},"end":{"line":109,"column":1}},"line":1},"1":{"name":"(anonymous_1)","decl":{"start":{"line":35,"column":68},"end":{"line":35,"column":69}},"loc":{"start":{"line":35,"column":77},"end":{"line":46,"column":9}},"line":35},"2":{"name":"(anonymous_2)","decl":{"start":{"line":48,"column":69},"end":{"line":48,"column":70}},"loc":{"start":{"line":48,"column":77},"end":{"line":59,"column":9}},"line":48},"3":{"name":"(anonymous_3)","decl":{"start":{"line":61,"column":101},"end":{"line":61,"column":102}},"loc":{"start":{"line":61,"column":111},"end":{"line":72,"column":9}},"line":61},"4":{"name":"(anonymous_4)","decl":{"start":{"line":74,"column":84},"end":{"line":74,"column":85}},"loc":{"start":{"line":74,"column":93},"end":{"line":85,"column":9}},"line":74},"5":{"name":"(anonymous_5)","decl":{"start":{"line":88,"column":20},"end":{"line":88,"column":21}},"loc":{"start":{"line":88,"column":28},"end":{"line":88,"column":50}},"line":88},"6":{"name":"(anonymous_6)","decl":{"start":{"line":89,"column":18},"end":{"line":89,"column":19}},"loc":{"start":{"line":89,"column":28},"end":{"line":89,"column":73}},"line":89},"7":{"name":"(anonymous_7)","decl":{"start":{"line":93,"column":40},"end":{"line":93,"column":41}},"loc":{"start":{"line":93,"column":50},"end":{"line":93,"column":83}},"line":93},"8":{"name":"(anonymous_8)","decl":{"start":{"line":96,"column":40},"end":{"line":96,"column":41}},"loc":{"start":{"line":96,"column":50},"end":{"line":96,"column":95}},"line":96},"9":{"name":"(anonymous_9)","decl":{"start":{"line":101,"column":29},"end":{"line":101,"column":30}},"loc":{"start":{"line":101,"column":37},"end":{"line":104,"column":9}},"line":101}},"branchMap":{"0":{"loc":{"start":{"line":1,"column":37},"end":{"line":1,"column":73}},"type":"default-arg","locations":[{"start":{"line":1,"column":71},"end":{"line":1,"column":73}}],"line":1},"1":{"loc":{"start":{"line":1,"column":39},"end":{"line":1,"column":49}},"type":"default-arg","locations":[{"start":{"line":1,"column":47},"end":{"line":1,"column":49}}],"line":1},"2":{"loc":{"start":{"line":1,"column":51},"end":{"line":1,"column":66}},"type":"default-arg","locations":[{"start":{"line":1,"column":57},"end":{"line":1,"column":66}}],"line":1},"3":{"loc":{"start":{"line":4,"column":29},"end":{"line":4,"column":82}},"type":"binary-expr","locations":[{"start":{"line":4,"column":29},"end":{"line":4,"column":76}},{"start":{"line":4,"column":80},"end":{"line":4,"column":82}}],"line":4},"4":{"loc":{"start":{"line":5,"column":25},"end":{"line":7,"column":61}},"type":"cond-expr","locations":[{"start":{"line":6,"column":14},"end":{"line":6,"column":95}},{"start":{"line":7,"column":14},"end":{"line":7,"column":61}}],"line":5},"5":{"loc":{"start":{"line":8,"column":22},"end":{"line":10,"column":83}},"type":"cond-expr","locations":[{"start":{"line":9,"column":14},"end":{"line":9,"column":123}},{"start":{"line":10,"column":14},"end":{"line":10,"column":83}}],"line":8},"6":{"loc":{"start":{"line":11,"column":26},"end":{"line":13,"column":70}},"type":"cond-expr","locations":[{"start":{"line":12,"column":14},"end":{"line":12,"column":137}},{"start":{"line":13,"column":14},"end":{"line":13,"column":70}}],"line":11},"7":{"loc":{"start":{"line":15,"column":26},"end":{"line":17,"column":170}},"type":"cond-expr","locations":[{"start":{"line":16,"column":14},"end":{"line":16,"column":122}},{"start":{"line":17,"column":14},"end":{"line":17,"column":170}}],"line":15},"8":{"loc":{"start":{"line":35,"column":27},"end":{"line":46,"column":16}},"type":"cond-expr","locations":[{"start":{"line":35,"column":54},"end":{"line":46,"column":11}},{"start":{"line":46,"column":14},"end":{"line":46,"column":16}}],"line":35},"9":{"loc":{"start":{"line":38,"column":25},"end":{"line":38,"column":47}},"type":"binary-expr","locations":[{"start":{"line":38,"column":25},"end":{"line":38,"column":41}},{"start":{"line":38,"column":45},"end":{"line":38,"column":47}}],"line":38},"10":{"loc":{"start":{"line":40,"column":19},"end":{"line":40,"column":56}},"type":"binary-expr","locations":[{"start":{"line":40,"column":19},"end":{"line":40,"column":35}},{"start":{"line":40,"column":39},"end":{"line":40,"column":56}}],"line":40},"11":{"loc":{"start":{"line":42,"column":20},"end":{"line":42,"column":48}},"type":"binary-expr","locations":[{"start":{"line":42,"column":20},"end":{"line":42,"column":35}},{"start":{"line":42,"column":39},"end":{"line":42,"column":48}}],"line":42},"12":{"loc":{"start":{"line":43,"column":18},"end":{"line":43,"column":37}},"type":"binary-expr","locations":[{"start":{"line":43,"column":18},"end":{"line":43,"column":31}},{"start":{"line":43,"column":35},"end":{"line":43,"column":37}}],"line":43},"13":{"loc":{"start":{"line":45,"column":20},"end":{"line":45,"column":52}},"type":"binary-expr","locations":[{"start":{"line":45,"column":20},"end":{"line":45,"column":47}},{"start":{"line":45,"column":51},"end":{"line":45,"column":52}}],"line":45},"14":{"loc":{"start":{"line":48,"column":24},"end":{"line":59,"column":16}},"type":"cond-expr","locations":[{"start":{"line":48,"column":53},"end":{"line":59,"column":11}},{"start":{"line":59,"column":14},"end":{"line":59,"column":16}}],"line":48},"15":{"loc":{"start":{"line":50,"column":19},"end":{"line":50,"column":61}},"type":"binary-expr","locations":[{"start":{"line":50,"column":19},"end":{"line":50,"column":28}},{"start":{"line":50,"column":32},"end":{"line":50,"column":47}},{"start":{"line":50,"column":51},"end":{"line":50,"column":61}}],"line":50},"16":{"loc":{"start":{"line":51,"column":58},"end":{"line":51,"column":79}},"type":"binary-expr","locations":[{"start":{"line":51,"column":58},"end":{"line":51,"column":74}},{"start":{"line":51,"column":78},"end":{"line":51,"column":79}}],"line":51},"17":{"loc":{"start":{"line":52,"column":17},"end":{"line":52,"column":82}},"type":"binary-expr","locations":[{"start":{"line":52,"column":17},"end":{"line":52,"column":24}},{"start":{"line":52,"column":28},"end":{"line":52,"column":82}}],"line":52},"18":{"loc":{"start":{"line":55,"column":20},"end":{"line":55,"column":43}},"type":"binary-expr","locations":[{"start":{"line":55,"column":20},"end":{"line":55,"column":30}},{"start":{"line":55,"column":34},"end":{"line":55,"column":43}}],"line":55},"19":{"loc":{"start":{"line":58,"column":20},"end":{"line":58,"column":35}},"type":"binary-expr","locations":[{"start":{"line":58,"column":20},"end":{"line":58,"column":30}},{"start":{"line":58,"column":34},"end":{"line":58,"column":35}}],"line":58},"20":{"loc":{"start":{"line":61,"column":28},"end":{"line":72,"column":16}},"type":"cond-expr","locations":[{"start":{"line":61,"column":72},"end":{"line":72,"column":11}},{"start":{"line":72,"column":14},"end":{"line":72,"column":16}}],"line":61},"21":{"loc":{"start":{"line":66,"column":19},"end":{"line":66,"column":89}},"type":"cond-expr","locations":[{"start":{"line":66,"column":62},"end":{"line":66,"column":82}},{"start":{"line":66,"column":85},"end":{"line":66,"column":89}}],"line":66},"22":{"loc":{"start":{"line":71,"column":20},"end":{"line":71,"column":39}},"type":"binary-expr","locations":[{"start":{"line":71,"column":20},"end":{"line":71,"column":34}},{"start":{"line":71,"column":38},"end":{"line":71,"column":39}}],"line":71},"23":{"loc":{"start":{"line":74,"column":28},"end":{"line":85,"column":16}},"type":"cond-expr","locations":[{"start":{"line":74,"column":63},"end":{"line":85,"column":11}},{"start":{"line":85,"column":14},"end":{"line":85,"column":16}}],"line":74},"24":{"loc":{"start":{"line":77,"column":25},"end":{"line":77,"column":77}},"type":"binary-expr","locations":[{"start":{"line":77,"column":25},"end":{"line":77,"column":41}},{"start":{"line":77,"column":45},"end":{"line":77,"column":77}}],"line":77},"25":{"loc":{"start":{"line":79,"column":19},"end":{"line":79,"column":49}},"type":"binary-expr","locations":[{"start":{"line":79,"column":19},"end":{"line":79,"column":41}},{"start":{"line":79,"column":45},"end":{"line":79,"column":49}}],"line":79},"26":{"loc":{"start":{"line":81,"column":20},"end":{"line":81,"column":50}},"type":"binary-expr","locations":[{"start":{"line":81,"column":20},"end":{"line":81,"column":37}},{"start":{"line":81,"column":41},"end":{"line":81,"column":50}}],"line":81},"27":{"loc":{"start":{"line":82,"column":29},"end":{"line":82,"column":52}},"type":"binary-expr","locations":[{"start":{"line":82,"column":29},"end":{"line":82,"column":42}},{"start":{"line":82,"column":46},"end":{"line":82,"column":52}}],"line":82},"28":{"loc":{"start":{"line":84,"column":20},"end":{"line":84,"column":46}},"type":"binary-expr","locations":[{"start":{"line":84,"column":20},"end":{"line":84,"column":41}},{"start":{"line":84,"column":45},"end":{"line":84,"column":46}}],"line":84},"29":{"loc":{"start":{"line":88,"column":28},"end":{"line":88,"column":50}},"type":"binary-expr","locations":[{"start":{"line":88,"column":28},"end":{"line":88,"column":38}},{"start":{"line":88,"column":42},"end":{"line":88,"column":50}}],"line":88},"30":{"loc":{"start":{"line":91,"column":8},"end":{"line":99,"column":9}},"type":"if","locations":[{"start":{"line":91,"column":8},"end":{"line":99,"column":9}},{"start":{},"end":{}}],"line":91},"31":{"loc":{"start":{"line":92,"column":12},"end":{"line":94,"column":13}},"type":"if","locations":[{"start":{"line":92,"column":12},"end":{"line":94,"column":13}},{"start":{},"end":{}}],"line":92},"32":{"loc":{"start":{"line":93,"column":51},"end":{"line":93,"column":64}},"type":"binary-expr","locations":[{"start":{"line":93,"column":51},"end":{"line":93,"column":59}},{"start":{"line":93,"column":63},"end":{"line":93,"column":64}}],"line":93},"33":{"loc":{"start":{"line":93,"column":69},"end":{"line":93,"column":82}},"type":"binary-expr","locations":[{"start":{"line":93,"column":69},"end":{"line":93,"column":77}},{"start":{"line":93,"column":81},"end":{"line":93,"column":82}}],"line":93},"34":{"loc":{"start":{"line":95,"column":12},"end":{"line":97,"column":13}},"type":"if","locations":[{"start":{"line":95,"column":12},"end":{"line":97,"column":13}},{"start":{},"end":{}}],"line":95},"35":{"loc":{"start":{"line":102,"column":82},"end":{"line":102,"column":97}},"type":"binary-expr","locations":[{"start":{"line":102,"column":82},"end":{"line":102,"column":91}},{"start":{"line":102,"column":95},"end":{"line":102,"column":97}}],"line":102}},"s":{"0":1,"1":0,"2":0,"3":0,"4":0,"5":0,"6":0,"7":0,"8":0,"9":0,"10":0,"11":0,"12":0,"13":0,"14":0,"15":0,"16":0,"17":0,"18":0,"19":0,"20":0,"21":0,"22":0,"23":0,"24":0,"25":0,"26":0,"27":0,"28":0,"29":0,"30":0,"31":0,"32":0,"33":0,"34":0,"35":0,"36":0},"f":{"0":0,"1":0,"2":0,"3":0,"4":0,"5":0,"6":0,"7":0,"8":0,"9":0},"b":{"0":[0],"1":[0],"2":[0],"3":[0,0],"4":[0,0],"5":[0,0],"6":[0,0],"7":[0,0],"8":[0,0],"9":[0,0],"10":[0,0],"11":[0,0],"12":[0,0],"13":[0,0],"14":[0,0],"15":[0,0,0],"16":[0,0],"17":[0,0],"18":[0,0],"19":[0,0],"20":[0,0],"21":[0,0],"22":[0,0],"23":[0,0],"24":[0,0],"25":[0,0],"26":[0,0],"27":[0,0],"28":[0,0],"29":[0,0],"30":[0,0],"31":[0,0],"32":[0,0],"33":[0,0],"34":[0,0],"35":[0,0]},"_coverageSchema":"1a1c01bbd47fc00a2c39e90264f33305004495a9","hash":"15ba628f3948e5e6a52a2d0d3fa4f42682f8be70"}
,"E:\\Projects\\TechPulse\\techpulse-backend\\src\\utils\\validation.js": {"path":"E:\\Projects\\TechPulse\\techpulse-backend\\src\\utils\\validation.js","statementMap":{"0":{"start":{"line":3,"column":26},"end":{"line":8,"column":2}},"1":{"start":{"line":10,"column":31},"end":{"line":16,"column":2}},"2":{"start":{"line":18,"column":33},"end":{"line":25,"column":2}},"3":{"start":{"line":27,"column":35},"end":{"line":31,"column":2}},"4":{"start":{"line":33,"column":34},"end":{"line":37,"column":2}}},"fnMap":{},"branchMap":{},"s":{"0":1,"1":1,"2":1,"3":1,"4":1},"f":{},"b":{},"_coverageSchema":"1a1c01bbd47fc00a2c39e90264f33305004495a9","hash":"a512aba33662bb233a4e892b3d3c38c2eefe5f71"}
}
