{"D:\\AI-Projects\\TechPulse\\techpulse-backend\\server.js": {"path":"D:\\AI-Projects\\TechPulse\\techpulse-backend\\server.js","statementMap":{"0":{"start":{"line":18,"column":0},"end":{"line":18,"column":null}},"1":{"start":{"line":20,"column":6},"end":{"line":20,"column":21}},"2":{"start":{"line":21,"column":6},"end":{"line":21,"column":36}},"3":{"start":{"line":24,"column":0},"end":{"line":24,"column":null}},"4":{"start":{"line":32,"column":0},"end":{"line":32,"column":null}},"5":{"start":{"line":39,"column":0},"end":{"line":39,"column":null}},"6":{"start":{"line":45,"column":20},"end":{"line":53,"column":null}},"7":{"start":{"line":54,"column":0},"end":{"line":54,"column":null}},"8":{"start":{"line":61,"column":6},"end":{"line":67,"column":2}},"9":{"start":{"line":70,"column":0},"end":{"line":70,"column":null}},"10":{"start":{"line":72,"column":0},"end":{"line":72,"column":null}},"11":{"start":{"line":73,"column":0},"end":{"line":73,"column":null}},"12":{"start":{"line":74,"column":0},"end":{"line":74,"column":null}},"13":{"start":{"line":77,"column":0},"end":{"line":77,"column":null}},"14":{"start":{"line":80,"column":0},"end":{"line":80,"column":null}},"15":{"start":{"line":83,"column":0},"end":{"line":88,"column":null}},"16":{"start":{"line":84,"column":4},"end":{"line":87,"column":null}},"17":{"start":{"line":91,"column":0},"end":{"line":91,"column":null}},"18":{"start":{"line":95,"column":13},"end":{"line":95,"column":null}},"19":{"start":{"line":98,"column":0},"end":{"line":103,"column":null}},"20":{"start":{"line":100,"column":4},"end":{"line":100,"column":null}},"21":{"start":{"line":101,"column":4},"end":{"line":103,"column":null}},"22":{"start":{"line":102,"column":8},"end":{"line":102,"column":null}}},"fnMap":{"0":{"name":"(anonymous_0)","decl":{"start":{"line":83,"column":8},"end":{"line":83,"column":14}},"loc":{"start":{"line":83,"column":27},"end":{"line":88,"column":null}},"line":83},"1":{"name":"(anonymous_1)","decl":{"start":{"line":101,"column":22},"end":{"line":101,"column":34}},"loc":{"start":{"line":101,"column":34},"end":{"line":103,"column":null}},"line":101}},"branchMap":{"0":{"loc":{"start":{"line":95,"column":13},"end":{"line":95,"column":null}},"type":"binary-expr","locations":[{"start":{"line":95,"column":13},"end":{"line":95,"column":33}},{"start":{"line":95,"column":33},"end":{"line":95,"column":null}}],"line":95},"1":{"loc":{"start":{"line":98,"column":0},"end":{"line":103,"column":null}},"type":"if","locations":[{"start":{"line":98,"column":0},"end":{"line":103,"column":null}},{"start":{},"end":{}}],"line":98}},"s":{"0":1,"1":1,"2":1,"3":1,"4":1,"5":1,"6":1,"7":1,"8":1,"9":1,"10":1,"11":1,"12":1,"13":1,"14":1,"15":1,"16":2,"17":1,"18":1,"19":1,"20":0,"21":0,"22":0},"f":{"0":2,"1":0},"b":{"0":[1,0],"1":[0,1]},"meta":{"lastBranch":2,"lastFunction":2,"lastStatement":23,"seen":{"s:18:0:18:Infinity":0,"s:20:6:20:21":1,"s:21:6:21:36":2,"s:24:0:24:Infinity":3,"s:32:0:32:Infinity":4,"s:39:0:39:Infinity":5,"s:45:20:53:Infinity":6,"s:54:0:54:Infinity":7,"s:61:6:67:2":8,"s:70:0:70:Infinity":9,"s:72:0:72:Infinity":10,"s:73:0:73:Infinity":11,"s:74:0:74:Infinity":12,"s:77:0:77:Infinity":13,"s:80:0:80:Infinity":14,"s:83:0:88:Infinity":15,"f:83:8:83:14":0,"s:84:4:87:Infinity":16,"s:91:0:91:Infinity":17,"s:95:13:95:Infinity":18,"b:95:13:95:33:95:33:95:Infinity":0,"b:98:0:103:Infinity:undefined:undefined:undefined:undefined":1,"s:98:0:103:Infinity":19,"s:100:4:100:Infinity":20,"s:101:4:103:Infinity":21,"f:101:22:101:34":1,"s:102:8:102:Infinity":22}}}
,"D:\\AI-Projects\\TechPulse\\techpulse-backend\\src\\config\\logger.js": {"path":"D:\\AI-Projects\\TechPulse\\techpulse-backend\\src\\config\\logger.js","statementMap":{"0":{"start":{"line":3,"column":15},"end":{"line":24,"column":2}}},"fnMap":{},"branchMap":{"0":{"loc":{"start":{"line":4,"column":9},"end":{"line":4,"column":40}},"type":"binary-expr","locations":[{"start":{"line":4,"column":9},"end":{"line":4,"column":30}},{"start":{"line":4,"column":34},"end":{"line":4,"column":40}}],"line":4}},"s":{"0":1},"f":{},"b":{"0":[1,1]},"meta":{"lastBranch":1,"lastFunction":0,"lastStatement":1,"seen":{"s:3:15:24:2":0,"b:4:9:4:30:4:34:4:40":0}}}
,"D:\\AI-Projects\\TechPulse\\techpulse-backend\\src\\config\\prisma.js": {"path":"D:\\AI-Projects\\TechPulse\\techpulse-backend\\src\\config\\prisma.js","statementMap":{"0":{"start":{"line":3,"column":15},"end":{"line":3,"column":33}},"1":{"start":{"line":6,"column":16},"end":{"line":6,"column":null}},"2":{"start":{"line":8,"column":2},"end":{"line":16,"column":null}},"3":{"start":{"line":9,"column":4},"end":{"line":16,"column":null}},"4":{"start":{"line":10,"column":6},"end":{"line":10,"column":null}},"5":{"start":{"line":11,"column":6},"end":{"line":11,"column":null}},"6":{"start":{"line":12,"column":6},"end":{"line":12,"column":null}},"7":{"start":{"line":14,"column":6},"end":{"line":14,"column":null}},"8":{"start":{"line":15,"column":6},"end":{"line":15,"column":null}},"9":{"start":{"line":16,"column":6},"end":{"line":16,"column":null}},"10":{"start":{"line":16,"column":31},"end":{"line":16,"column":52}},"11":{"start":{"line":22,"column":0},"end":{"line":23,"column":null}},"12":{"start":{"line":23,"column":2},"end":{"line":23,"column":null}}},"fnMap":{"0":{"name":"connectWithRetry","decl":{"start":{"line":5,"column":15},"end":{"line":5,"column":34}},"loc":{"start":{"line":5,"column":34},"end":{"line":16,"column":null}},"line":5},"1":{"name":"(anonymous_1)","decl":{"start":{"line":16,"column":16},"end":{"line":16,"column":24}},"loc":{"start":{"line":16,"column":31},"end":{"line":16,"column":52}},"line":16}},"branchMap":{"0":{"loc":{"start":{"line":22,"column":0},"end":{"line":23,"column":null}},"type":"if","locations":[{"start":{"line":22,"column":0},"end":{"line":23,"column":null}},{"start":{},"end":{}}],"line":22}},"s":{"0":1,"1":0,"2":0,"3":0,"4":0,"5":0,"6":0,"7":0,"8":0,"9":0,"10":0,"11":1,"12":0},"f":{"0":0,"1":0},"b":{"0":[0,1]},"meta":{"lastBranch":1,"lastFunction":2,"lastStatement":13,"seen":{"s:3:15:3:33":0,"f:5:15:5:34":0,"s:6:16:6:Infinity":1,"s:8:2:16:Infinity":2,"s:9:4:16:Infinity":3,"s:10:6:10:Infinity":4,"s:11:6:11:Infinity":5,"s:12:6:12:Infinity":6,"s:14:6:14:Infinity":7,"s:15:6:15:Infinity":8,"s:16:6:16:Infinity":9,"f:16:16:16:24":1,"s:16:31:16:52":10,"b:22:0:23:Infinity:undefined:undefined:undefined:undefined":0,"s:22:0:23:Infinity":11,"s:23:2:23:Infinity":12}}}
,"D:\\AI-Projects\\TechPulse\\techpulse-backend\\src\\config\\redis.js": {"path":"D:\\AI-Projects\\TechPulse\\techpulse-backend\\src\\config\\redis.js","statementMap":{"0":{"start":{"line":5,"column":0},"end":{"line":5,"column":null}},"1":{"start":{"line":7,"column":18},"end":{"line":7,"column":22}},"2":{"start":{"line":8,"column":23},"end":{"line":8,"column":27}},"3":{"start":{"line":10,"column":0},"end":{"line":41,"column":null}},"4":{"start":{"line":11,"column":4},"end":{"line":16,"column":null}},"5":{"start":{"line":14,"column":37},"end":{"line":14,"column":42}},"6":{"start":{"line":18,"column":4},"end":{"line":23,"column":null}},"7":{"start":{"line":19,"column":8},"end":{"line":22,"column":null}},"8":{"start":{"line":20,"column":12},"end":{"line":20,"column":null}},"9":{"start":{"line":21,"column":12},"end":{"line":21,"column":37}},"10":{"start":{"line":25,"column":4},"end":{"line":28,"column":null}},"11":{"start":{"line":26,"column":8},"end":{"line":26,"column":null}},"12":{"start":{"line":27,"column":8},"end":{"line":27,"column":null}},"13":{"start":{"line":30,"column":4},"end":{"line":38,"column":null}},"14":{"start":{"line":31,"column":8},"end":{"line":37,"column":null}},"15":{"start":{"line":32,"column":12},"end":{"line":32,"column":null}},"16":{"start":{"line":34,"column":12},"end":{"line":34,"column":null}},"17":{"start":{"line":40,"column":4},"end":{"line":40,"column":null}},"18":{"start":{"line":43,"column":32},"end":{"line":47,"column":1}},"19":{"start":{"line":44,"column":4},"end":{"line":44,"column":null}},"20":{"start":{"line":44,"column":30},"end":{"line":44,"column":null}},"21":{"start":{"line":45,"column":18},"end":{"line":45,"column":82}},"22":{"start":{"line":46,"column":4},"end":{"line":46,"column":null}},"23":{"start":{"line":49,"column":33},"end":{"line":60,"column":1}},"24":{"start":{"line":50,"column":4},"end":{"line":50,"column":null}},"25":{"start":{"line":50,"column":50},"end":{"line":50,"column":null}},"26":{"start":{"line":51,"column":27},"end":{"line":51,"column":62}},"27":{"start":{"line":53,"column":21},"end":{"line":53,"column":40}},"28":{"start":{"line":54,"column":4},"end":{"line":58,"column":null}},"29":{"start":{"line":55,"column":8},"end":{"line":55,"column":null}},"30":{"start":{"line":57,"column":8},"end":{"line":57,"column":null}},"31":{"start":{"line":59,"column":4},"end":{"line":59,"column":null}}},"fnMap":{"0":{"name":"(anonymous_0)","decl":{"start":{"line":14,"column":31},"end":{"line":14,"column":32}},"loc":{"start":{"line":14,"column":37},"end":{"line":14,"column":42}},"line":14},"1":{"name":"(anonymous_1)","decl":{"start":{"line":18,"column":28},"end":{"line":18,"column":29}},"loc":{"start":{"line":18,"column":37},"end":{"line":23,"column":5}},"line":18},"2":{"name":"(anonymous_2)","decl":{"start":{"line":25,"column":30},"end":{"line":25,"column":31}},"loc":{"start":{"line":25,"column":36},"end":{"line":28,"column":5}},"line":25},"3":{"name":"(anonymous_3)","decl":{"start":{"line":30,"column":5},"end":{"line":30,"column":10}},"loc":{"start":{"line":30,"column":17},"end":{"line":38,"column":5}},"line":30},"4":{"name":"(anonymous_4)","decl":{"start":{"line":43,"column":32},"end":{"line":43,"column":37}},"loc":{"start":{"line":43,"column":55},"end":{"line":47,"column":1}},"line":43},"5":{"name":"(anonymous_5)","decl":{"start":{"line":49,"column":33},"end":{"line":49,"column":38}},"loc":{"start":{"line":49,"column":57},"end":{"line":60,"column":1}},"line":49},"6":{"name":"(anonymous_6)","decl":{"start":{"line":54,"column":27},"end":{"line":54,"column":30}},"loc":{"start":{"line":54,"column":34},"end":{"line":58,"column":5}},"line":54}},"branchMap":{"0":{"loc":{"start":{"line":12,"column":13},"end":{"line":12,"column":62}},"type":"binary-expr","locations":[{"start":{"line":12,"column":13},"end":{"line":12,"column":34}},{"start":{"line":12,"column":38},"end":{"line":12,"column":62}}],"line":12},"1":{"loc":{"start":{"line":19,"column":8},"end":{"line":22,"column":null}},"type":"if","locations":[{"start":{"line":19,"column":8},"end":{"line":22,"column":null}},{"start":{},"end":{}}],"line":19},"2":{"loc":{"start":{"line":44,"column":4},"end":{"line":44,"column":null}},"type":"if","locations":[{"start":{"line":44,"column":4},"end":{"line":44,"column":null}},{"start":{},"end":{}}],"line":44},"3":{"loc":{"start":{"line":46,"column":11},"end":{"line":46,"column":31}},"type":"binary-expr","locations":[{"start":{"line":46,"column":11},"end":{"line":46,"column":26}},{"start":{"line":46,"column":30},"end":{"line":46,"column":31}}],"line":46},"4":{"loc":{"start":{"line":50,"column":4},"end":{"line":50,"column":null}},"type":"if","locations":[{"start":{"line":50,"column":4},"end":{"line":50,"column":null}},{"start":{},"end":{}}],"line":50},"5":{"loc":{"start":{"line":50,"column":8},"end":{"line":50,"column":48}},"type":"binary-expr","locations":[{"start":{"line":50,"column":8},"end":{"line":50,"column":28}},{"start":{"line":50,"column":32},"end":{"line":50,"column":39}},{"start":{"line":50,"column":43},"end":{"line":50,"column":48}}],"line":50},"6":{"loc":{"start":{"line":51,"column":27},"end":{"line":51,"column":62}},"type":"cond-expr","locations":[{"start":{"line":51,"column":49},"end":{"line":51,"column":53}},{"start":{"line":51,"column":56},"end":{"line":51,"column":62}}],"line":51}},"s":{"0":1,"1":1,"2":1,"3":1,"4":1,"5":0,"6":1,"7":0,"8":0,"9":0,"10":1,"11":0,"12":0,"13":1,"14":1,"15":1,"16":0,"17":0,"18":1,"19":0,"20":0,"21":0,"22":0,"23":1,"24":0,"25":0,"26":0,"27":0,"28":0,"29":0,"30":0,"31":0},"f":{"0":0,"1":0,"2":0,"3":1,"4":0,"5":0,"6":0},"b":{"0":[1,0],"1":[0,0],"2":[0,0],"3":[0,0],"4":[0,0],"5":[0,0,0],"6":[0,0]},"meta":{"lastBranch":7,"lastFunction":7,"lastStatement":32,"seen":{"s:5:0:5:Infinity":0,"s:7:18:7:22":1,"s:8:23:8:27":2,"s:10:0:41:Infinity":3,"s:11:4:16:Infinity":4,"b:12:13:12:34:12:38:12:62":0,"f:14:31:14:32":0,"s:14:37:14:42":5,"s:18:4:23:Infinity":6,"f:18:28:18:29":1,"b:19:8:22:Infinity:undefined:undefined:undefined:undefined":1,"s:19:8:22:Infinity":7,"s:20:12:20:Infinity":8,"s:21:12:21:37":9,"s:25:4:28:Infinity":10,"f:25:30:25:31":2,"s:26:8:26:Infinity":11,"s:27:8:27:Infinity":12,"s:30:4:38:Infinity":13,"f:30:5:30:10":3,"s:31:8:37:Infinity":14,"s:32:12:32:Infinity":15,"s:34:12:34:Infinity":16,"s:40:4:40:Infinity":17,"s:43:32:47:1":18,"f:43:32:43:37":4,"b:44:4:44:Infinity:undefined:undefined:undefined:undefined":2,"s:44:4:44:Infinity":19,"s:44:30:44:Infinity":20,"s:45:18:45:82":21,"s:46:4:46:Infinity":22,"b:46:11:46:26:46:30:46:31":3,"s:49:33:60:1":23,"f:49:33:49:38":5,"b:50:4:50:Infinity:undefined:undefined:undefined:undefined":4,"s:50:4:50:Infinity":24,"b:50:8:50:28:50:32:50:39:50:43:50:48":5,"s:50:50:50:Infinity":25,"s:51:27:51:62":26,"b:51:49:51:53:51:56:51:62":6,"s:53:21:53:40":27,"s:54:4:58:Infinity":28,"f:54:27:54:30":6,"s:55:8:55:Infinity":29,"s:57:8:57:Infinity":30,"s:59:4:59:Infinity":31}}}
,"D:\\AI-Projects\\TechPulse\\techpulse-backend\\src\\config\\socket.js": {"path":"D:\\AI-Projects\\TechPulse\\techpulse-backend\\src\\config\\socket.js","statementMap":{"0":{"start":{"line":6,"column":26},"end":{"line":28,"column":1}},"1":{"start":{"line":7,"column":4},"end":{"line":17,"column":null}},"2":{"start":{"line":19,"column":4},"end":{"line":25,"column":null}},"3":{"start":{"line":20,"column":8},"end":{"line":20,"column":null}},"4":{"start":{"line":22,"column":8},"end":{"line":24,"column":null}},"5":{"start":{"line":23,"column":12},"end":{"line":23,"column":null}},"6":{"start":{"line":27,"column":4},"end":{"line":27,"column":null}},"7":{"start":{"line":30,"column":21},"end":{"line":35,"column":1}},"8":{"start":{"line":31,"column":4},"end":{"line":33,"column":null}},"9":{"start":{"line":32,"column":8},"end":{"line":32,"column":null}},"10":{"start":{"line":34,"column":4},"end":{"line":34,"column":null}},"11":{"start":{"line":37,"column":30},"end":{"line":42,"column":1}},"12":{"start":{"line":38,"column":4},"end":{"line":41,"column":null}},"13":{"start":{"line":39,"column":8},"end":{"line":39,"column":null}},"14":{"start":{"line":40,"column":8},"end":{"line":40,"column":null}}},"fnMap":{"0":{"name":"(anonymous_0)","decl":{"start":{"line":6,"column":26},"end":{"line":6,"column":27}},"loc":{"start":{"line":6,"column":38},"end":{"line":28,"column":1}},"line":6},"1":{"name":"(anonymous_1)","decl":{"start":{"line":19,"column":24},"end":{"line":19,"column":25}},"loc":{"start":{"line":19,"column":36},"end":{"line":25,"column":5}},"line":19},"2":{"name":"(anonymous_2)","decl":{"start":{"line":22,"column":32},"end":{"line":22,"column":33}},"loc":{"start":{"line":22,"column":38},"end":{"line":24,"column":9}},"line":22},"3":{"name":"(anonymous_3)","decl":{"start":{"line":30,"column":21},"end":{"line":30,"column":22}},"loc":{"start":{"line":30,"column":27},"end":{"line":35,"column":1}},"line":30},"4":{"name":"(anonymous_4)","decl":{"start":{"line":37,"column":30},"end":{"line":37,"column":31}},"loc":{"start":{"line":37,"column":43},"end":{"line":42,"column":1}},"line":37}},"branchMap":{"0":{"loc":{"start":{"line":31,"column":4},"end":{"line":33,"column":null}},"type":"if","locations":[{"start":{"line":31,"column":4},"end":{"line":33,"column":null}},{"start":{},"end":{}}],"line":31},"1":{"loc":{"start":{"line":38,"column":4},"end":{"line":41,"column":null}},"type":"if","locations":[{"start":{"line":38,"column":4},"end":{"line":41,"column":null}},{"start":{},"end":{}}],"line":38},"2":{"loc":{"start":{"line":40,"column":58},"end":{"line":40,"column":93}},"type":"binary-expr","locations":[{"start":{"line":40,"column":58},"end":{"line":40,"column":76}},{"start":{"line":40,"column":80},"end":{"line":40,"column":93}}],"line":40}},"s":{"0":1,"1":1,"2":1,"3":0,"4":0,"5":0,"6":1,"7":1,"8":0,"9":0,"10":0,"11":1,"12":0,"13":0,"14":0},"f":{"0":1,"1":0,"2":0,"3":0,"4":0},"b":{"0":[0,0],"1":[0,0],"2":[0,0]},"meta":{"lastBranch":3,"lastFunction":5,"lastStatement":15,"seen":{"s:6:26:28:1":0,"f:6:26:6:27":0,"s:7:4:17:Infinity":1,"s:19:4:25:Infinity":2,"f:19:24:19:25":1,"s:20:8:20:Infinity":3,"s:22:8:24:Infinity":4,"f:22:32:22:33":2,"s:23:12:23:Infinity":5,"s:27:4:27:Infinity":6,"s:30:21:35:1":7,"f:30:21:30:22":3,"b:31:4:33:Infinity:undefined:undefined:undefined:undefined":0,"s:31:4:33:Infinity":8,"s:32:8:32:Infinity":9,"s:34:4:34:Infinity":10,"s:37:30:42:1":11,"f:37:30:37:31":4,"b:38:4:41:Infinity:undefined:undefined:undefined:undefined":1,"s:38:4:41:Infinity":12,"s:39:8:39:Infinity":13,"s:40:8:40:Infinity":14,"b:40:58:40:76:40:80:40:93":2}}}
,"D:\\AI-Projects\\TechPulse\\techpulse-backend\\src\\config\\swagger.js": {"path":"D:\\AI-Projects\\TechPulse\\techpulse-backend\\src\\config\\swagger.js","statementMap":{"0":{"start":{"line":4,"column":16},"end":{"line":29,"column":1}},"1":{"start":{"line":31,"column":19},"end":{"line":31,"column":41}},"2":{"start":{"line":33,"column":28},"end":{"line":35,"column":1}},"3":{"start":{"line":34,"column":2},"end":{"line":34,"column":70}}},"fnMap":{"0":{"name":"(anonymous_0)","decl":{"start":{"line":33,"column":28},"end":{"line":33,"column":29}},"loc":{"start":{"line":33,"column":37},"end":{"line":35,"column":1}},"line":33}},"branchMap":{},"s":{"0":1,"1":1,"2":1,"3":1},"f":{"0":1},"b":{},"meta":{"lastBranch":0,"lastFunction":1,"lastStatement":4,"seen":{"s:4:16:29:1":0,"s:31:19:31:41":1,"s:33:28:35:1":2,"f:33:28:33:29":0,"s:34:2:34:70":3}}}
,"D:\\AI-Projects\\TechPulse\\techpulse-backend\\src\\controllers\\adminController.js": {"path":"D:\\AI-Projects\\TechPulse\\techpulse-backend\\src\\controllers\\adminController.js","statementMap":{"0":{"start":{"line":6,"column":18},"end":{"line":6,"column":49}},"1":{"start":{"line":7,"column":18},"end":{"line":7,"column":42}},"2":{"start":{"line":9,"column":32},"end":{"line":38,"column":1}},"3":{"start":{"line":10,"column":4},"end":{"line":37,"column":5}},"4":{"start":{"line":12,"column":64},"end":{"line":16,"column":10}},"5":{"start":{"line":19,"column":28},"end":{"line":23,"column":10}},"6":{"start":{"line":25,"column":8},"end":{"line":33,"column":11}},"7":{"start":{"line":35,"column":8},"end":{"line":35,"column":59}},"8":{"start":{"line":36,"column":8},"end":{"line":36,"column":93}},"9":{"start":{"line":40,"column":31},"end":{"line":61,"column":1}},"10":{"start":{"line":41,"column":25},"end":{"line":41,"column":35}},"11":{"start":{"line":42,"column":4},"end":{"line":60,"column":5}},"12":{"start":{"line":43,"column":24},"end":{"line":45,"column":10}},"13":{"start":{"line":47,"column":8},"end":{"line":47,"column":78}},"14":{"start":{"line":49,"column":8},"end":{"line":53,"column":11}},"15":{"start":{"line":55,"column":8},"end":{"line":57,"column":9}},"16":{"start":{"line":56,"column":12},"end":{"line":56,"column":106}},"17":{"start":{"line":58,"column":8},"end":{"line":58,"column":66}},"18":{"start":{"line":59,"column":8},"end":{"line":59,"column":89}},"19":{"start":{"line":63,"column":29},"end":{"line":91,"column":1}},"20":{"start":{"line":64,"column":34},"end":{"line":64,"column":43}},"21":{"start":{"line":65,"column":20},"end":{"line":65,"column":67}},"22":{"start":{"line":69,"column":20},"end":{"line":69,"column":66}},"23":{"start":{"line":71,"column":4},"end":{"line":90,"column":5}},"24":{"start":{"line":72,"column":21},"end":{"line":72,"column":52}},"25":{"start":{"line":75,"column":22},"end":{"line":75,"column":73}},"26":{"start":{"line":75,"column":54},"end":{"line":75,"column":72}},"27":{"start":{"line":78,"column":29},"end":{"line":78,"column":57}},"28":{"start":{"line":80,"column":8},"end":{"line":83,"column":11}},"29":{"start":{"line":85,"column":8},"end":{"line":87,"column":9}},"30":{"start":{"line":86,"column":12},"end":{"line":86,"column":85}},"31":{"start":{"line":88,"column":8},"end":{"line":88,"column":61}},"32":{"start":{"line":89,"column":8},"end":{"line":89,"column":86}}},"fnMap":{"0":{"name":"(anonymous_0)","decl":{"start":{"line":9,"column":32},"end":{"line":9,"column":37}},"loc":{"start":{"line":9,"column":52},"end":{"line":38,"column":1}},"line":9},"1":{"name":"(anonymous_1)","decl":{"start":{"line":40,"column":31},"end":{"line":40,"column":36}},"loc":{"start":{"line":40,"column":51},"end":{"line":61,"column":1}},"line":40},"2":{"name":"(anonymous_2)","decl":{"start":{"line":63,"column":29},"end":{"line":63,"column":34}},"loc":{"start":{"line":63,"column":49},"end":{"line":91,"column":1}},"line":63},"3":{"name":"(anonymous_3)","decl":{"start":{"line":75,"column":46},"end":{"line":75,"column":50}},"loc":{"start":{"line":75,"column":54},"end":{"line":75,"column":72}},"line":75}},"branchMap":{"0":{"loc":{"start":{"line":55,"column":8},"end":{"line":57,"column":9}},"type":"if","locations":[{"start":{"line":55,"column":8},"end":{"line":57,"column":9}},{"start":{},"end":{}}],"line":55},"1":{"loc":{"start":{"line":64,"column":12},"end":{"line":64,"column":29}},"type":"default-arg","locations":[{"start":{"line":64,"column":19},"end":{"line":64,"column":29}}],"line":64},"2":{"loc":{"start":{"line":65,"column":20},"end":{"line":65,"column":67}},"type":"cond-expr","locations":[{"start":{"line":65,"column":39},"end":{"line":65,"column":50}},{"start":{"line":65,"column":53},"end":{"line":65,"column":67}}],"line":65},"3":{"loc":{"start":{"line":82,"column":18},"end":{"line":82,"column":54}},"type":"binary-expr","locations":[{"start":{"line":82,"column":18},"end":{"line":82,"column":30}},{"start":{"line":82,"column":34},"end":{"line":82,"column":54}}],"line":82},"4":{"loc":{"start":{"line":85,"column":8},"end":{"line":87,"column":9}},"type":"if","locations":[{"start":{"line":85,"column":8},"end":{"line":87,"column":9}},{"start":{},"end":{}}],"line":85}},"s":{"0":1,"1":1,"2":1,"3":0,"4":0,"5":0,"6":0,"7":0,"8":0,"9":1,"10":0,"11":0,"12":0,"13":0,"14":0,"15":0,"16":0,"17":0,"18":0,"19":1,"20":0,"21":0,"22":0,"23":0,"24":0,"25":0,"26":0,"27":0,"28":0,"29":0,"30":0,"31":0,"32":0},"f":{"0":0,"1":0,"2":0,"3":0},"b":{"0":[0,0],"1":[0],"2":[0,0],"3":[0,0],"4":[0,0]},"meta":{"lastBranch":5,"lastFunction":4,"lastStatement":33,"seen":{"s:6:18:6:49":0,"s:7:18:7:42":1,"s:9:32:38:1":2,"f:9:32:9:37":0,"s:10:4:37:5":3,"s:12:64:16:10":4,"s:19:28:23:10":5,"s:25:8:33:11":6,"s:35:8:35:59":7,"s:36:8:36:93":8,"s:40:31:61:1":9,"f:40:31:40:36":1,"s:41:25:41:35":10,"s:42:4:60:5":11,"s:43:24:45:10":12,"s:47:8:47:78":13,"s:49:8:53:11":14,"b:55:8:57:9:undefined:undefined:undefined:undefined":0,"s:55:8:57:9":15,"s:56:12:56:106":16,"s:58:8:58:66":17,"s:59:8:59:89":18,"s:63:29:91:1":19,"f:63:29:63:34":2,"s:64:34:64:43":20,"b:64:19:64:29":1,"s:65:20:65:67":21,"b:65:39:65:50:65:53:65:67":2,"s:69:20:69:66":22,"s:71:4:90:5":23,"s:72:21:72:52":24,"s:75:22:75:73":25,"f:75:46:75:50":3,"s:75:54:75:72":26,"s:78:29:78:57":27,"s:80:8:83:11":28,"b:82:18:82:30:82:34:82:54":3,"b:85:8:87:9:undefined:undefined:undefined:undefined":4,"s:85:8:87:9":29,"s:86:12:86:85":30,"s:88:8:88:61":31,"s:89:8:89:86":32}}}
,"D:\\AI-Projects\\TechPulse\\techpulse-backend\\src\\controllers\\analysisController.js": {"path":"D:\\AI-Projects\\TechPulse\\techpulse-backend\\src\\controllers\\analysisController.js","statementMap":{"0":{"start":{"line":5,"column":28},"end":{"line":16,"column":1}},"1":{"start":{"line":6,"column":25},"end":{"line":6,"column":33}},"2":{"start":{"line":7,"column":19},"end":{"line":7,"column":34}},"3":{"start":{"line":8,"column":4},"end":{"line":15,"column":5}},"4":{"start":{"line":9,"column":8},"end":{"line":11,"column":11}},"5":{"start":{"line":12,"column":8},"end":{"line":12,"column":36}},"6":{"start":{"line":14,"column":8},"end":{"line":14,"column":75}},"7":{"start":{"line":18,"column":26},"end":{"line":58,"column":1}},"8":{"start":{"line":19,"column":4},"end":{"line":57,"column":5}},"9":{"start":{"line":21,"column":21},"end":{"line":21,"column":50}},"10":{"start":{"line":22,"column":22},"end":{"line":22,"column":53}},"11":{"start":{"line":23,"column":21},"end":{"line":23,"column":39}},"12":{"start":{"line":25,"column":23},"end":{"line":25,"column":39}},"13":{"start":{"line":27,"column":8},"end":{"line":45,"column":9}},"14":{"start":{"line":28,"column":28},"end":{"line":33,"column":14}},"15":{"start":{"line":36,"column":26},"end":{"line":38,"column":14}},"16":{"start":{"line":40,"column":12},"end":{"line":44,"column":15}},"17":{"start":{"line":48,"column":8},"end":{"line":53,"column":11}},"18":{"start":{"line":55,"column":8},"end":{"line":55,"column":55}},"19":{"start":{"line":56,"column":8},"end":{"line":56,"column":86}},"20":{"start":{"line":60,"column":26},"end":{"line":156,"column":1}},"21":{"start":{"line":61,"column":4},"end":{"line":155,"column":5}},"22":{"start":{"line":62,"column":25},"end":{"line":62,"column":58}},"23":{"start":{"line":64,"column":29},"end":{"line":78,"column":9}},"24":{"start":{"line":80,"column":28},"end":{"line":80,"column":76}},"25":{"start":{"line":83,"column":31},"end":{"line":95,"column":10}},"26":{"start":{"line":98,"column":30},"end":{"line":121,"column":60}},"27":{"start":{"line":99,"column":30},"end":{"line":99,"column":48}},"28":{"start":{"line":100,"column":33},"end":{"line":103,"column":13}},"29":{"start":{"line":101,"column":16},"end":{"line":102,"column":72}},"30":{"start":{"line":102,"column":35},"end":{"line":102,"column":70}},"31":{"start":{"line":105,"column":12},"end":{"line":105,"column":55}},"32":{"start":{"line":105,"column":43},"end":{"line":105,"column":55}},"33":{"start":{"line":107,"column":33},"end":{"line":107,"column":113}},"34":{"start":{"line":107,"column":65},"end":{"line":107,"column":87}},"35":{"start":{"line":108,"column":32},"end":{"line":108,"column":121}},"36":{"start":{"line":108,"column":57},"end":{"line":108,"column":113}},"37":{"start":{"line":111,"column":26},"end":{"line":111,"column":103}},"38":{"start":{"line":113,"column":12},"end":{"line":120,"column":14}},"39":{"start":{"line":121,"column":42},"end":{"line":121,"column":59}},"40":{"start":{"line":124,"column":34},"end":{"line":139,"column":9}},"41":{"start":{"line":125,"column":26},"end":{"line":125,"column":69}},"42":{"start":{"line":126,"column":12},"end":{"line":138,"column":16}},"43":{"start":{"line":126,"column":55},"end":{"line":138,"column":13}},"44":{"start":{"line":141,"column":28},"end":{"line":141,"column":99}},"45":{"start":{"line":143,"column":8},"end":{"line":151,"column":11}},"46":{"start":{"line":153,"column":8},"end":{"line":153,"column":59}},"47":{"start":{"line":154,"column":8},"end":{"line":154,"column":86}},"48":{"start":{"line":158,"column":28},"end":{"line":185,"column":1}},"49":{"start":{"line":159,"column":25},"end":{"line":159,"column":33}},"50":{"start":{"line":160,"column":19},"end":{"line":160,"column":34}},"51":{"start":{"line":161,"column":27},"end":{"line":161,"column":49}},"52":{"start":{"line":163,"column":4},"end":{"line":184,"column":5}},"53":{"start":{"line":164,"column":25},"end":{"line":168,"column":10}},"54":{"start":{"line":170,"column":8},"end":{"line":180,"column":9}},"55":{"start":{"line":171,"column":12},"end":{"line":173,"column":15}},"56":{"start":{"line":174,"column":12},"end":{"line":174,"column":64}},"57":{"start":{"line":176,"column":12},"end":{"line":178,"column":15}},"58":{"start":{"line":179,"column":12},"end":{"line":179,"column":63}},"59":{"start":{"line":182,"column":8},"end":{"line":182,"column":57}},"60":{"start":{"line":183,"column":8},"end":{"line":183,"column":94}},"61":{"start":{"line":187,"column":32},"end":{"line":198,"column":1}},"62":{"start":{"line":188,"column":19},"end":{"line":188,"column":34}},"63":{"start":{"line":189,"column":4},"end":{"line":197,"column":5}},"64":{"start":{"line":190,"column":25},"end":{"line":193,"column":10}},"65":{"start":{"line":194,"column":8},"end":{"line":194,"column":77}},"66":{"start":{"line":194,"column":62},"end":{"line":194,"column":72}},"67":{"start":{"line":196,"column":8},"end":{"line":196,"column":93}},"68":{"start":{"line":200,"column":34},"end":{"line":209,"column":1}},"69":{"start":{"line":201,"column":4},"end":{"line":208,"column":5}},"70":{"start":{"line":202,"column":22},"end":{"line":204,"column":10}},"71":{"start":{"line":205,"column":8},"end":{"line":205,"column":75}},"72":{"start":{"line":205,"column":60},"end":{"line":205,"column":70}},"73":{"start":{"line":207,"column":8},"end":{"line":207,"column":98}},"74":{"start":{"line":211,"column":28},"end":{"line":221,"column":1}},"75":{"start":{"line":212,"column":19},"end":{"line":212,"column":34}},"76":{"start":{"line":213,"column":4},"end":{"line":220,"column":5}},"77":{"start":{"line":214,"column":8},"end":{"line":216,"column":11}},"78":{"start":{"line":217,"column":8},"end":{"line":217,"column":36}},"79":{"start":{"line":219,"column":8},"end":{"line":219,"column":83}},"80":{"start":{"line":223,"column":30},"end":{"line":331,"column":1}},"81":{"start":{"line":224,"column":21},"end":{"line":224,"column":50}},"82":{"start":{"line":225,"column":4},"end":{"line":225,"column":99}},"83":{"start":{"line":225,"column":19},"end":{"line":225,"column":99}},"84":{"start":{"line":227,"column":4},"end":{"line":227,"column":55}},"85":{"start":{"line":228,"column":4},"end":{"line":228,"column":47}},"86":{"start":{"line":229,"column":4},"end":{"line":229,"column":46}},"87":{"start":{"line":231,"column":22},"end":{"line":231,"column":78}},"88":{"start":{"line":231,"column":32},"end":{"line":231,"column":78}},"89":{"start":{"line":233,"column":4},"end":{"line":330,"column":5}},"90":{"start":{"line":234,"column":23},"end":{"line":234,"column":94}},"91":{"start":{"line":235,"column":8},"end":{"line":238,"column":9}},"92":{"start":{"line":236,"column":12},"end":{"line":236,"column":160}},"93":{"start":{"line":237,"column":12},"end":{"line":237,"column":29}},"94":{"start":{"line":240,"column":26},"end":{"line":240,"column":126}},"95":{"start":{"line":241,"column":26},"end":{"line":246,"column":10}},"96":{"start":{"line":248,"column":8},"end":{"line":252,"column":9}},"97":{"start":{"line":249,"column":12},"end":{"line":249,"column":94}},"98":{"start":{"line":250,"column":12},"end":{"line":250,"column":89}},"99":{"start":{"line":251,"column":12},"end":{"line":251,"column":29}},"100":{"start":{"line":254,"column":21},"end":{"line":254,"column":43}},"101":{"start":{"line":256,"column":8},"end":{"line":262,"column":9}},"102":{"start":{"line":257,"column":12},"end":{"line":257,"column":42}},"103":{"start":{"line":259,"column":12},"end":{"line":259,"column":109}},"104":{"start":{"line":260,"column":12},"end":{"line":260,"column":87}},"105":{"start":{"line":261,"column":12},"end":{"line":261,"column":29}},"106":{"start":{"line":264,"column":8},"end":{"line":267,"column":9}},"107":{"start":{"line":265,"column":12},"end":{"line":265,"column":76}},"108":{"start":{"line":266,"column":12},"end":{"line":266,"column":29}},"109":{"start":{"line":269,"column":24},"end":{"line":269,"column":43}},"110":{"start":{"line":270,"column":26},"end":{"line":270,"column":56}},"111":{"start":{"line":272,"column":8},"end":{"line":272,"column":148}},"112":{"start":{"line":274,"column":27},"end":{"line":274,"column":82}},"113":{"start":{"line":276,"column":23},"end":{"line":276,"column":25}},"114":{"start":{"line":277,"column":8},"end":{"line":281,"column":9}},"115":{"start":{"line":278,"column":30},"end":{"line":278,"column":68}},"116":{"start":{"line":279,"column":12},"end":{"line":279,"column":34}},"117":{"start":{"line":280,"column":12},"end":{"line":280,"column":95}},"118":{"start":{"line":280,"column":27},"end":{"line":280,"column":95}},"119":{"start":{"line":283,"column":25},"end":{"line":283,"column":51}},"120":{"start":{"line":284,"column":8},"end":{"line":284,"column":71}},"121":{"start":{"line":284,"column":24},"end":{"line":284,"column":71}},"122":{"start":{"line":286,"column":26},"end":{"line":286,"column":63}},"123":{"start":{"line":287,"column":8},"end":{"line":289,"column":9}},"124":{"start":{"line":288,"column":12},"end":{"line":288,"column":87}},"125":{"start":{"line":291,"column":21},"end":{"line":291,"column":67}},"126":{"start":{"line":294,"column":24},"end":{"line":298,"column":9}},"127":{"start":{"line":300,"column":30},"end":{"line":308,"column":9}},"128":{"start":{"line":310,"column":8},"end":{"line":314,"column":11}},"129":{"start":{"line":316,"column":8},"end":{"line":316,"column":147}},"130":{"start":{"line":317,"column":8},"end":{"line":317,"column":18}},"131":{"start":{"line":320,"column":8},"end":{"line":320,"column":51}},"132":{"start":{"line":321,"column":8},"end":{"line":327,"column":22}},"133":{"start":{"line":322,"column":30},"end":{"line":322,"column":101}},"134":{"start":{"line":323,"column":12},"end":{"line":326,"column":13}},"135":{"start":{"line":324,"column":16},"end":{"line":324,"column":164}},"136":{"start":{"line":325,"column":16},"end":{"line":325,"column":33}},"137":{"start":{"line":328,"column":8},"end":{"line":328,"column":67}},"138":{"start":{"line":329,"column":8},"end":{"line":329,"column":18}}},"fnMap":{"0":{"name":"(anonymous_0)","decl":{"start":{"line":5,"column":28},"end":{"line":5,"column":33}},"loc":{"start":{"line":5,"column":48},"end":{"line":16,"column":1}},"line":5},"1":{"name":"(anonymous_1)","decl":{"start":{"line":18,"column":26},"end":{"line":18,"column":31}},"loc":{"start":{"line":18,"column":46},"end":{"line":58,"column":1}},"line":18},"2":{"name":"(anonymous_2)","decl":{"start":{"line":60,"column":26},"end":{"line":60,"column":31}},"loc":{"start":{"line":60,"column":46},"end":{"line":156,"column":1}},"line":60},"3":{"name":"(anonymous_3)","decl":{"start":{"line":98,"column":46},"end":{"line":98,"column":50}},"loc":{"start":{"line":98,"column":54},"end":{"line":121,"column":9}},"line":98},"4":{"name":"(anonymous_4)","decl":{"start":{"line":100,"column":55},"end":{"line":100,"column":56}},"loc":{"start":{"line":101,"column":16},"end":{"line":102,"column":72}},"line":101},"5":{"name":"(anonymous_5)","decl":{"start":{"line":102,"column":30},"end":{"line":102,"column":31}},"loc":{"start":{"line":102,"column":35},"end":{"line":102,"column":70}},"line":102},"6":{"name":"(anonymous_6)","decl":{"start":{"line":107,"column":53},"end":{"line":107,"column":54}},"loc":{"start":{"line":107,"column":65},"end":{"line":107,"column":87}},"line":107},"7":{"name":"(anonymous_7)","decl":{"start":{"line":108,"column":52},"end":{"line":108,"column":53}},"loc":{"start":{"line":108,"column":57},"end":{"line":108,"column":113}},"line":108},"8":{"name":"(anonymous_8)","decl":{"start":{"line":121,"column":32},"end":{"line":121,"column":33}},"loc":{"start":{"line":121,"column":42},"end":{"line":121,"column":59}},"line":121},"9":{"name":"(anonymous_9)","decl":{"start":{"line":124,"column":34},"end":{"line":124,"column":35}},"loc":{"start":{"line":124,"column":43},"end":{"line":139,"column":9}},"line":124},"10":{"name":"(anonymous_10)","decl":{"start":{"line":126,"column":41},"end":{"line":126,"column":42}},"loc":{"start":{"line":126,"column":55},"end":{"line":138,"column":13}},"line":126},"11":{"name":"(anonymous_11)","decl":{"start":{"line":158,"column":28},"end":{"line":158,"column":33}},"loc":{"start":{"line":158,"column":48},"end":{"line":185,"column":1}},"line":158},"12":{"name":"(anonymous_12)","decl":{"start":{"line":187,"column":32},"end":{"line":187,"column":37}},"loc":{"start":{"line":187,"column":52},"end":{"line":198,"column":1}},"line":187},"13":{"name":"(anonymous_13)","decl":{"start":{"line":194,"column":57},"end":{"line":194,"column":58}},"loc":{"start":{"line":194,"column":62},"end":{"line":194,"column":72}},"line":194},"14":{"name":"(anonymous_14)","decl":{"start":{"line":200,"column":34},"end":{"line":200,"column":39}},"loc":{"start":{"line":200,"column":54},"end":{"line":209,"column":1}},"line":200},"15":{"name":"(anonymous_15)","decl":{"start":{"line":205,"column":55},"end":{"line":205,"column":56}},"loc":{"start":{"line":205,"column":60},"end":{"line":205,"column":70}},"line":205},"16":{"name":"(anonymous_16)","decl":{"start":{"line":211,"column":28},"end":{"line":211,"column":33}},"loc":{"start":{"line":211,"column":48},"end":{"line":221,"column":1}},"line":211},"17":{"name":"(anonymous_17)","decl":{"start":{"line":223,"column":30},"end":{"line":223,"column":35}},"loc":{"start":{"line":223,"column":50},"end":{"line":331,"column":1}},"line":223},"18":{"name":"(anonymous_18)","decl":{"start":{"line":231,"column":22},"end":{"line":231,"column":23}},"loc":{"start":{"line":231,"column":32},"end":{"line":231,"column":78}},"line":231}},"branchMap":{"0":{"loc":{"start":{"line":21,"column":21},"end":{"line":21,"column":50}},"type":"binary-expr","locations":[{"start":{"line":21,"column":21},"end":{"line":21,"column":45}},{"start":{"line":21,"column":49},"end":{"line":21,"column":50}}],"line":21},"1":{"loc":{"start":{"line":22,"column":22},"end":{"line":22,"column":53}},"type":"binary-expr","locations":[{"start":{"line":22,"column":22},"end":{"line":22,"column":47}},{"start":{"line":22,"column":51},"end":{"line":22,"column":53}}],"line":22},"2":{"loc":{"start":{"line":27,"column":8},"end":{"line":45,"column":9}},"type":"if","locations":[{"start":{"line":27,"column":8},"end":{"line":45,"column":9}},{"start":{},"end":{}}],"line":27},"3":{"loc":{"start":{"line":62,"column":25},"end":{"line":62,"column":58}},"type":"binary-expr","locations":[{"start":{"line":62,"column":25},"end":{"line":62,"column":43}},{"start":{"line":62,"column":47},"end":{"line":62,"column":58}}],"line":62},"4":{"loc":{"start":{"line":80,"column":28},"end":{"line":80,"column":76}},"type":"binary-expr","locations":[{"start":{"line":80,"column":28},"end":{"line":80,"column":50}},{"start":{"line":80,"column":54},"end":{"line":80,"column":76}}],"line":80},"5":{"loc":{"start":{"line":101,"column":16},"end":{"line":102,"column":72}},"type":"binary-expr","locations":[{"start":{"line":101,"column":17},"end":{"line":101,"column":64}},{"start":{"line":102,"column":17},"end":{"line":102,"column":71}}],"line":101},"6":{"loc":{"start":{"line":105,"column":12},"end":{"line":105,"column":55}},"type":"if","locations":[{"start":{"line":105,"column":12},"end":{"line":105,"column":55}},{"start":{},"end":{}}],"line":105},"7":{"loc":{"start":{"line":116,"column":42},"end":{"line":116,"column":66}},"type":"binary-expr","locations":[{"start":{"line":116,"column":42},"end":{"line":116,"column":61}},{"start":{"line":116,"column":65},"end":{"line":116,"column":66}}],"line":116},"8":{"loc":{"start":{"line":125,"column":26},"end":{"line":125,"column":69}},"type":"binary-expr","locations":[{"start":{"line":125,"column":26},"end":{"line":125,"column":43}},{"start":{"line":125,"column":47},"end":{"line":125,"column":69}}],"line":125},"9":{"loc":{"start":{"line":137,"column":22},"end":{"line":137,"column":90}},"type":"binary-expr","locations":[{"start":{"line":137,"column":22},"end":{"line":137,"column":80}},{"start":{"line":137,"column":84},"end":{"line":137,"column":90}}],"line":137},"10":{"loc":{"start":{"line":141,"column":28},"end":{"line":141,"column":99}},"type":"cond-expr","locations":[{"start":{"line":141,"column":56},"end":{"line":141,"column":69}},{"start":{"line":141,"column":72},"end":{"line":141,"column":99}}],"line":141},"11":{"loc":{"start":{"line":149,"column":28},"end":{"line":149,"column":107}},"type":"cond-expr","locations":[{"start":{"line":149,"column":56},"end":{"line":149,"column":80}},{"start":{"line":149,"column":83},"end":{"line":149,"column":107}}],"line":149},"12":{"loc":{"start":{"line":170,"column":8},"end":{"line":180,"column":9}},"type":"if","locations":[{"start":{"line":170,"column":8},"end":{"line":180,"column":9}},{"start":{"line":175,"column":15},"end":{"line":180,"column":9}}],"line":170},"13":{"loc":{"start":{"line":225,"column":4},"end":{"line":225,"column":99}},"type":"if","locations":[{"start":{"line":225,"column":4},"end":{"line":225,"column":99}},{"start":{},"end":{}}],"line":225},"14":{"loc":{"start":{"line":235,"column":8},"end":{"line":238,"column":9}},"type":"if","locations":[{"start":{"line":235,"column":8},"end":{"line":238,"column":9}},{"start":{},"end":{}}],"line":235},"15":{"loc":{"start":{"line":248,"column":8},"end":{"line":252,"column":9}},"type":"if","locations":[{"start":{"line":248,"column":8},"end":{"line":252,"column":9}},{"start":{},"end":{}}],"line":248},"16":{"loc":{"start":{"line":264,"column":8},"end":{"line":267,"column":9}},"type":"if","locations":[{"start":{"line":264,"column":8},"end":{"line":267,"column":9}},{"start":{},"end":{}}],"line":264},"17":{"loc":{"start":{"line":278,"column":30},"end":{"line":278,"column":68}},"type":"binary-expr","locations":[{"start":{"line":278,"column":30},"end":{"line":278,"column":62}},{"start":{"line":278,"column":66},"end":{"line":278,"column":68}}],"line":278},"18":{"loc":{"start":{"line":280,"column":12},"end":{"line":280,"column":95}},"type":"if","locations":[{"start":{"line":280,"column":12},"end":{"line":280,"column":95}},{"start":{},"end":{}}],"line":280},"19":{"loc":{"start":{"line":284,"column":8},"end":{"line":284,"column":71}},"type":"if","locations":[{"start":{"line":284,"column":8},"end":{"line":284,"column":71}},{"start":{},"end":{}}],"line":284},"20":{"loc":{"start":{"line":287,"column":8},"end":{"line":289,"column":9}},"type":"if","locations":[{"start":{"line":287,"column":8},"end":{"line":289,"column":9}},{"start":{},"end":{}}],"line":287},"21":{"loc":{"start":{"line":291,"column":21},"end":{"line":291,"column":67}},"type":"cond-expr","locations":[{"start":{"line":291,"column":41},"end":{"line":291,"column":55}},{"start":{"line":291,"column":58},"end":{"line":291,"column":67}}],"line":291},"22":{"loc":{"start":{"line":295,"column":40},"end":{"line":295,"column":71}},"type":"binary-expr","locations":[{"start":{"line":295,"column":40},"end":{"line":295,"column":66}},{"start":{"line":295,"column":70},"end":{"line":295,"column":71}}],"line":295},"23":{"loc":{"start":{"line":296,"column":37},"end":{"line":296,"column":65}},"type":"binary-expr","locations":[{"start":{"line":296,"column":37},"end":{"line":296,"column":60}},{"start":{"line":296,"column":64},"end":{"line":296,"column":65}}],"line":296},"24":{"loc":{"start":{"line":297,"column":43},"end":{"line":297,"column":77}},"type":"binary-expr","locations":[{"start":{"line":297,"column":43},"end":{"line":297,"column":72}},{"start":{"line":297,"column":76},"end":{"line":297,"column":77}}],"line":297},"25":{"loc":{"start":{"line":301,"column":24},"end":{"line":301,"column":45}},"type":"binary-expr","locations":[{"start":{"line":301,"column":24},"end":{"line":301,"column":39}},{"start":{"line":301,"column":43},"end":{"line":301,"column":45}}],"line":301},"26":{"loc":{"start":{"line":302,"column":21},"end":{"line":302,"column":65}},"type":"binary-expr","locations":[{"start":{"line":302,"column":21},"end":{"line":302,"column":42}},{"start":{"line":302,"column":46},"end":{"line":302,"column":65}}],"line":302},"27":{"loc":{"start":{"line":303,"column":25},"end":{"line":303,"column":83}},"type":"binary-expr","locations":[{"start":{"line":303,"column":25},"end":{"line":303,"column":50}},{"start":{"line":303,"column":54},"end":{"line":303,"column":83}}],"line":303},"28":{"loc":{"start":{"line":304,"column":28},"end":{"line":304,"column":85}},"type":"binary-expr","locations":[{"start":{"line":304,"column":28},"end":{"line":304,"column":56}},{"start":{"line":304,"column":60},"end":{"line":304,"column":85}}],"line":304},"29":{"loc":{"start":{"line":305,"column":32},"end":{"line":305,"column":61}},"type":"binary-expr","locations":[{"start":{"line":305,"column":32},"end":{"line":305,"column":55}},{"start":{"line":305,"column":59},"end":{"line":305,"column":61}}],"line":305},"30":{"loc":{"start":{"line":306,"column":24},"end":{"line":306,"column":45}},"type":"binary-expr","locations":[{"start":{"line":306,"column":24},"end":{"line":306,"column":39}},{"start":{"line":306,"column":43},"end":{"line":306,"column":45}}],"line":306},"31":{"loc":{"start":{"line":307,"column":21},"end":{"line":307,"column":39}},"type":"binary-expr","locations":[{"start":{"line":307,"column":21},"end":{"line":307,"column":33}},{"start":{"line":307,"column":37},"end":{"line":307,"column":39}}],"line":307},"32":{"loc":{"start":{"line":323,"column":12},"end":{"line":326,"column":13}},"type":"if","locations":[{"start":{"line":323,"column":12},"end":{"line":326,"column":13}},{"start":{},"end":{}}],"line":323}},"s":{"0":1,"1":0,"2":0,"3":0,"4":0,"5":0,"6":0,"7":1,"8":0,"9":0,"10":0,"11":0,"12":0,"13":0,"14":0,"15":0,"16":0,"17":0,"18":0,"19":0,"20":1,"21":0,"22":0,"23":0,"24":0,"25":0,"26":0,"27":0,"28":0,"29":0,"30":0,"31":0,"32":0,"33":0,"34":0,"35":0,"36":0,"37":0,"38":0,"39":0,"40":0,"41":0,"42":0,"43":0,"44":0,"45":0,"46":0,"47":0,"48":1,"49":0,"50":0,"51":0,"52":0,"53":0,"54":0,"55":0,"56":0,"57":0,"58":0,"59":0,"60":0,"61":1,"62":0,"63":0,"64":0,"65":0,"66":0,"67":0,"68":1,"69":0,"70":0,"71":0,"72":0,"73":0,"74":1,"75":0,"76":0,"77":0,"78":0,"79":0,"80":1,"81":0,"82":0,"83":0,"84":0,"85":0,"86":0,"87":0,"88":0,"89":0,"90":0,"91":0,"92":0,"93":0,"94":0,"95":0,"96":0,"97":0,"98":0,"99":0,"100":0,"101":0,"102":0,"103":0,"104":0,"105":0,"106":0,"107":0,"108":0,"109":0,"110":0,"111":0,"112":0,"113":0,"114":0,"115":0,"116":0,"117":0,"118":0,"119":0,"120":0,"121":0,"122":0,"123":0,"124":0,"125":0,"126":0,"127":0,"128":0,"129":0,"130":0,"131":0,"132":0,"133":0,"134":0,"135":0,"136":0,"137":0,"138":0},"f":{"0":0,"1":0,"2":0,"3":0,"4":0,"5":0,"6":0,"7":0,"8":0,"9":0,"10":0,"11":0,"12":0,"13":0,"14":0,"15":0,"16":0,"17":0,"18":0},"b":{"0":[0,0],"1":[0,0],"2":[0,0],"3":[0,0],"4":[0,0],"5":[0,0],"6":[0,0],"7":[0,0],"8":[0,0],"9":[0,0],"10":[0,0],"11":[0,0],"12":[0,0],"13":[0,0],"14":[0,0],"15":[0,0],"16":[0,0],"17":[0,0],"18":[0,0],"19":[0,0],"20":[0,0],"21":[0,0],"22":[0,0],"23":[0,0],"24":[0,0],"25":[0,0],"26":[0,0],"27":[0,0],"28":[0,0],"29":[0,0],"30":[0,0],"31":[0,0],"32":[0,0]},"meta":{"lastBranch":33,"lastFunction":19,"lastStatement":139,"seen":{"s:5:28:16:1":0,"f:5:28:5:33":0,"s:6:25:6:33":1,"s:7:19:7:34":2,"s:8:4:15:5":3,"s:9:8:11:11":4,"s:12:8:12:36":5,"s:14:8:14:75":6,"s:18:26:58:1":7,"f:18:26:18:31":1,"s:19:4:57:5":8,"s:21:21:21:50":9,"b:21:21:21:45:21:49:21:50":0,"s:22:22:22:53":10,"b:22:22:22:47:22:51:22:53":1,"s:23:21:23:39":11,"s:25:23:25:39":12,"b:27:8:45:9:undefined:undefined:undefined:undefined":2,"s:27:8:45:9":13,"s:28:28:33:14":14,"s:36:26:38:14":15,"s:40:12:44:15":16,"s:48:8:53:11":17,"s:55:8:55:55":18,"s:56:8:56:86":19,"s:60:26:156:1":20,"f:60:26:60:31":2,"s:61:4:155:5":21,"s:62:25:62:58":22,"b:62:25:62:43:62:47:62:58":3,"s:64:29:78:9":23,"s:80:28:80:76":24,"b:80:28:80:50:80:54:80:76":4,"s:83:31:95:10":25,"s:98:30:121:60":26,"f:98:46:98:50":3,"s:99:30:99:48":27,"s:100:33:103:13":28,"f:100:55:100:56":4,"s:101:16:102:72":29,"b:101:17:101:64:102:17:102:71":5,"f:102:30:102:31":5,"s:102:35:102:70":30,"b:105:12:105:55:undefined:undefined:undefined:undefined":6,"s:105:12:105:55":31,"s:105:43:105:55":32,"s:107:33:107:113":33,"f:107:53:107:54":6,"s:107:65:107:87":34,"s:108:32:108:121":35,"f:108:52:108:53":7,"s:108:57:108:113":36,"s:111:26:111:103":37,"s:113:12:120:14":38,"b:116:42:116:61:116:65:116:66":7,"f:121:32:121:33":8,"s:121:42:121:59":39,"s:124:34:139:9":40,"f:124:34:124:35":9,"s:125:26:125:69":41,"b:125:26:125:43:125:47:125:69":8,"s:126:12:138:16":42,"f:126:41:126:42":10,"s:126:55:138:13":43,"b:137:22:137:80:137:84:137:90":9,"s:141:28:141:99":44,"b:141:56:141:69:141:72:141:99":10,"s:143:8:151:11":45,"b:149:56:149:80:149:83:149:107":11,"s:153:8:153:59":46,"s:154:8:154:86":47,"s:158:28:185:1":48,"f:158:28:158:33":11,"s:159:25:159:33":49,"s:160:19:160:34":50,"s:161:27:161:49":51,"s:163:4:184:5":52,"s:164:25:168:10":53,"b:170:8:180:9:175:15:180:9":12,"s:170:8:180:9":54,"s:171:12:173:15":55,"s:174:12:174:64":56,"s:176:12:178:15":57,"s:179:12:179:63":58,"s:182:8:182:57":59,"s:183:8:183:94":60,"s:187:32:198:1":61,"f:187:32:187:37":12,"s:188:19:188:34":62,"s:189:4:197:5":63,"s:190:25:193:10":64,"s:194:8:194:77":65,"f:194:57:194:58":13,"s:194:62:194:72":66,"s:196:8:196:93":67,"s:200:34:209:1":68,"f:200:34:200:39":14,"s:201:4:208:5":69,"s:202:22:204:10":70,"s:205:8:205:75":71,"f:205:55:205:56":15,"s:205:60:205:70":72,"s:207:8:207:98":73,"s:211:28:221:1":74,"f:211:28:211:33":16,"s:212:19:212:34":75,"s:213:4:220:5":76,"s:214:8:216:11":77,"s:217:8:217:36":78,"s:219:8:219:83":79,"s:223:30:331:1":80,"f:223:30:223:35":17,"s:224:21:224:50":81,"b:225:4:225:99:undefined:undefined:undefined:undefined":13,"s:225:4:225:99":82,"s:225:19:225:99":83,"s:227:4:227:55":84,"s:228:4:228:47":85,"s:229:4:229:46":86,"s:231:22:231:78":87,"f:231:22:231:23":18,"s:231:32:231:78":88,"s:233:4:330:5":89,"s:234:23:234:94":90,"b:235:8:238:9:undefined:undefined:undefined:undefined":14,"s:235:8:238:9":91,"s:236:12:236:160":92,"s:237:12:237:29":93,"s:240:26:240:126":94,"s:241:26:246:10":95,"b:248:8:252:9:undefined:undefined:undefined:undefined":15,"s:248:8:252:9":96,"s:249:12:249:94":97,"s:250:12:250:89":98,"s:251:12:251:29":99,"s:254:21:254:43":100,"s:256:8:262:9":101,"s:257:12:257:42":102,"s:259:12:259:109":103,"s:260:12:260:87":104,"s:261:12:261:29":105,"b:264:8:267:9:undefined:undefined:undefined:undefined":16,"s:264:8:267:9":106,"s:265:12:265:76":107,"s:266:12:266:29":108,"s:269:24:269:43":109,"s:270:26:270:56":110,"s:272:8:272:148":111,"s:274:27:274:82":112,"s:276:23:276:25":113,"s:277:8:281:9":114,"s:278:30:278:68":115,"b:278:30:278:62:278:66:278:68":17,"s:279:12:279:34":116,"b:280:12:280:95:undefined:undefined:undefined:undefined":18,"s:280:12:280:95":117,"s:280:27:280:95":118,"s:283:25:283:51":119,"b:284:8:284:71:undefined:undefined:undefined:undefined":19,"s:284:8:284:71":120,"s:284:24:284:71":121,"s:286:26:286:63":122,"b:287:8:289:9:undefined:undefined:undefined:undefined":20,"s:287:8:289:9":123,"s:288:12:288:87":124,"s:291:21:291:67":125,"b:291:41:291:55:291:58:291:67":21,"s:294:24:298:9":126,"b:295:40:295:66:295:70:295:71":22,"b:296:37:296:60:296:64:296:65":23,"b:297:43:297:72:297:76:297:77":24,"s:300:30:308:9":127,"b:301:24:301:39:301:43:301:45":25,"b:302:21:302:42:302:46:302:65":26,"b:303:25:303:50:303:54:303:83":27,"b:304:28:304:56:304:60:304:85":28,"b:305:32:305:55:305:59:305:61":29,"b:306:24:306:39:306:43:306:45":30,"b:307:21:307:33:307:37:307:39":31,"s:310:8:314:11":128,"s:316:8:316:147":129,"s:317:8:317:18":130,"s:320:8:320:51":131,"s:321:8:327:22":132,"s:322:30:322:101":133,"b:323:12:326:13:undefined:undefined:undefined:undefined":32,"s:323:12:326:13":134,"s:324:16:324:164":135,"s:325:16:325:33":136,"s:328:8:328:67":137,"s:329:8:329:18":138}}}
,"D:\\AI-Projects\\TechPulse\\techpulse-backend\\src\\controllers\\authController.js": {"path":"D:\\AI-Projects\\TechPulse\\techpulse-backend\\src\\controllers\\authController.js","statementMap":{"0":{"start":{"line":5,"column":19},"end":{"line":5,"column":null}},"1":{"start":{"line":7,"column":22},"end":{"line":60,"column":null}},"2":{"start":{"line":8,"column":76},"end":{"line":8,"column":null}},"3":{"start":{"line":10,"column":2},"end":{"line":60,"column":null}},"4":{"start":{"line":11,"column":27},"end":{"line":11,"column":58}},"5":{"start":{"line":12,"column":25},"end":{"line":12,"column":null}},"6":{"start":{"line":13,"column":17},"end":{"line":22,"column":6}},"7":{"start":{"line":23,"column":18},"end":{"line":29,"column":null}},"8":{"start":{"line":31,"column":4},"end":{"line":36,"column":null}},"9":{"start":{"line":37,"column":4},"end":{"line":49,"column":null}},"10":{"start":{"line":51,"column":4},"end":{"line":51,"column":null}},"11":{"start":{"line":53,"column":4},"end":{"line":57,"column":null}},"12":{"start":{"line":54,"column":6},"end":{"line":57,"column":null}},"13":{"start":{"line":60,"column":4},"end":{"line":60,"column":null}},"14":{"start":{"line":64,"column":21},"end":{"line":102,"column":null}},"15":{"start":{"line":65,"column":30},"end":{"line":65,"column":null}},"16":{"start":{"line":67,"column":2},"end":{"line":102,"column":null}},"17":{"start":{"line":68,"column":17},"end":{"line":68,"column":67}},"18":{"start":{"line":69,"column":4},"end":{"line":98,"column":null}},"19":{"start":{"line":70,"column":20},"end":{"line":76,"column":null}},"20":{"start":{"line":78,"column":6},"end":{"line":83,"column":null}},"21":{"start":{"line":84,"column":6},"end":{"line":96,"column":null}},"22":{"start":{"line":98,"column":6},"end":{"line":98,"column":null}},"23":{"start":{"line":101,"column":4},"end":{"line":101,"column":null}},"24":{"start":{"line":102,"column":4},"end":{"line":102,"column":null}}},"fnMap":{"0":{"name":"(anonymous_0)","decl":{"start":{"line":7,"column":22},"end":{"line":7,"column":29}},"loc":{"start":{"line":7,"column":48},"end":{"line":60,"column":null}},"line":7},"1":{"name":"(anonymous_1)","decl":{"start":{"line":64,"column":21},"end":{"line":64,"column":28}},"loc":{"start":{"line":64,"column":47},"end":{"line":102,"column":null}},"line":64}},"branchMap":{"0":{"loc":{"start":{"line":5,"column":19},"end":{"line":5,"column":null}},"type":"binary-expr","locations":[{"start":{"line":5,"column":19},"end":{"line":5,"column":45}},{"start":{"line":5,"column":45},"end":{"line":5,"column":null}}],"line":5},"1":{"loc":{"start":{"line":8,"column":27},"end":{"line":8,"column":46}},"type":"default-arg","locations":[{"start":{"line":8,"column":44},"end":{"line":8,"column":46}}],"line":8},"2":{"loc":{"start":{"line":8,"column":48},"end":{"line":8,"column":71}},"type":"default-arg","locations":[{"start":{"line":8,"column":69},"end":{"line":8,"column":71}}],"line":8},"3":{"loc":{"start":{"line":17,"column":14},"end":{"line":17,"column":null}},"type":"cond-expr","locations":[{"start":{"line":17,"column":28},"end":{"line":17,"column":38}},{"start":{"line":17,"column":38},"end":{"line":17,"column":null}}],"line":17},"4":{"loc":{"start":{"line":53,"column":4},"end":{"line":57,"column":null}},"type":"if","locations":[{"start":{"line":53,"column":4},"end":{"line":57,"column":null}},{"start":{},"end":{}}],"line":53},"5":{"loc":{"start":{"line":69,"column":4},"end":{"line":98,"column":null}},"type":"if","locations":[{"start":{"line":69,"column":4},"end":{"line":98,"column":null}},{"start":{"line":97,"column":11},"end":{"line":98,"column":null}}],"line":69},"6":{"loc":{"start":{"line":69,"column":8},"end":{"line":69,"column":62}},"type":"binary-expr","locations":[{"start":{"line":69,"column":8},"end":{"line":69,"column":17}},{"start":{"line":69,"column":17},"end":{"line":69,"column":62}}],"line":69}},"s":{"0":1,"1":1,"2":1,"3":1,"4":1,"5":1,"6":1,"7":1,"8":1,"9":1,"10":0,"11":0,"12":0,"13":0,"14":1,"15":2,"16":2,"17":2,"18":2,"19":1,"20":1,"21":1,"22":1,"23":0,"24":0},"f":{"0":1,"1":2},"b":{"0":[1,0],"1":[1],"2":[1],"3":[1,0],"4":[0,0],"5":[1,1],"6":[2,2]},"meta":{"lastBranch":7,"lastFunction":2,"lastStatement":25,"seen":{"s:5:19:5:Infinity":0,"b:5:19:5:45:5:45:5:Infinity":0,"s:7:22:60:Infinity":1,"f:7:22:7:29":0,"s:8:76:8:Infinity":2,"b:8:44:8:46":1,"b:8:69:8:71":2,"s:10:2:60:Infinity":3,"s:11:27:11:58":4,"s:12:25:12:Infinity":5,"s:13:17:22:6":6,"b:17:28:17:38:17:38:17:Infinity":3,"s:23:18:29:Infinity":7,"s:31:4:36:Infinity":8,"s:37:4:49:Infinity":9,"s:51:4:51:Infinity":10,"b:53:4:57:Infinity:undefined:undefined:undefined:undefined":4,"s:53:4:57:Infinity":11,"s:54:6:57:Infinity":12,"s:60:4:60:Infinity":13,"s:64:21:102:Infinity":14,"f:64:21:64:28":1,"s:65:30:65:Infinity":15,"s:67:2:102:Infinity":16,"s:68:17:68:67":17,"b:69:4:98:Infinity:97:11:98:Infinity":5,"s:69:4:98:Infinity":18,"b:69:8:69:17:69:17:69:62":6,"s:70:20:76:Infinity":19,"s:78:6:83:Infinity":20,"s:84:6:96:Infinity":21,"s:98:6:98:Infinity":22,"s:101:4:101:Infinity":23,"s:102:4:102:Infinity":24}}}
,"D:\\AI-Projects\\TechPulse\\techpulse-backend\\src\\controllers\\feedController.js": {"path":"D:\\AI-Projects\\TechPulse\\techpulse-backend\\src\\controllers\\feedController.js","statementMap":{"0":{"start":{"line":12,"column":22},"end":{"line":38,"column":null}},"1":{"start":{"line":13,"column":4},"end":{"line":13,"column":null}},"2":{"start":{"line":13,"column":41},"end":{"line":13,"column":null}},"3":{"start":{"line":14,"column":4},"end":{"line":14,"column":null}},"4":{"start":{"line":14,"column":55},"end":{"line":14,"column":null}},"5":{"start":{"line":17,"column":25},"end":{"line":17,"column":45}},"6":{"start":{"line":19,"column":4},"end":{"line":38,"column":null}},"7":{"start":{"line":20,"column":8},"end":{"line":34,"column":null}},"8":{"start":{"line":21,"column":29},"end":{"line":23,"column":14}},"9":{"start":{"line":25,"column":12},"end":{"line":34,"column":null}},"10":{"start":{"line":26,"column":16},"end":{"line":34,"column":null}},"11":{"start":{"line":38,"column":8},"end":{"line":38,"column":null}},"12":{"start":{"line":42,"column":23},"end":{"line":100,"column":null}},"13":{"start":{"line":43,"column":4},"end":{"line":100,"column":null}},"14":{"start":{"line":44,"column":22},"end":{"line":44,"column":null}},"15":{"start":{"line":45,"column":20},"end":{"line":45,"column":null}},"16":{"start":{"line":46,"column":23},"end":{"line":46,"column":null}},"17":{"start":{"line":48,"column":28},"end":{"line":48,"column":30}},"18":{"start":{"line":49,"column":8},"end":{"line":54,"column":null}},"19":{"start":{"line":50,"column":28},"end":{"line":53,"column":14}},"20":{"start":{"line":54,"column":12},"end":{"line":54,"column":null}},"21":{"start":{"line":54,"column":45},"end":{"line":54,"column":56}},"22":{"start":{"line":58,"column":32},"end":{"line":72,"column":10}},"23":{"start":{"line":75,"column":23},"end":{"line":75,"column":74}},"24":{"start":{"line":78,"column":25},"end":{"line":78,"column":65}},"25":{"start":{"line":78,"column":58},"end":{"line":78,"column":64}},"26":{"start":{"line":79,"column":14},"end":{"line":79,"column":89}},"27":{"start":{"line":79,"column":65},"end":{"line":79,"column":88}},"28":{"start":{"line":81,"column":21},"end":{"line":81,"column":62}},"29":{"start":{"line":83,"column":8},"end":{"line":92,"column":null}},"30":{"start":{"line":94,"column":8},"end":{"line":94,"column":null}},"31":{"start":{"line":96,"column":8},"end":{"line":100,"column":null}},"32":{"start":{"line":97,"column":33},"end":{"line":97,"column":110}},"33":{"start":{"line":98,"column":12},"end":{"line":98,"column":null}},"34":{"start":{"line":100,"column":12},"end":{"line":100,"column":null}},"35":{"start":{"line":105,"column":32},"end":{"line":156,"column":null}},"36":{"start":{"line":106,"column":46},"end":{"line":106,"column":null}},"37":{"start":{"line":107,"column":19},"end":{"line":107,"column":null}},"38":{"start":{"line":108,"column":4},"end":{"line":156,"column":null}},"39":{"start":{"line":109,"column":23},"end":{"line":109,"column":67}},"40":{"start":{"line":112,"column":26},"end":{"line":112,"column":59}},"41":{"start":{"line":113,"column":8},"end":{"line":114,"column":null}},"42":{"start":{"line":114,"column":12},"end":{"line":114,"column":null}},"43":{"start":{"line":117,"column":21},"end":{"line":117,"column":null}},"44":{"start":{"line":120,"column":8},"end":{"line":126,"column":null}},"45":{"start":{"line":121,"column":12},"end":{"line":121,"column":null}},"46":{"start":{"line":121,"column":68},"end":{"line":121,"column":121}},"47":{"start":{"line":122,"column":19},"end":{"line":126,"column":null}},"48":{"start":{"line":124,"column":12},"end":{"line":126,"column":null}},"49":{"start":{"line":125,"column":16},"end":{"line":125,"column":null}},"50":{"start":{"line":125,"column":35},"end":{"line":125,"column":null}},"51":{"start":{"line":126,"column":26},"end":{"line":126,"column":88}},"52":{"start":{"line":129,"column":26},"end":{"line":129,"column":null}},"53":{"start":{"line":130,"column":8},"end":{"line":136,"column":null}},"54":{"start":{"line":131,"column":12},"end":{"line":136,"column":null}},"55":{"start":{"line":132,"column":31},"end":{"line":134,"column":18}},"56":{"start":{"line":135,"column":16},"end":{"line":135,"column":null}},"57":{"start":{"line":135,"column":28},"end":{"line":135,"column":null}},"58":{"start":{"line":136,"column":26},"end":{"line":136,"column":null}},"59":{"start":{"line":139,"column":8},"end":{"line":139,"column":null}},"60":{"start":{"line":141,"column":8},"end":{"line":144,"column":null}},"61":{"start":{"line":142,"column":12},"end":{"line":142,"column":null}},"62":{"start":{"line":144,"column":12},"end":{"line":144,"column":null}},"63":{"start":{"line":147,"column":8},"end":{"line":156,"column":null}},"64":{"start":{"line":160,"column":27},"end":{"line":169,"column":null}},"65":{"start":{"line":161,"column":42},"end":{"line":161,"column":null}},"66":{"start":{"line":162,"column":19},"end":{"line":162,"column":null}},"67":{"start":{"line":163,"column":4},"end":{"line":169,"column":null}},"68":{"start":{"line":164,"column":8},"end":{"line":166,"column":null}},"69":{"start":{"line":167,"column":8},"end":{"line":167,"column":null}},"70":{"start":{"line":169,"column":8},"end":{"line":169,"column":null}},"71":{"start":{"line":173,"column":32},"end":{"line":200,"column":null}},"72":{"start":{"line":174,"column":19},"end":{"line":174,"column":null}},"73":{"start":{"line":175,"column":17},"end":{"line":175,"column":null}},"74":{"start":{"line":176,"column":18},"end":{"line":176,"column":null}},"75":{"start":{"line":177,"column":10},"end":{"line":177,"column":null}},"76":{"start":{"line":179,"column":4},"end":{"line":200,"column":null}},"77":{"start":{"line":180,"column":34},"end":{"line":188,"column":10}},"78":{"start":{"line":190,"column":8},"end":{"line":198,"column":null}},"79":{"start":{"line":200,"column":8},"end":{"line":200,"column":null}},"80":{"start":{"line":204,"column":29},"end":{"line":220,"column":null}},"81":{"start":{"line":205,"column":22},"end":{"line":205,"column":null}},"82":{"start":{"line":206,"column":4},"end":{"line":206,"column":null}},"83":{"start":{"line":206,"column":16},"end":{"line":206,"column":null}},"84":{"start":{"line":208,"column":4},"end":{"line":220,"column":null}},"85":{"start":{"line":209,"column":23},"end":{"line":209,"column":57}},"86":{"start":{"line":210,"column":26},"end":{"line":210,"column":68}},"87":{"start":{"line":211,"column":8},"end":{"line":211,"column":null}},"88":{"start":{"line":213,"column":8},"end":{"line":217,"column":null}},"89":{"start":{"line":215,"column":12},"end":{"line":215,"column":null}},"90":{"start":{"line":217,"column":12},"end":{"line":217,"column":null}},"91":{"start":{"line":220,"column":8},"end":{"line":220,"column":null}},"92":{"start":{"line":224,"column":29},"end":{"line":233,"column":null}},"93":{"start":{"line":225,"column":26},"end":{"line":225,"column":null}},"94":{"start":{"line":226,"column":19},"end":{"line":226,"column":null}},"95":{"start":{"line":227,"column":4},"end":{"line":233,"column":null}},"96":{"start":{"line":228,"column":8},"end":{"line":230,"column":null}},"97":{"start":{"line":231,"column":8},"end":{"line":231,"column":null}},"98":{"start":{"line":233,"column":8},"end":{"line":233,"column":null}},"99":{"start":{"line":237,"column":31},"end":{"line":276,"column":null}},"100":{"start":{"line":238,"column":49},"end":{"line":238,"column":null}},"101":{"start":{"line":239,"column":19},"end":{"line":239,"column":null}},"102":{"start":{"line":241,"column":4},"end":{"line":276,"column":null}},"103":{"start":{"line":242,"column":24},"end":{"line":244,"column":10}},"104":{"start":{"line":246,"column":8},"end":{"line":247,"column":null}},"105":{"start":{"line":247,"column":12},"end":{"line":247,"column":null}},"106":{"start":{"line":251,"column":8},"end":{"line":252,"column":null}},"107":{"start":{"line":252,"column":12},"end":{"line":252,"column":null}},"108":{"start":{"line":252,"column":63},"end":{"line":252,"column":121}},"109":{"start":{"line":255,"column":8},"end":{"line":255,"column":null}},"110":{"start":{"line":256,"column":8},"end":{"line":256,"column":null}},"111":{"start":{"line":257,"column":8},"end":{"line":257,"column":null}},"112":{"start":{"line":259,"column":23},"end":{"line":259,"column":71}},"113":{"start":{"line":261,"column":8},"end":{"line":264,"column":null}},"114":{"start":{"line":262,"column":28},"end":{"line":262,"column":null}},"115":{"start":{"line":263,"column":12},"end":{"line":264,"column":null}},"116":{"start":{"line":264,"column":16},"end":{"line":264,"column":null}},"117":{"start":{"line":268,"column":8},"end":{"line":268,"column":null}},"118":{"start":{"line":269,"column":8},"end":{"line":269,"column":null}},"119":{"start":{"line":272,"column":8},"end":{"line":272,"column":null}},"120":{"start":{"line":273,"column":8},"end":{"line":276,"column":null}},"121":{"start":{"line":274,"column":12},"end":{"line":274,"column":null}},"122":{"start":{"line":276,"column":12},"end":{"line":276,"column":null}}},"fnMap":{"0":{"name":"(anonymous_0)","decl":{"start":{"line":12,"column":22},"end":{"line":12,"column":29}},"loc":{"start":{"line":12,"column":50},"end":{"line":38,"column":null}},"line":12},"1":{"name":"(anonymous_1)","decl":{"start":{"line":42,"column":23},"end":{"line":42,"column":30}},"loc":{"start":{"line":42,"column":43},"end":{"line":100,"column":null}},"line":42},"2":{"name":"(anonymous_2)","decl":{"start":{"line":54,"column":36},"end":{"line":54,"column":40}},"loc":{"start":{"line":54,"column":45},"end":{"line":54,"column":56}},"line":54},"3":{"name":"(anonymous_3)","decl":{"start":{"line":78,"column":49},"end":{"line":78,"column":53}},"loc":{"start":{"line":78,"column":58},"end":{"line":78,"column":64}},"line":78},"4":{"name":"(anonymous_4)","decl":{"start":{"line":79,"column":50},"end":{"line":79,"column":57}},"loc":{"start":{"line":79,"column":65},"end":{"line":79,"column":88}},"line":79},"5":{"name":"(anonymous_5)","decl":{"start":{"line":105,"column":32},"end":{"line":105,"column":39}},"loc":{"start":{"line":105,"column":52},"end":{"line":156,"column":null}},"line":105},"6":{"name":"(anonymous_6)","decl":{"start":{"line":121,"column":57},"end":{"line":121,"column":63}},"loc":{"start":{"line":121,"column":68},"end":{"line":121,"column":121}},"line":121},"7":{"name":"(anonymous_7)","decl":{"start":{"line":124,"column":70},"end":{"line":124,"column":75}},"loc":{"start":{"line":124,"column":86},"end":{"line":126,"column":15}},"line":124},"8":{"name":"(anonymous_8)","decl":{"start":{"line":126,"column":15},"end":{"line":126,"column":21}},"loc":{"start":{"line":126,"column":26},"end":{"line":126,"column":88}},"line":126},"9":{"name":"(anonymous_9)","decl":{"start":{"line":160,"column":27},"end":{"line":160,"column":34}},"loc":{"start":{"line":160,"column":47},"end":{"line":169,"column":null}},"line":160},"10":{"name":"(anonymous_10)","decl":{"start":{"line":173,"column":32},"end":{"line":173,"column":39}},"loc":{"start":{"line":173,"column":52},"end":{"line":200,"column":null}},"line":173},"11":{"name":"(anonymous_11)","decl":{"start":{"line":204,"column":29},"end":{"line":204,"column":36}},"loc":{"start":{"line":204,"column":49},"end":{"line":220,"column":null}},"line":204},"12":{"name":"(anonymous_12)","decl":{"start":{"line":224,"column":29},"end":{"line":224,"column":36}},"loc":{"start":{"line":224,"column":49},"end":{"line":233,"column":null}},"line":224},"13":{"name":"(anonymous_13)","decl":{"start":{"line":237,"column":31},"end":{"line":237,"column":38}},"loc":{"start":{"line":237,"column":51},"end":{"line":276,"column":null}},"line":237},"14":{"name":"(anonymous_14)","decl":{"start":{"line":252,"column":52},"end":{"line":252,"column":58}},"loc":{"start":{"line":252,"column":63},"end":{"line":252,"column":121}},"line":252}},"branchMap":{"0":{"loc":{"start":{"line":13,"column":4},"end":{"line":13,"column":null}},"type":"if","locations":[{"start":{"line":13,"column":4},"end":{"line":13,"column":null}},{"start":{},"end":{}}],"line":13},"1":{"loc":{"start":{"line":14,"column":4},"end":{"line":14,"column":null}},"type":"if","locations":[{"start":{"line":14,"column":4},"end":{"line":14,"column":null}},{"start":{},"end":{}}],"line":14},"2":{"loc":{"start":{"line":14,"column":8},"end":{"line":14,"column":55}},"type":"binary-expr","locations":[{"start":{"line":14,"column":8},"end":{"line":14,"column":21}},{"start":{"line":14,"column":21},"end":{"line":14,"column":46}},{"start":{"line":14,"column":46},"end":{"line":14,"column":55}}],"line":14},"3":{"loc":{"start":{"line":25,"column":12},"end":{"line":34,"column":null}},"type":"if","locations":[{"start":{"line":25,"column":12},"end":{"line":34,"column":null}},{"start":{},"end":{}}],"line":25},"4":{"loc":{"start":{"line":44,"column":22},"end":{"line":44,"column":null}},"type":"cond-expr","locations":[{"start":{"line":44,"column":56},"end":{"line":44,"column":70}},{"start":{"line":44,"column":70},"end":{"line":44,"column":null}}],"line":44},"5":{"loc":{"start":{"line":45,"column":20},"end":{"line":45,"column":null}},"type":"cond-expr","locations":[{"start":{"line":45,"column":56},"end":{"line":45,"column":72}},{"start":{"line":45,"column":72},"end":{"line":45,"column":null}}],"line":45},"6":{"loc":{"start":{"line":49,"column":8},"end":{"line":54,"column":null}},"type":"if","locations":[{"start":{"line":49,"column":8},"end":{"line":54,"column":null}},{"start":{},"end":{}}],"line":49},"7":{"loc":{"start":{"line":49,"column":12},"end":{"line":49,"column":41}},"type":"binary-expr","locations":[{"start":{"line":49,"column":12},"end":{"line":49,"column":22}},{"start":{"line":49,"column":22},"end":{"line":49,"column":41}}],"line":49},"8":{"loc":{"start":{"line":59,"column":19},"end":{"line":66,"column":18}},"type":"cond-expr","locations":[{"start":{"line":59,"column":27},"end":{"line":65,"column":null}},{"start":{"line":66,"column":16},"end":{"line":66,"column":18}}],"line":59},"9":{"loc":{"start":{"line":79,"column":34},"end":{"line":79,"column":48}},"type":"binary-expr","locations":[{"start":{"line":79,"column":34},"end":{"line":79,"column":46}},{"start":{"line":79,"column":46},"end":{"line":79,"column":48}}],"line":79},"10":{"loc":{"start":{"line":113,"column":8},"end":{"line":114,"column":null}},"type":"if","locations":[{"start":{"line":113,"column":8},"end":{"line":114,"column":null}},{"start":{},"end":{}}],"line":113},"11":{"loc":{"start":{"line":117,"column":21},"end":{"line":117,"column":null}},"type":"cond-expr","locations":[{"start":{"line":117,"column":41},"end":{"line":117,"column":58}},{"start":{"line":117,"column":58},"end":{"line":117,"column":null}}],"line":117},"12":{"loc":{"start":{"line":120,"column":8},"end":{"line":126,"column":null}},"type":"if","locations":[{"start":{"line":120,"column":8},"end":{"line":126,"column":null}},{"start":{"line":122,"column":19},"end":{"line":126,"column":null}}],"line":120},"13":{"loc":{"start":{"line":120,"column":12},"end":{"line":120,"column":41}},"type":"binary-expr","locations":[{"start":{"line":120,"column":12},"end":{"line":120,"column":22}},{"start":{"line":120,"column":22},"end":{"line":120,"column":41}}],"line":120},"14":{"loc":{"start":{"line":122,"column":19},"end":{"line":126,"column":null}},"type":"if","locations":[{"start":{"line":122,"column":19},"end":{"line":126,"column":null}},{"start":{},"end":{}}],"line":122},"15":{"loc":{"start":{"line":122,"column":19},"end":{"line":122,"column":40}},"type":"binary-expr","locations":[{"start":{"line":122,"column":19},"end":{"line":122,"column":29}},{"start":{"line":122,"column":29},"end":{"line":122,"column":40}}],"line":122},"16":{"loc":{"start":{"line":125,"column":16},"end":{"line":125,"column":null}},"type":"if","locations":[{"start":{"line":125,"column":16},"end":{"line":125,"column":null}},{"start":{},"end":{}}],"line":125},"17":{"loc":{"start":{"line":130,"column":8},"end":{"line":136,"column":null}},"type":"if","locations":[{"start":{"line":130,"column":8},"end":{"line":136,"column":null}},{"start":{},"end":{}}],"line":130},"18":{"loc":{"start":{"line":130,"column":12},"end":{"line":130,"column":74}},"type":"binary-expr","locations":[{"start":{"line":130,"column":12},"end":{"line":130,"column":30}},{"start":{"line":130,"column":30},"end":{"line":130,"column":74}}],"line":130},"19":{"loc":{"start":{"line":135,"column":16},"end":{"line":135,"column":null}},"type":"if","locations":[{"start":{"line":135,"column":16},"end":{"line":135,"column":null}},{"start":{},"end":{}}],"line":135},"20":{"loc":{"start":{"line":141,"column":8},"end":{"line":144,"column":null}},"type":"if","locations":[{"start":{"line":141,"column":8},"end":{"line":144,"column":null}},{"start":{"line":143,"column":15},"end":{"line":144,"column":null}}],"line":141},"21":{"loc":{"start":{"line":141,"column":8},"end":{"line":141,"column":76}},"type":"binary-expr","locations":[{"start":{"line":141,"column":8},"end":{"line":141,"column":47}},{"start":{"line":141,"column":47},"end":{"line":141,"column":76}}],"line":141},"22":{"loc":{"start":{"line":149,"column":22},"end":{"line":149,"column":43}},"type":"binary-expr","locations":[{"start":{"line":149,"column":22},"end":{"line":149,"column":37}},{"start":{"line":149,"column":37},"end":{"line":149,"column":43}}],"line":149},"23":{"loc":{"start":{"line":175,"column":17},"end":{"line":175,"column":null}},"type":"binary-expr","locations":[{"start":{"line":175,"column":17},"end":{"line":175,"column":41}},{"start":{"line":175,"column":45},"end":{"line":175,"column":null}}],"line":175},"24":{"loc":{"start":{"line":176,"column":18},"end":{"line":176,"column":null}},"type":"binary-expr","locations":[{"start":{"line":176,"column":18},"end":{"line":176,"column":43}},{"start":{"line":176,"column":47},"end":{"line":176,"column":null}}],"line":176},"25":{"loc":{"start":{"line":206,"column":4},"end":{"line":206,"column":null}},"type":"if","locations":[{"start":{"line":206,"column":4},"end":{"line":206,"column":null}},{"start":{},"end":{}}],"line":206},"26":{"loc":{"start":{"line":211,"column":38},"end":{"line":211,"column":84}},"type":"cond-expr","locations":[{"start":{"line":211,"column":58},"end":{"line":211,"column":75}},{"start":{"line":211,"column":75},"end":{"line":211,"column":84}}],"line":211},"27":{"loc":{"start":{"line":213,"column":8},"end":{"line":217,"column":null}},"type":"if","locations":[{"start":{"line":213,"column":8},"end":{"line":217,"column":null}},{"start":{"line":216,"column":15},"end":{"line":217,"column":null}}],"line":213},"28":{"loc":{"start":{"line":213,"column":8},"end":{"line":213,"column":76}},"type":"binary-expr","locations":[{"start":{"line":213,"column":8},"end":{"line":213,"column":47}},{"start":{"line":213,"column":47},"end":{"line":213,"column":76}}],"line":213},"29":{"loc":{"start":{"line":238,"column":32},"end":{"line":238,"column":44}},"type":"default-arg","locations":[{"start":{"line":238,"column":42},"end":{"line":238,"column":44}}],"line":238},"30":{"loc":{"start":{"line":246,"column":8},"end":{"line":247,"column":null}},"type":"if","locations":[{"start":{"line":246,"column":8},"end":{"line":247,"column":null}},{"start":{},"end":{}}],"line":246},"31":{"loc":{"start":{"line":251,"column":8},"end":{"line":252,"column":null}},"type":"if","locations":[{"start":{"line":251,"column":8},"end":{"line":252,"column":null}},{"start":{},"end":{}}],"line":251},"32":{"loc":{"start":{"line":251,"column":12},"end":{"line":251,"column":36}},"type":"binary-expr","locations":[{"start":{"line":251,"column":12},"end":{"line":251,"column":22}},{"start":{"line":251,"column":22},"end":{"line":251,"column":36}}],"line":251},"33":{"loc":{"start":{"line":262,"column":28},"end":{"line":262,"column":null}},"type":"binary-expr","locations":[{"start":{"line":262,"column":28},"end":{"line":262,"column":64}},{"start":{"line":262,"column":64},"end":{"line":262,"column":null}}],"line":262},"34":{"loc":{"start":{"line":263,"column":12},"end":{"line":264,"column":null}},"type":"if","locations":[{"start":{"line":263,"column":12},"end":{"line":264,"column":null}},{"start":{},"end":{}}],"line":263},"35":{"loc":{"start":{"line":273,"column":8},"end":{"line":276,"column":null}},"type":"if","locations":[{"start":{"line":273,"column":8},"end":{"line":276,"column":null}},{"start":{"line":275,"column":15},"end":{"line":276,"column":null}}],"line":273}},"s":{"0":1,"1":0,"2":0,"3":0,"4":0,"5":0,"6":0,"7":0,"8":0,"9":0,"10":0,"11":0,"12":1,"13":1,"14":1,"15":1,"16":1,"17":1,"18":1,"19":0,"20":0,"21":0,"22":1,"23":1,"24":1,"25":0,"26":1,"27":120,"28":1,"29":1,"30":0,"31":0,"32":0,"33":0,"34":0,"35":1,"36":0,"37":0,"38":0,"39":0,"40":0,"41":0,"42":0,"43":0,"44":0,"45":0,"46":0,"47":0,"48":0,"49":0,"50":0,"51":0,"52":0,"53":0,"54":0,"55":0,"56":0,"57":0,"58":0,"59":0,"60":0,"61":0,"62":0,"63":0,"64":1,"65":0,"66":0,"67":0,"68":0,"69":0,"70":0,"71":1,"72":0,"73":0,"74":0,"75":0,"76":0,"77":0,"78":0,"79":0,"80":1,"81":1,"82":1,"83":0,"84":1,"85":1,"86":1,"87":1,"88":0,"89":0,"90":0,"91":0,"92":1,"93":0,"94":0,"95":0,"96":0,"97":0,"98":0,"99":1,"100":0,"101":0,"102":0,"103":0,"104":0,"105":0,"106":0,"107":0,"108":0,"109":0,"110":0,"111":0,"112":0,"113":0,"114":0,"115":0,"116":0,"117":0,"118":0,"119":0,"120":0,"121":0,"122":0},"f":{"0":0,"1":1,"2":0,"3":0,"4":120,"5":0,"6":0,"7":0,"8":0,"9":0,"10":0,"11":1,"12":0,"13":0,"14":0},"b":{"0":[0,0],"1":[0,0],"2":[0,0,0],"3":[0,0],"4":[0,1],"5":[0,1],"6":[0,1],"7":[1,0],"8":[0,1],"9":[1,0],"10":[0,0],"11":[0,0],"12":[0,0],"13":[0,0],"14":[0,0],"15":[0,0],"16":[0,0],"17":[0,0],"18":[0,0],"19":[0,0],"20":[0,0],"21":[0,0],"22":[0,0],"23":[0,0],"24":[0,0],"25":[0,1],"26":[1,0],"27":[0,0],"28":[0,0],"29":[0],"30":[0,0],"31":[0,0],"32":[0,0],"33":[0,0],"34":[0,0],"35":[0,0]},"meta":{"lastBranch":36,"lastFunction":15,"lastStatement":123,"seen":{"s:12:22:38:Infinity":0,"f:12:22:12:29":0,"b:13:4:13:Infinity:undefined:undefined:undefined:undefined":0,"s:13:4:13:Infinity":1,"s:13:41:13:Infinity":2,"b:14:4:14:Infinity:undefined:undefined:undefined:undefined":1,"s:14:4:14:Infinity":3,"b:14:8:14:21:14:21:14:46:14:46:14:55":2,"s:14:55:14:Infinity":4,"s:17:25:17:45":5,"s:19:4:38:Infinity":6,"s:20:8:34:Infinity":7,"s:21:29:23:14":8,"b:25:12:34:Infinity:undefined:undefined:undefined:undefined":3,"s:25:12:34:Infinity":9,"s:26:16:34:Infinity":10,"s:38:8:38:Infinity":11,"s:42:23:100:Infinity":12,"f:42:23:42:30":1,"s:43:4:100:Infinity":13,"s:44:22:44:Infinity":14,"b:44:56:44:70:44:70:44:Infinity":4,"s:45:20:45:Infinity":15,"b:45:56:45:72:45:72:45:Infinity":5,"s:46:23:46:Infinity":16,"s:48:28:48:30":17,"b:49:8:54:Infinity:undefined:undefined:undefined:undefined":6,"s:49:8:54:Infinity":18,"b:49:12:49:22:49:22:49:41":7,"s:50:28:53:14":19,"s:54:12:54:Infinity":20,"f:54:36:54:40":2,"s:54:45:54:56":21,"s:58:32:72:10":22,"b:59:27:65:Infinity:66:16:66:18":8,"s:75:23:75:74":23,"s:78:25:78:65":24,"f:78:49:78:53":3,"s:78:58:78:64":25,"s:79:14:79:89":26,"b:79:34:79:46:79:46:79:48":9,"f:79:50:79:57":4,"s:79:65:79:88":27,"s:81:21:81:62":28,"s:83:8:92:Infinity":29,"s:94:8:94:Infinity":30,"s:96:8:100:Infinity":31,"s:97:33:97:110":32,"s:98:12:98:Infinity":33,"s:100:12:100:Infinity":34,"s:105:32:156:Infinity":35,"f:105:32:105:39":5,"s:106:46:106:Infinity":36,"s:107:19:107:Infinity":37,"s:108:4:156:Infinity":38,"s:109:23:109:67":39,"s:112:26:112:59":40,"b:113:8:114:Infinity:undefined:undefined:undefined:undefined":10,"s:113:8:114:Infinity":41,"s:114:12:114:Infinity":42,"s:117:21:117:Infinity":43,"b:117:41:117:58:117:58:117:Infinity":11,"b:120:8:126:Infinity:122:19:126:Infinity":12,"s:120:8:126:Infinity":44,"b:120:12:120:22:120:22:120:41":13,"s:121:12:121:Infinity":45,"f:121:57:121:63":6,"s:121:68:121:121":46,"b:122:19:126:Infinity:undefined:undefined:undefined:undefined":14,"s:122:19:126:Infinity":47,"b:122:19:122:29:122:29:122:40":15,"s:124:12:126:Infinity":48,"f:124:70:124:75":7,"b:125:16:125:Infinity:undefined:undefined:undefined:undefined":16,"s:125:16:125:Infinity":49,"s:125:35:125:Infinity":50,"f:126:15:126:21":8,"s:126:26:126:88":51,"s:129:26:129:Infinity":52,"b:130:8:136:Infinity:undefined:undefined:undefined:undefined":17,"s:130:8:136:Infinity":53,"b:130:12:130:30:130:30:130:74":18,"s:131:12:136:Infinity":54,"s:132:31:134:18":55,"b:135:16:135:
[...]
mn":18},"end":{"line":204,"column":133}},{"start":{"line":205,"column":19},"end":{"line":207,"column":201}}],"line":203},"36":{"loc":{"start":{"line":205,"column":19},"end":{"line":207,"column":201}},"type":"cond-expr","locations":[{"start":{"line":206,"column":22},"end":{"line":206,"column":191}},{"start":{"line":207,"column":22},"end":{"line":207,"column":201}}],"line":205},"37":{"loc":{"start":{"line":209,"column":19},"end":{"line":213,"column":70}},"type":"cond-expr","locations":[{"start":{"line":210,"column":18},"end":{"line":210,"column":99}},{"start":{"line":211,"column":19},"end":{"line":213,"column":69}}],"line":209},"38":{"loc":{"start":{"line":211,"column":19},"end":{"line":213,"column":69}},"type":"cond-expr","locations":[{"start":{"line":212,"column":22},"end":{"line":212,"column":75}},{"start":{"line":213,"column":22},"end":{"line":213,"column":69}}],"line":211},"39":{"loc":{"start":{"line":215,"column":20},"end":{"line":219,"column":79}},"type":"cond-expr","locations":[{"start":{"line":216,"column":18},"end":{"line":216,"column":137}},{"start":{"line":217,"column":19},"end":{"line":219,"column":78}}],"line":215},"40":{"loc":{"start":{"line":217,"column":19},"end":{"line":219,"column":78}},"type":"cond-expr","locations":[{"start":{"line":218,"column":22},"end":{"line":218,"column":78}},{"start":{"line":219,"column":22},"end":{"line":219,"column":78}}],"line":217},"41":{"loc":{"start":{"line":222,"column":40},"end":{"line":222,"column":65}},"type":"binary-expr","locations":[{"start":{"line":222,"column":40},"end":{"line":222,"column":51}},{"start":{"line":222,"column":55},"end":{"line":222,"column":65}}],"line":222},"42":{"loc":{"start":{"line":234,"column":19},"end":{"line":234,"column":54}},"type":"cond-expr","locations":[{"start":{"line":234,"column":40},"end":{"line":234,"column":50}},{"start":{"line":234,"column":53},"end":{"line":234,"column":54}}],"line":234},"43":{"loc":{"start":{"line":246,"column":24},"end":{"line":257,"column":16}},"type":"cond-expr","locations":[{"start":{"line":246,"column":54},"end":{"line":257,"column":11}},{"start":{"line":257,"column":14},"end":{"line":257,"column":16}}],"line":246},"44":{"loc":{"start":{"line":248,"column":19},"end":{"line":248,"column":61}},"type":"binary-expr","locations":[{"start":{"line":248,"column":19},"end":{"line":248,"column":28}},{"start":{"line":248,"column":32},"end":{"line":248,"column":47}},{"start":{"line":248,"column":51},"end":{"line":248,"column":61}}],"line":248},"45":{"loc":{"start":{"line":250,"column":17},"end":{"line":250,"column":82}},"type":"binary-expr","locations":[{"start":{"line":250,"column":17},"end":{"line":250,"column":24}},{"start":{"line":250,"column":28},"end":{"line":250,"column":82}}],"line":250},"46":{"loc":{"start":{"line":253,"column":20},"end":{"line":253,"column":43}},"type":"binary-expr","locations":[{"start":{"line":253,"column":20},"end":{"line":253,"column":30}},{"start":{"line":253,"column":34},"end":{"line":253,"column":43}}],"line":253},"47":{"loc":{"start":{"line":256,"column":20},"end":{"line":256,"column":35}},"type":"binary-expr","locations":[{"start":{"line":256,"column":20},"end":{"line":256,"column":30}},{"start":{"line":256,"column":34},"end":{"line":256,"column":35}}],"line":256},"48":{"loc":{"start":{"line":260,"column":28},"end":{"line":271,"column":16}},"type":"cond-expr","locations":[{"start":{"line":260,"column":63},"end":{"line":271,"column":11}},{"start":{"line":271,"column":14},"end":{"line":271,"column":16}}],"line":260},"49":{"loc":{"start":{"line":263,"column":25},"end":{"line":263,"column":58}},"type":"binary-expr","locations":[{"start":{"line":263,"column":25},"end":{"line":263,"column":41}},{"start":{"line":263,"column":45},"end":{"line":263,"column":58}}],"line":263},"50":{"loc":{"start":{"line":267,"column":20},"end":{"line":267,"column":50}},"type":"binary-expr","locations":[{"start":{"line":267,"column":20},"end":{"line":267,"column":37}},{"start":{"line":267,"column":41},"end":{"line":267,"column":50}}],"line":267},"51":{"loc":{"start":{"line":268,"column":19},"end":{"line":268,"column":42}},"type":"binary-expr","locations":[{"start":{"line":268,"column":19},"end":{"line":268,"column":32}},{"start":{"line":268,"column":36},"end":{"line":268,"column":42}}],"line":268},"52":{"loc":{"start":{"line":269,"column":32},"end":{"line":269,"column":84}},"type":"binary-expr","locations":[{"start":{"line":269,"column":32},"end":{"line":269,"column":47}},{"start":{"line":269,"column":51},"end":{"line":269,"column":65}},{"start":{"line":269,"column":69},"end":{"line":269,"column":84}}],"line":269},"53":{"loc":{"start":{"line":270,"column":20},"end":{"line":270,"column":46}},"type":"binary-expr","locations":[{"start":{"line":270,"column":20},"end":{"line":270,"column":41}},{"start":{"line":270,"column":45},"end":{"line":270,"column":46}}],"line":270},"54":{"loc":{"start":{"line":274,"column":27},"end":{"line":285,"column":16}},"type":"cond-expr","locations":[{"start":{"line":274,"column":54},"end":{"line":285,"column":11}},{"start":{"line":285,"column":14},"end":{"line":285,"column":16}}],"line":274},"55":{"loc":{"start":{"line":277,"column":25},"end":{"line":277,"column":47}},"type":"binary-expr","locations":[{"start":{"line":277,"column":25},"end":{"line":277,"column":41}},{"start":{"line":277,"column":45},"end":{"line":277,"column":47}}],"line":277},"56":{"loc":{"start":{"line":279,"column":19},"end":{"line":279,"column":56}},"type":"binary-expr","locations":[{"start":{"line":279,"column":19},"end":{"line":279,"column":35}},{"start":{"line":279,"column":39},"end":{"line":279,"column":56}}],"line":279},"57":{"loc":{"start":{"line":281,"column":20},"end":{"line":281,"column":48}},"type":"binary-expr","locations":[{"start":{"line":281,"column":20},"end":{"line":281,"column":35}},{"start":{"line":281,"column":39},"end":{"line":281,"column":48}}],"line":281},"58":{"loc":{"start":{"line":282,"column":18},"end":{"line":282,"column":37}},"type":"binary-expr","locations":[{"start":{"line":282,"column":18},"end":{"line":282,"column":31}},{"start":{"line":282,"column":35},"end":{"line":282,"column":37}}],"line":282},"59":{"loc":{"start":{"line":284,"column":20},"end":{"line":284,"column":52}},"type":"binary-expr","locations":[{"start":{"line":284,"column":20},"end":{"line":284,"column":47}},{"start":{"line":284,"column":51},"end":{"line":284,"column":52}}],"line":284},"60":{"loc":{"start":{"line":288,"column":28},"end":{"line":304,"column":16}},"type":"cond-expr","locations":[{"start":{"line":289,"column":14},"end":{"line":303,"column":14}},{"start":{"line":304,"column":14},"end":{"line":304,"column":16}}],"line":288},"61":{"loc":{"start":{"line":296,"column":27},"end":{"line":296,"column":79}},"type":"cond-expr","locations":[{"start":{"line":296,"column":61},"end":{"line":296,"column":72}},{"start":{"line":296,"column":75},"end":{"line":296,"column":79}}],"line":296},"62":{"loc":{"start":{"line":301,"column":28},"end":{"line":301,"column":38}},"type":"binary-expr","locations":[{"start":{"line":301,"column":28},"end":{"line":301,"column":33}},{"start":{"line":301,"column":37},"end":{"line":301,"column":38}}],"line":301},"63":{"loc":{"start":{"line":308,"column":28},"end":{"line":308,"column":50}},"type":"binary-expr","locations":[{"start":{"line":308,"column":28},"end":{"line":308,"column":38}},{"start":{"line":308,"column":42},"end":{"line":308,"column":50}}],"line":308},"64":{"loc":{"start":{"line":317,"column":8},"end":{"line":339,"column":9}},"type":"if","locations":[{"start":{"line":317,"column":8},"end":{"line":339,"column":9}},{"start":{"line":319,"column":15},"end":{"line":339,"column":9}}],"line":317},"65":{"loc":{"start":{"line":319,"column":15},"end":{"line":339,"column":9}},"type":"if","locations":[{"start":{"line":319,"column":15},"end":{"line":339,"column":9}},{"start":{"line":321,"column":15},"end":{"line":339,"column":9}}],"line":319},"66":{"loc":{"start":{"line":324,"column":35},"end":{"line":327,"column":28}},"type":"cond-expr","locations":[{"start":{"line":327,"column":20},"end":{"line":327,"column":24}},{"start":{"line":327,"column":27},"end":{"line":327,"column":28}}],"line":324},"67":{"loc":{"start":{"line":325,"column":20},"end":{"line":326,"column":82}},"type":"binary-expr","locations":[{"start":{"line":325,"column":20},"end":{"line":325,"column":70}},{"start":{"line":326,"column":20},"end":{"line":326,"column":82}}],"line":325},"68":{"loc":{"start":{"line":329,"column":35},"end":{"line":332,"column":28}},"type":"cond-expr","locations":[{"start":{"line":332,"column":20},"end":{"line":332,"column":24}},{"start":{"line":332,"column":27},"end":{"line":332,"column":28}}],"line":329},"69":{"loc":{"start":{"line":330,"column":20},"end":{"line":331,"column":82}},"type":"binary-expr","locations":[{"start":{"line":330,"column":20},"end":{"line":330,"column":70}},{"start":{"line":331,"column":20},"end":{"line":331,"column":82}}],"line":330},"70":{"loc":{"start":{"line":344,"column":8},"end":{"line":354,"column":9}},"type":"if","locations":[{"start":{"line":344,"column":8},"end":{"line":354,"column":9}},{"start":{},"end":{}}],"line":344},"71":{"loc":{"start":{"line":350,"column":12},"end":{"line":353,"column":13}},"type":"if","locations":[{"start":{"line":350,"column":12},"end":{"line":353,"column":13}},{"start":{},"end":{}}],"line":350},"72":{"loc":{"start":{"line":359,"column":8},"end":{"line":361,"column":9}},"type":"if","locations":[{"start":{"line":359,"column":8},"end":{"line":361,"column":9}},{"start":{},"end":{}}],"line":359},"73":{"loc":{"start":{"line":359,"column":12},"end":{"line":359,"column":52}},"type":"binary-expr","locations":[{"start":{"line":359,"column":12},"end":{"line":359,"column":31}},{"start":{"line":359,"column":35},"end":{"line":359,"column":52}}],"line":359}},"s":{"0":1,"1":1,"2":1,"3":4,"4":4,"5":4,"6":0,"7":0,"8":0,"9":0,"10":4,"11":4,"12":4,"13":4,"14":4,"15":0,"16":0,"17":0,"18":4,"19":4,"20":4,"21":4,"22":0,"23":4,"24":0,"25":0,"26":0,"27":0,"28":1,"29":0,"30":0,"31":0,"32":0,"33":0,"34":0,"35":0,"36":0,"37":0,"38":0,"39":1,"40":0,"41":0,"42":0,"43":0,"44":0,"45":0,"46":0,"47":1,"48":1234,"49":1234,"50":1234,"51":0,"52":1234,"53":1234,"54":1234,"55":1234,"56":1234,"57":1234,"58":1,"59":1,"60":1,"61":1,"62":1,"63":1,"64":0,"65":0,"66":0,"67":1,"68":1,"69":0,"70":1,"71":1,"72":1,"73":1,"74":1,"75":120,"76":120,"77":1,"78":30,"79":30,"80":0,"81":1,"82":30,"83":1,"84":30,"85":1,"86":30,"87":1,"88":30,"89":30,"90":1,"91":120,"92":1,"93":1,"94":1,"95":1,"96":1,"97":1,"98":0,"99":0,"100":1,"101":0,"102":0,"103":1,"104":617,"105":0,"106":0,"107":617,"108":0,"109":0,"110":617,"111":617,"112":617,"113":1,"114":1,"115":0,"116":0,"117":0,"118":0,"119":0,"120":0,"121":1,"122":1,"123":0,"124":1,"125":0,"126":0},"f":{"0":4,"1":0,"2":0,"3":0,"4":1234,"5":1,"6":120,"7":30,"8":30,"9":30,"10":30,"11":30,"12":120,"13":0,"14":0,"15":617,"16":0,"17":0,"18":0,"19":0,"20":0},"b":{"0":[4],"1":[0,4],"2":[0,0],"3":[1,3],"4":[0,4],"5":[0,0],"6":[0,0],"7":[0,4],"8":[4,0],"9":[0,0],"10":[0,0,0],"11":[0,0,0],"12":[0,0],"13":[0,0],"14":[0,0],"15":[0,0],"16":[0,0],"17":[0,0],"18":[0,0],"19":[0,0],"20":[0,1234],"21":[0,0],"22":[1234,59],"23":[1234,0],"24":[1],"25":[1],"26":[1],"27":[1],"28":[0,1],"29":[0,0],"30":[0,1],"31":[1,1,0],"32":[1,1],"33":[0,1],"34":[0,1],"35":[0,1],"36":[0,1],"37":[0,1],"38":[0,1],"39":[0,1],"40":[0,1],"41":[1,1],"42":[0,120],"43":[1,0],"44":[30,0,0],"45":[30,0],"46":[30,0],"47":[30,0],"48":[1,0],"49":[30,0],"50":[30,0],"51":[30,3],"52":[30,0,0],"53":[30,0],"54":[1,0],"55":[30,0],"56":[30,4],"57":[30,0],"58":[30,0],"59":[30,0],"60":[1,0],"61":[0,30],"62":[30,7],"63":[120,120],"64":[0,1],"65":[0,1],"66":[0,617],"67":[0,0],"68":[0,617],"69":[0,0],"70":[0,1],"71":[0,0],"72":[0,1],"73":[1,0]},"meta":{"lastBranch":74,"lastFunction":21,"lastStatement":127,"seen":{"s:6:15:6:27":0,"s:8:20:13:1":1,"s:20:18:74:1":2,"f:20:18:20:23":0,"b:20:40:20:42":0,"s:22:21:22:38":3,"s:23:4:30:5":4,"b:24:8:27:9:undefined:undefined:undefined:undefined":1,"s:24:8:27:9":5,"s:25:27:25:58":6,"b:26:12:26:50:undefined:undefined:undefined:undefined":2,"s:26:12:26:50":7,"s:26:24:26:50":8,"s:29:8:29:66":9,"s:32:27:36:5":10,"s:38:4:73:5":11,"s:39:29:44:9":12,"b:43:69:43:74:43:77:43:81":3,"s:46:20:46:50":13,"b:48:8:54:9:undefined:undefined:undefined:undefined":4,"s:48:8:54:9":14,"b:50:12:52:13:undefined:undefined:undefined:undefined":5,"s:50:12:52:13":15,"b:50:18:50:36:50:40:50:66":6,"s:51:16:51:80":16,"s:53:12:53:24":17,"s:56:21:56:37":18,"s:57:8:69:9":19,"s:58:25:58:41":20,"b:61:12:63:13:undefined:undefined:undefined:undefined":7,"s:61:12:63:13":21,"b:61:16:61:35:61:39:61:43":8,"s:62:16:62:83":22,"s:65:12:65:24":23,"s:67:12:67:104":24,"s:68:12:68:24":25,"s:71:8:71:78":26,"s:72:8:72:20":27,"s:80:29:106:1":28,"f:80:29:80:34":1,"s:81:24:81:26":29,"s:83:4:103:5":30,"s:84:8:102:9":31,"s:85:12:85:67":32,"s:86:25:86:58":33,"s:88:31:97:15":34,"f:88:46:88:50":2,"s:88:55:97:13":35,"b:89:42:89:51:89:55:89:64":9,"b:91:29:91:48:91:52:91:64:91:68:91:70":10,"b:94:24:94:36:94:40:94:51:94:55:94:64":11,"b:95:42:95:64:95:67:95:77":12,"b:96:22:96:37:96:41:96:43":13,"s:99:12:99:44":36,"s:101:12:101:79":37,"s:105:4:105:23":38,"s:112:24:141:1":39,"f:112:24:112:29":3,"b:113:4:113:51:undefined:undefined:undefined:undefined":14,"s:113:4:113:51":40,"b:113:8:113:17:113:21:113:42":15,"s:113:44:113:51":41,"s:115:4:140:5":42,"s:117:29:117:50":43,"s:119:8:137:9":44,"s:120:12:136:15":45,"b:123:28:123:42:123:46:123:47":16,"b:124:27:124:40:124:44:124:48":17,"b:133:26:133:38:133:42:133:44":18,"b:134:28:134:42:134:46:134:47":19,"s:139:8:139:60":46,"s:147:27:172:1":47,"f:147:27:147:28":4,"s:148:16:148:26":48,"s:149:20:149:44":49,"b:152:4:152:60:undefined:undefined:undefined:undefined":20,"s:152:4:152:60":50,"s:152:34:152:60":51,"b:152:42:152:53:152:57:152:58":21,"s:156:21:156:68":52,"s:157:25:157:59":53,"s:160:24:160:48":54,"b:160:25:160:36:160:40:160:41":22,"s:163:26:168:5":55,"s:169:24:169:55":56,"b:169:24:169:50:169:54:169:55":23,"s:171:4:171:52":57,"s:174:30:369:1":58,"f:174:30:174:35":5,"b:174:91:174:93":24,"b:174:47:174:49":25,"b:174:57:174:66":26,"b:174:84:174:86":27,"s:175:4:368:5":59,"s:176:32:176:58":60,"s:179:30:179:95":61,"s:180:8:185:18":62,"b:181:12:184:13:undefined:undefined:undefined:undefined":28,"s:181:12:184:13":63,"s:182:36:182:72":64,"b:183:16:183:64:undefined:undefined:undefined:undefined":29,"s:183:16:183:64":65,"s:183:33:183:64":66,"s:188:26:188:41":67,"b:189:8:191:9:undefined:undefined:undefined:undefined":30,"s:189:8:191:9":68,"b:189:12:189:29:189:33:189:57:189:61:189:77":31,"s:190:12:190:53":69,"s:193:29:193:78":70,"b:193:29:193:72:193:76:193:78":32,"s:196:21:220:9":71,"b:198:18:198:123:199:19:201:91":33,"b:200:22:200:94:201:22:201:91":34,"b:204:18:204:133:205:19:207:201":35,"b:206:22:206:191:207:22:207:201":36,"b:210:18:210:99:211:19:213:69":37,"b:212:22:212:75:213:22:213:69":38,"b:216:18:216:137:217:19:219:78":39,"b:218:22:218:78:219:22:219:78":40,"s:222:8:222:67":72,"b:222:40:222:51:222:55:222:65":41,"s:224:60:229:10":73,"s:232:25:235:9":74,"f:232:25:232:26":6,"s:233:22:233:36":75,"s:234:12:234:55":76,"b:234:40:234:50:234:53:234:54":42,"s:237:27:243:9":77,"f:237:27:237:28":7,"s:238:12:242:13":78,"s:239:16:239:45":79,"s:241:16:241:46":80,"s:246:24:257:16":81,"b:246:54:257:11:257:14:257:16":43,"f:246:70:246:73":8,"s:246:78:257:9":82,"b:248:19:248:28:248:32:248:47:248:51:248:61":44,"b:250:17:250:24:250:28:250:82":45,"b:253:20:253:30:253:34:253:43":46,"b:256:20:256:30:256:34:256:35":47,"s:260:28:271:16":83,"b:260:63:271:11:271:14:271:16":48,"f:260:84:260:88":9,"s:260:93:271:9":84,"b:263:25:263:41:263:45:263:58":49,"b:267:20:267:37:267:41:267:50":50,"b:268:19:268:32:268:36:268:42":51,"b:269:32:269:47:269:51:269:65:269:69:269:84":52,"b:270:20:270:41:270:45:270:46":53,"s:274:27:285:16":85,"b:274:54:285:11:285:14:285:16":54,"f:274:68:274:72":10,"s:274:77:285:9":86,"b:277:25:277:41:277:45:277:47":55,"b:279:19:279:35:279:39:279:56":56,"b:281:20:281:35:281:39:281:48":57,"b:282:18:282:31:282:35:282:37":58,"b:284:20:284:47:284:51:284:52":59,"s:288:28:304:16":87,"b:289:14:303:14:304:14:304:16":60,"f:289:43:289:48":11,"s:290:26:290:36":88,"s:291:16:302:18":89,"b:296:61:296:72:296:75:296:79":61,"b:301:28:301:33:301:37:301:38":62,"s:307:21:308:51":90,"f:308:20:308:24":12,"s:308:28:308:50":91,"b:308:28:308:38:308:42:308:50":63,"s:310:8:310:43":92,"s:311:8:311:47":93,"s:312:8:312:47":94,"s:313:8:313:48":95,"s:314:8:314:46":96,"b:317:8:339:9:319:15:339:9":64,"s:317:8:339:9":97,"s:318:12:318:81":98,"f:318:24:318:25":13,"s:318:34:318:79":99,"b:319:15:339:9:321:15:339:9":65,"s:319:15:339:9":100,"s:320:12:320:81":101,"f:320:24:320:25":14,"s:320:34:320:79":102,"s:323:12:338:15":103,"f:323:24:323:25":15,"s:324:35:327:28":104,"b:327:20:327:24:327:27:327:28":66,"f:324:54:324:58":16,"s:325:20:326:82":105,"b:325:20:325:70:326:20:326:82":67,"f:326:32:326:33":17,"s:326:37:326:81":106,"s:329:35:332:28":107,"b:332:20:332:24:332:27:332:28":68,"f:329:54:329:58":18,"s:330:20:331:82":108,"b:330:20:330:70:331:20:331:82":69,"f:331:32:331:33":19,"s:331:37:331:81":109,"s:334:31:334:65":110,"s:335:31:335:65":111,"s:337:16:337:39":112,"s:342:21:342:27":113,"b:344:8:354:9:undefined:undefined:undefined:undefined":70,"s:344:8:354:9":114,"s:345:12:348:15":115,"f:345:35:345:39":20,"s:346:29:346:78":116,"s:347:16:347:54":117,"b:350:12:353:13:undefined:undefined:undefined:undefined":71,"s:350:12:353:13":118,"s:351:16:351:68":119,"s:352:16:352:32":120,"s:356:8:356:54":121,"b:359:8:361:9:undefined:undefined:undefined:undefined":72,"s:359:8:361:9":122,"b:359:12:359:31:359:35:359:52":73,"s:360:12:360:86":123,"s:363:8:363:22":124,"s:366:8:366:61":125,"s:367:8:367:18":126}}}
,"D:\\AI-Projects\\TechPulse\\techpulse-backend\\src\\utils\\aiValidation.js": {"path":"D:\\AI-Projects\\TechPulse\\techpulse-backend\\src\\utils\\aiValidation.js","statementMap":{"0":{"start":{"line":3,"column":31},"end":{"line":10,"column":2}},"1":{"start":{"line":12,"column":32},"end":{"line":35,"column":2}},"2":{"start":{"line":37,"column":40},"end":{"line":39,"column":2}},"3":{"start":{"line":46,"column":31},"end":{"line":65,"column":1}},"4":{"start":{"line":47,"column":4},"end":{"line":64,"column":5}},"5":{"start":{"line":49,"column":8},"end":{"line":49,"column":31}},"6":{"start":{"line":51,"column":8},"end":{"line":51,"column":92}},"7":{"start":{"line":53,"column":8},"end":{"line":63,"column":9}},"8":{"start":{"line":55,"column":29},"end":{"line":55,"column":73}},"9":{"start":{"line":59,"column":12},"end":{"line":59,"column":40}},"10":{"start":{"line":61,"column":12},"end":{"line":61,"column":80}},"11":{"start":{"line":62,"column":12},"end":{"line":62,"column":24}}},"fnMap":{"0":{"name":"(anonymous_0)","decl":{"start":{"line":46,"column":31},"end":{"line":46,"column":32}},"loc":{"start":{"line":46,"column":40},"end":{"line":65,"column":1}},"line":46}},"branchMap":{},"s":{"0":1,"1":1,"2":1,"3":1,"4":0,"5":0,"6":0,"7":0,"8":0,"9":0,"10":0,"11":0},"f":{"0":0},"b":{},"meta":{"lastBranch":0,"lastFunction":1,"lastStatement":12,"seen":{"s:3:31:10:2":0,"s:12:32:35:2":1,"s:37:40:39:2":2,"s:46:31:65:1":3,"f:46:31:46:32":0,"s:47:4:64:5":4,"s:49:8:49:31":5,"s:51:8:51:92":6,"s:53:8:63:9":7,"s:55:29:55:73":8,"s:59:12:59:40":9,"s:61:12:61:80":10,"s:62:12:62:24":11}}}
,"D:\\AI-Projects\\TechPulse\\techpulse-backend\\src\\utils\\validation.js": {"path":"D:\\AI-Projects\\TechPulse\\techpulse-backend\\src\\utils\\validation.js","statementMap":{"0":{"start":{"line":3,"column":26},"end":{"line":8,"column":2}},"1":{"start":{"line":10,"column":31},"end":{"line":16,"column":2}},"2":{"start":{"line":18,"column":33},"end":{"line":25,"column":2}},"3":{"start":{"line":27,"column":35},"end":{"line":31,"column":2}},"4":{"start":{"line":33,"column":34},"end":{"line":37,"column":2}}},"fnMap":{},"branchMap":{},"s":{"0":1,"1":1,"2":1,"3":1,"4":1},"f":{},"b":{},"meta":{"lastBranch":0,"lastFunction":0,"lastStatement":5,"seen":{"s:3:26:8:2":0,"s:10:31:16:2":1,"s:18:33:25:2":2,"s:27:35:31:2":3,"s:33:34:37:2":4}}}
}
