TN:
SF:server.js
FN:73,(anonymous_0)
FN:91,(anonymous_1)
FNF:2
FNH:1
FNDA:2,(anonymous_0)
FNDA:0,(anonymous_1)
DA:16,1
DA:18,1
DA:26,1
DA:33,1
DA:39,1
DA:44,1
DA:51,1
DA:60,1
DA:62,1
DA:63,1
DA:64,1
DA:67,1
DA:70,1
DA:73,1
DA:74,2
DA:81,1
DA:85,1
DA:88,1
DA:90,0
DA:91,0
DA:92,0
LF:21
LH:18
BRDA:40,0,0,1
BRDA:40,0,1,1
BRDA:85,1,0,1
BRDA:85,1,1,1
BRDA:88,2,0,0
BRDA:88,2,1,1
BRF:6
BRH:5
end_of_record
TN:
SF:src\config\groq.js
FN:13,(anonymous_0)
FN:30,(anonymous_1)
FNF:2
FNH:1
FNDA:1,(anonymous_0)
FNDA:0,(anonymous_1)
DA:4,1
DA:8,1
DA:10,1
DA:14,1
DA:29,1
DA:30,0
DA:31,0
DA:35,1
DA:44,0
LF:9
LH:6
BRDA:8,0,0,1
BRDA:8,0,1,0
BRDA:29,1,0,0
BRDA:29,1,1,1
BRF:4
BRH:2
end_of_record
TN:
SF:src\config\logger.js
FNF:0
FNH:0
DA:3,1
DA:20,1
DA:21,1
LF:3
LH:3
BRDA:4,0,0,1
BRDA:4,0,1,1
BRDA:20,1,0,1
BRDA:20,1,1,0
BRF:4
BRH:3
end_of_record
TN:
SF:src\config\prisma.js
FN:5,connectWithRetry
FN:16,(anonymous_1)
FNF:2
FNH:0
FNDA:0,connectWithRetry
FNDA:0,(anonymous_1)
DA:3,1
DA:6,0
DA:8,0
DA:9,0
DA:10,0
DA:11,0
DA:12,0
DA:14,0
DA:15,0
DA:16,0
DA:22,1
DA:23,0
LF:12
LH:2
BRDA:22,0,0,0
BRDA:22,0,1,1
BRF:2
BRH:1
end_of_record
TN:
SF:src\config\swagger.js
FN:33,(anonymous_0)
FNF:1
FNH:1
FNDA:1,(anonymous_0)
DA:4,1
DA:31,1
DA:33,1
DA:34,1
LF:4
LH:4
BRF:0
BRH:0
end_of_record
TN:
SF:src\controllers\adminController.js
FN:9,(anonymous_0)
FN:40,(anonymous_1)
FN:63,(anonymous_2)
FN:75,(anonymous_3)
FNF:4
FNH:0
FNDA:0,(anonymous_0)
FNDA:0,(anonymous_1)
FNDA:0,(anonymous_2)
FNDA:0,(anonymous_3)
DA:6,1
DA:7,1
DA:9,1
DA:10,0
DA:12,0
DA:19,0
DA:25,0
DA:35,0
DA:36,0
DA:40,1
DA:41,0
DA:42,0
DA:43,0
DA:47,0
DA:49,0
DA:55,0
DA:56,0
DA:58,0
DA:59,0
DA:63,1
DA:64,0
DA:65,0
DA:69,0
DA:71,0
DA:72,0
DA:75,0
DA:78,0
DA:80,0
DA:85,0
DA:86,0
DA:88,0
DA:89,0
LF:32
LH:5
BRDA:55,0,0,0
BRDA:55,0,1,0
BRDA:64,1,0,0
BRDA:65,2,0,0
BRDA:65,2,1,0
BRDA:82,3,0,0
BRDA:82,3,1,0
BRDA:85,4,0,0
BRDA:85,4,1,0
BRF:9
BRH:0
end_of_record
TN:
SF:src\controllers\analysisController.js
FN:5,(anonymous_0)
FN:18,(anonymous_1)
FN:76,(anonymous_2)
FN:87,(anonymous_3)
FN:113,(anonymous_4)
FN:142,(anonymous_5)
FN:149,(anonymous_6)
FN:155,(anonymous_7)
FN:160,(anonymous_8)
FN:166,(anonymous_9)
FN:178,(anonymous_10)
FN:186,(anonymous_11)
FNF:12
FNH:0
FNDA:0,(anonymous_0)
FNDA:0,(anonymous_1)
FNDA:0,(anonymous_2)
FNDA:0,(anonymous_3)
FNDA:0,(anonymous_4)
FNDA:0,(anonymous_5)
FNDA:0,(anonymous_6)
FNDA:0,(anonymous_7)
FNDA:0,(anonymous_8)
FNDA:0,(anonymous_9)
FNDA:0,(anonymous_10)
FNDA:0,(anonymous_11)
DA:5,1
DA:6,0
DA:7,0
DA:8,0
DA:9,0
DA:12,0
DA:14,0
DA:18,1
DA:19,0
DA:21,0
DA:22,0
DA:23,0
DA:25,0
DA:27,0
DA:28,0
DA:36,0
DA:40,0
DA:46,0
DA:49,0
DA:50,0
DA:51,0
DA:52,0
DA:54,0
DA:63,0
DA:70,0
DA:71,0
DA:76,1
DA:77,0
DA:78,0
DA:81,0
DA:87,0
DA:99,0
DA:108,0
DA:109,0
DA:113,1
DA:114,0
DA:115,0
DA:116,0
DA:118,0
DA:119,0
DA:125,0
DA:126,0
DA:129,0
DA:131,0
DA:134,0
DA:137,0
DA:138,0
DA:142,1
DA:143,0
DA:144,0
DA:145,0
DA:149,0
DA:151,0
DA:155,1
DA:156,0
DA:157,0
DA:160,0
DA:162,0
DA:166,1
DA:167,0
DA:168,0
DA:169,0
DA:172,0
DA:174,0
DA:178,1
DA:179,0
DA:180,0
DA:182,0
DA:183,0
DA:184,0
DA:186,0
DA:188,0
DA:189,0
DA:190,0
DA:191,0
DA:192,0
DA:195,0
DA:196,0
DA:197,0
DA:198,0
DA:199,0
DA:202,0
DA:203,0
DA:205,0
DA:207,0
DA:209,0
DA:210,0
DA:211,0
DA:212,0
DA:213,0
DA:216,0
DA:217,0
DA:219,0
DA:220,0
DA:221,0
DA:224,0
DA:227,0
DA:233,0
DA:242,0
DA:248,0
DA:249,0
DA:252,0
DA:253,0
DA:254,0
DA:255,0
DA:256,0
DA:257,0
DA:260,0
DA:261,0
LF:109
LH:8
BRDA:21,0,0,0
BRDA:21,0,1,0
BRDA:22,1,0,0
BRDA:22,1,1,0
BRDA:27,2,0,0
BRDA:27,2,1,0
BRDA:50,3,0,0
BRDA:50,3,1,0
BRDA:51,4,0,0
BRDA:51,4,1,0
BRDA:78,5,0,0
BRDA:78,5,1,0
BRDA:104,6,0,0
BRDA:104,6,1,0
BRDA:125,7,0,0
BRDA:125,7,1,0
BRDA:180,8,0,0
BRDA:180,8,1,0
BRDA:190,9,0,0
BRDA:190,9,1,0
BRDA:197,10,0,0
BRDA:197,10,1,0
BRDA:211,11,0,0
BRDA:211,11,1,0
BRDA:213,12,0,0
BRDA:213,12,1,0
BRDA:217,13,0,0
BRDA:217,13,1,0
BRDA:220,14,0,0
BRDA:220,14,1,0
BRDA:224,15,0,0
BRDA:224,15,1,0
BRDA:228,16,0,0
BRDA:228,16,1,0
BRDA:229,17,0,0
BRDA:229,17,1,0
BRDA:230,18,0,0
BRDA:230,18,1,0
BRDA:234,19,0,0
BRDA:234,19,1,0
BRDA:235,20,0,0
BRDA:235,20,1,0
BRDA:236,21,0,0
BRDA:236,21,1,0
BRDA:237,22,0,0
BRDA:237,22,1,0
BRDA:238,23,0,0
BRDA:238,23,1,0
BRDA:239,24,0,0
BRDA:239,24,1,0
BRDA:255,25,0,0
BRDA:255,25,1,0
BRF:52
BRH:0
end_of_record
TN:
SF:src\controllers\authController.js
FN:7,(anonymous_0)
FN:39,(anonymous_1)
FNF:2
FNH:2
FNDA:1,(anonymous_0)
FNDA:2,(anonymous_1)
DA:5,1
DA:7,1
DA:8,1
DA:10,1
DA:11,1
DA:12,1
DA:13,1
DA:16,1
DA:24,1
DA:30,1
DA:32,0
DA:39,1
DA:40,2
DA:42,2
DA:43,2
DA:44,2
DA:45,1
DA:53,1
DA:59,1
DA:61,1
DA:64,0
LF:21
LH:19
BRDA:5,0,0,1
BRDA:5,0,1,0
BRDA:14,1,0,0
BRDA:14,1,1,1
BRDA:44,2,0,1
BRDA:44,2,1,1
BRDA:44,3,0,2
BRDA:44,3,1,2
BRF:8
BRH:6
end_of_record
TN:
SF:src\controllers\feedController.js
FN:11,(anonymous_0)
FN:41,(anonymous_1)
FN:53,(anonymous_2)
FN:76,(anonymous_3)
FN:100,(anonymous_4)
FN:133,(anonymous_5)
FN:146,(anonymous_6)
FN:177,(anonymous_7)
FN:191,(anonymous_8)
FNF:9
FNH:2
FNDA:0,(anonymous_0)
FNDA:1,(anonymous_1)
FNDA:0,(anonymous_2)
FNDA:0,(anonymous_3)
FNDA:0,(anonymous_4)
FNDA:0,(anonymous_5)
FNDA:0,(anonymous_6)
FNDA:1,(anonymous_7)
FNDA:0,(anonymous_8)
DA:11,1
DA:12,0
DA:13,0
DA:16,0
DA:18,0
DA:19,0
DA:20,0
DA:24,0
DA:25,0
DA:37,0
DA:41,1
DA:42,1
DA:43,1
DA:44,1
DA:45,1
DA:47,1
DA:48,1
DA:49,0
DA:53,0
DA:57,1
DA:58,1
DA:61,1
DA:62,0
DA:73,0
DA:74,1
DA:76,0
DA:79,1
DA:89,0
DA:91,0
DA:92,0
DA:93,0
DA:95,0
DA:100,1
DA:101,0
DA:102,0
DA:103,0
DA:106,0
DA:107,0
DA:108,0
DA:114,0
DA:116,0
DA:117,0
DA:118,0
DA:119,0
DA:122,0
DA:123,0
DA:126,0
DA:128,0
DA:129,0
DA:133,1
DA:134,0
DA:135,0
DA:136,0
DA:137,0
DA:140,0
DA:142,0
DA:146,1
DA:147,0
DA:148,0
DA:149,0
DA:150,0
DA:152,0
DA:153,0
DA:163,0
DA:173,0
DA:177,1
DA:178,1
DA:179,1
DA:181,1
DA:182,1
DA:183,1
DA:184,1
DA:186,0
DA:187,0
DA:191,1
DA:192,0
DA:193,0
DA:194,0
DA:195,0
DA:198,0
DA:200,0
LF:81
LH:24
BRDA:12,0,0,0
BRDA:12,0,1,0
BRDA:13,1,0,0
BRDA:13,1,1,0
BRDA:13,2,0,0
BRDA:13,2,1,0
BRDA:13,2,2,0
BRDA:24,3,0,0
BRDA:24,3,1,0
BRDA:43,4,0,0
BRDA:43,4,1,1
BRDA:44,5,0,0
BRDA:44,5,1,1
BRDA:48,6,0,0
BRDA:48,6,1,1
BRDA:48,7,0,1
BRDA:48,7,1,0
BRDA:61,8,0,0
BRDA:61,8,1,1
BRDA:61,9,0,1
BRDA:61,9,1,1
BRDA:63,10,0,0
BRDA:63,10,1,0
BRDA:74,11,0,0
BRDA:74,11,1,1
BRDA:107,12,0,0
BRDA:107,12,1,0
BRDA:114,13,0,0
BRDA:114,13,1,0
BRDA:117,14,0,0
BRDA:117,14,1,0
BRDA:117,15,0,0
BRDA:117,15,1,0
BRDA:122,16,0,0
BRDA:122,16,1,0
BRDA:148,17,0,0
BRDA:148,17,1,0
BRDA:149,18,0,0
BRDA:149,18,1,0
BRDA:179,19,0,0
BRDA:179,19,1,1
BRDA:184,20,0,1
BRDA:184,20,1,0
BRF:43
BRH:10
end_of_record
TN:
SF:src\middleware\auth.js
FN:9,(anonymous_0)
FN:38,(anonymous_1)
FNF:2
FNH:0
FNDA:0,(anonymous_0)
FNDA:0,(anonymous_1)
DA:3,1
DA:5,1
DA:6,0
DA:9,1
DA:10,0
DA:13,0
DA:18,0
DA:19,0
DA:25,0
DA:26,0
DA:27,0
DA:28,0
DA:30,0
DA:31,0
DA:38,1
DA:39,0
DA:40,0
DA:45,0
LF:18
LH:4
BRDA:5,0,0,0
BRDA:5,0,1,1
BRDA:5,1,0,1
BRDA:5,1,1,0
BRDA:13,2,0,0
BRDA:13,2,1,0
BRDA:14,3,0,0
BRDA:14,3,1,0
BRDA:14,4,0,0
BRDA:14,4,1,0
BRDA:18,5,0,0
BRDA:18,5,1,0
BRDA:39,6,0,0
BRDA:39,6,1,0
BRDA:39,7,0,0
BRDA:39,7,1,0
BRF:16
BRH:2
end_of_record
TN:
SF:src\middleware\errorHandler.js
FN:4,(anonymous_0)
FN:14,(anonymous_1)
FNF:2
FNH:0
FNDA:0,(anonymous_0)
FNDA:0,(anonymous_1)
DA:5,0
DA:6,0
DA:7,0
DA:8,0
DA:10,0
DA:14,1
DA:15,0
DA:16,0
DA:18,0
DA:19,0
DA:28,0
DA:29,0
DA:35,0
DA:36,0
LF:14
LH:1
BRDA:7,0,0,0
BRDA:7,0,1,0
BRDA:15,1,0,0
BRDA:15,1,1,0
BRDA:16,2,0,0
BRDA:16,2,1,0
BRDA:18,3,0,0
BRDA:18,3,1,0
BRDA:28,4,0,0
BRDA:28,4,1,0
BRF:10
BRH:0
end_of_record
TN:
SF:src\middleware\validate.js
FN:3,(anonymous_0)
FN:3,(anonymous_1)
FN:12,(anonymous_2)
FNF:3
FNH:2
FNDA:7,(anonymous_0)
FNDA:3,(anonymous_1)
FNDA:0,(anonymous_2)
DA:3,7
DA:4,3
DA:5,3
DA:10,3
DA:12,0
DA:13,0
LF:6
LH:4
BRF:0
BRH:0
end_of_record
TN:
SF:src\routes\adminRoutes.js
FN:22,(anonymous_0)
FNF:1
FNH:0
FNDA:0,(anonymous_0)
DA:6,1
DA:9,1
DA:10,1
DA:16,1
DA:22,1
DA:23,0
DA:24,0
DA:27,0
DA:29,0
DA:37,1
DA:43,1
LF:11
LH:7
BRF:0
BRH:0
end_of_record
TN:
SF:src\routes\analysisRoutes.js
FN:10,(anonymous_0)
FNF:1
FNH:0
FNDA:0,(anonymous_0)
DA:7,1
DA:10,1
DA:11,0
DA:12,0
DA:13,0
DA:16,1
DA:17,1
DA:18,1
DA:19,1
DA:20,1
DA:21,1
DA:22,1
DA:23,1
LF:13
LH:10
BRDA:11,0,0,0
BRDA:11,0,1,0
BRDA:11,0,2,0
BRDA:12,1,0,0
BRDA:12,1,1,0
BRF:5
BRH:0
end_of_record
TN:
SF:src\routes\authRoutes.js
FNF:0
FNH:0
DA:6,1
DA:34,1
DA:35,1
DA:63,1
LF:4
LH:4
BRF:0
BRH:0
end_of_record
TN:
SF:src\routes\feedRoutes.js
FN:10,(anonymous_0)
FNF:1
FNH:1
FNDA:1,(anonymous_0)
DA:7,1
DA:10,1
DA:11,1
DA:12,1
DA:13,1
DA:14,1
DA:17,1
DA:18,1
DA:19,1
DA:20,1
DA:21,1
DA:22,1
LF:12
LH:12
BRDA:12,0,0,1
BRDA:12,0,1,0
BRDA:13,1,0,0
BRDA:13,1,1,1
BRF:4
BRH:2
end_of_record
TN:
SF:src\routes\index.js
FNF:0
FNH:0
DA:7,1
DA:9,1
DA:10,1
DA:11,1
DA:12,1
LF:5
LH:5
BRF:0
BRH:0
end_of_record
TN:
SF:src\services\aiService.js
FN:3,(anonymous_0)
FN:15,(anonymous_1)
FN:21,(anonymous_2)
FN:31,(anonymous_3)
FN:42,(anonymous_4)
FN:77,(anonymous_5)
FN:82,(anonymous_6)
FN:100,(anonymous_7)
FN:111,(anonymous_8)
FNF:9
FNH:1
FNDA:0,(anonymous_0)
FNDA:0,(anonymous_1)
FNDA:0,(anonymous_2)
FNDA:0,(anonymous_3)
FNDA:0,(anonymous_4)
FNDA:0,(anonymous_5)
FNDA:0,(anonymous_6)
FNDA:0,(anonymous_7)
FNDA:1,(anonymous_8)
DA:3,1
DA:5,0
DA:6,0
DA:7,0
DA:9,0
DA:10,0
DA:11,0
DA:13,0
DA:14,0
DA:15,0
DA:18,0
DA:21,1
DA:22,0
DA:23,0
DA:24,0
DA:26,0
DA:28,0
DA:29,0
DA:31,0
DA:37,0
DA:38,0
DA:42,1
DA:43,0
DA:67,0
DA:74,0
DA:77,1
DA:78,0
DA:82,0
DA:100,0
DA:101,0
DA:111,1
DA:112,1
DA:122,1
DA:129,1
LF:34
LH:8
BRDA:3,0,0,0
BRDA:3,1,0,0
BRDA:10,2,0,0
BRDA:10,2,1,0
BRDA:10,2,2,0
BRDA:11,3,0,0
BRDA:11,3,1,0
BRDA:11,4,0,0
BRDA:11,4,1,0
BRDA:26,5,0,0
BRDA:26,5,1,0
BRDA:29,6,0,0
BRDA:29,6,1,0
BRDA:29,7,0,0
BRDA:29,7,1,0
BRDA:32,8,0,0
BRDA:32,8,1,0
BRDA:34,9,0,0
BRDA:34,9,1,0
BRF:19
BRH:0
end_of_record
TN:
SF:src\services\cronService.js
FN:7,(anonymous_0)
FN:9,(anonymous_1)
FN:73,(anonymous_2)
FNF:3
FNH:0
FNDA:0,(anonymous_0)
FNDA:0,(anonymous_1)
FNDA:0,(anonymous_2)
DA:7,1
DA:9,0
DA:10,0
DA:11,0
DA:12,0
DA:13,0
DA:14,0
DA:15,0
DA:16,0
DA:19,0
DA:20,0
DA:21,0
DA:23,0
DA:24,0
DA:25,0
DA:27,0
DA:28,0
DA:30,0
DA:31,0
DA:32,0
DA:35,0
DA:36,0
DA:38,0
DA:39,0
DA:41,0
DA:60,0
DA:62,0
DA:65,0
DA:67,0
DA:73,0
DA:74,0
DA:75,0
DA:76,0
DA:77,0
DA:84,0
DA:86,0
LF:36
LH:1
BRDA:19,0,0,0
BRDA:19,0,1,0
BRDA:24,1,0,0
BRDA:24,1,1,0
BRDA:32,2,0,0
BRDA:32,2,1,0
BRDA:36,3,0,0
BRDA:36,3,1,0
BRDA:39,4,0,0
BRDA:39,4,1,0
BRDA:45,5,0,0
BRDA:45,5,1,0
BRDA:46,6,0,0
BRDA:46,6,1,0
BRDA:47,7,0,0
BRDA:47,7,1,0
BRDA:50,8,0,0
BRDA:50,8,1,0
BRDA:51,9,0,0
BRDA:51,9,1,0
BRDA:52,10,0,0
BRDA:52,10,1,0
BRDA:53,11,0,0
BRDA:53,11,1,0
BRDA:54,12,0,0
BRDA:54,12,1,0
BRDA:55,13,0,0
BRDA:55,13,1,0
BRF:28
BRH:0
end_of_record
TN:
SF:src\services\newsService.js
FN:1,(anonymous_0)
FN:43,(anonymous_1)
FN:67,(anonymous_2)
FN:80,(anonymous_3)
FN:93,(anonymous_4)
FN:106,(anonymous_5)
FN:120,(anonymous_6)
FN:121,(anonymous_7)
FN:125,(anonymous_8)
FN:128,(anonymous_9)
FN:133,(anonymous_10)
FNF:11
FNH:8
FNDA:1,(anonymous_0)
FNDA:4,(anonymous_1)
FNDA:30,(anonymous_2)
FNDA:30,(anonymous_3)
FNDA:30,(anonymous_4)
FNDA:30,(anonymous_5)
FNDA:120,(anonymous_6)
FNDA:673,(anonymous_7)
FNDA:0,(anonymous_8)
FNDA:0,(anonymous_9)
FNDA:0,(anonymous_10)
DA:1,1
DA:2,1
DA:3,1
DA:6,1
DA:9,1
DA:11,0
DA:14,1
DA:16,1
DA:20,1
DA:24,1
DA:28,1
DA:32,1
DA:43,1
DA:44,4
DA:45,4
DA:46,0
DA:47,0
DA:49,4
DA:50,4
DA:51,4
DA:53,0
DA:54,0
DA:57,0
DA:58,0
DA:62,1
DA:63,1
DA:64,1
DA:65,1
DA:67,30
DA:80,30
DA:93,30
DA:106,30
DA:119,1
DA:120,120
DA:121,673
DA:123,1
DA:124,1
DA:125,0
DA:127,1
DA:128,0
DA:130,1
DA:133,0
DA:134,0
DA:135,0
DA:138,0
DA:139,0
LF:46
LH:32
BRDA:1,0,0,0
BRDA:1,1,0,0
BRDA:1,2,0,0
BRDA:1,3,0,0
BRDA:9,4,0,0
BRDA:9,4,1,1
BRDA:9,5,0,1
BRDA:9,5,1,1
BRDA:9,5,2,0
BRDA:14,6,0,1
BRDA:14,6,1,1
BRDA:16,7,0,0
BRDA:16,7,1,1
BRDA:20,8,0,0
BRDA:20,8,1,1
BRDA:24,9,0,0
BRDA:24,9,1,1
BRDA:28,10,0,0
BRDA:28,10,1,1
BRDA:45,11,0,0
BRDA:45,11,1,4
BRDA:67,12,0,1
BRDA:67,12,1,0
BRDA:70,13,0,30
BRDA:70,13,1,0
BRDA:72,14,0,30
BRDA:72,14,1,2
BRDA:74,15,0,30
BRDA:74,15,1,0
BRDA:75,16,0,30
BRDA:75,16,1,0
BRDA:77,17,0,30
BRDA:77,17,1,0
BRDA:80,18,0,1
BRDA:80,18,1,0
BRDA:82,19,0,30
BRDA:82,19,1,0
BRDA:82,19,2,0
BRDA:83,20,0,30
BRDA:83,20,1,0
BRDA:84,21,0,30
BRDA:84,21,1,0
BRDA:87,22,0,30
BRDA:87,22,1,0
BRDA:90,23,0,30
BRDA:90,23,1,0
BRDA:93,24,0,1
BRDA:93,24,1,0
BRDA:98,25,0,0
BRDA:98,25,1,30
BRDA:103,26,0,30
BRDA:103,26,1,7
BRDA:106,27,0,1
BRDA:106,27,1,0
BRDA:109,28,0,30
BRDA:109,28,1,3
BRDA:111,29,0,30
BRDA:111,29,1,0
BRDA:113,30,0,30
BRDA:113,30,1,0
BRDA:114,31,0,30
BRDA:114,31,1,3
BRDA:116,32,0,30
BRDA:116,32,1,0
BRDA:120,33,0,120
BRDA:120,33,1,120
BRDA:123,34,0,1
BRDA:123,34,1,0
BRDA:124,35,0,0
BRDA:124,35,1,1
BRDA:125,36,0,0
BRDA:125,36,1,0
BRDA:125,37,0,0
BRDA:125,37,1,0
BRDA:127,38,0,0
BRDA:127,38,1,1
BRDA:134,39,0,0
BRDA:134,39,1,0
BRF:78
BRH:40
end_of_record
TN:
SF:src\utils\aiValidation.js
FN:45,(anonymous_0)
FNF:1
FNH:0
FNDA:0,(anonymous_0)
DA:3,1
DA:12,1
DA:36,1
DA:45,1
DA:46,0
DA:48,0
DA:50,0
DA:52,0
DA:54,0
DA:58,0
DA:60,0
DA:61,0
LF:12
LH:4
BRF:0
BRH:0
end_of_record
TN:
SF:src\utils\validation.js
FNF:0
FNH:0
DA:3,1
DA:10,1
DA:18,1
DA:27,1
DA:33,1
LF:5
LH:5
BRF:0
BRH:0
end_of_record
