TN:
SF:server.js
FN:73,(anonymous_0)
FN:91,(anonymous_1)
FNF:2
FNH:1
FNDA:2,(anonymous_0)
FNDA:0,(anonymous_1)
DA:16,1
DA:18,1
DA:26,1
DA:33,1
DA:39,1
DA:44,1
DA:51,1
DA:60,1
DA:62,1
DA:63,1
DA:64,1
DA:67,1
DA:70,1
DA:73,1
DA:74,2
DA:81,1
DA:85,1
DA:88,1
DA:90,0
DA:91,0
DA:92,0
LF:21
LH:18
BRDA:40,0,0,1
BRDA:40,0,1,1
BRDA:85,1,0,1
BRDA:85,1,1,1
BRDA:88,2,0,0
BRDA:88,2,1,1
BRF:6
BRH:5
end_of_record
TN:
SF:src\config\groq.js
FNF:0
FNH:0
DA:4,1
DA:13,1
LF:2
LH:2
BRF:0
BRH:0
end_of_record
TN:
SF:src\config\logger.js
FNF:0
FNH:0
DA:3,1
LF:1
LH:1
BRDA:4,0,0,1
BRDA:4,0,1,1
BRF:2
BRH:2
end_of_record
TN:
SF:src\config\prisma.js
FN:5,connectWithRetry
FN:16,(anonymous_1)
FNF:2
FNH:0
FNDA:0,connectWithRetry
FNDA:0,(anonymous_1)
DA:3,1
DA:6,0
DA:8,0
DA:9,0
DA:10,0
DA:11,0
DA:12,0
DA:14,0
DA:15,0
DA:16,0
DA:22,1
DA:23,0
LF:12
LH:2
BRDA:22,0,0,0
BRDA:22,0,1,1
BRF:2
BRH:1
end_of_record
TN:
SF:src\config\swagger.js
FN:33,(anonymous_0)
FNF:1
FNH:1
FNDA:1,(anonymous_0)
DA:4,1
DA:31,1
DA:33,1
DA:34,1
LF:4
LH:4
BRF:0
BRH:0
end_of_record
TN:
SF:src\controllers\adminController.js
FN:9,(anonymous_0)
FN:40,(anonymous_1)
FN:63,(anonymous_2)
FN:75,(anonymous_3)
FNF:4
FNH:0
FNDA:0,(anonymous_0)
FNDA:0,(anonymous_1)
FNDA:0,(anonymous_2)
FNDA:0,(anonymous_3)
DA:6,1
DA:7,1
DA:9,1
DA:10,0
DA:12,0
DA:19,0
DA:25,0
DA:35,0
DA:36,0
DA:40,1
DA:41,0
DA:42,0
DA:43,0
DA:47,0
DA:49,0
DA:55,0
DA:56,0
DA:58,0
DA:59,0
DA:63,1
DA:64,0
DA:65,0
DA:69,0
DA:71,0
DA:72,0
DA:75,0
DA:78,0
DA:80,0
DA:85,0
DA:86,0
DA:88,0
DA:89,0
LF:32
LH:5
BRDA:55,0,0,0
BRDA:55,0,1,0
BRDA:64,1,0,0
BRDA:65,2,0,0
BRDA:65,2,1,0
BRDA:82,3,0,0
BRDA:82,3,1,0
BRDA:85,4,0,0
BRDA:85,4,1,0
BRF:9
BRH:0
end_of_record
TN:
SF:src\controllers\analysisController.js
FN:5,(anonymous_0)
FN:18,(anonymous_1)
FN:76,(anonymous_2)
FN:87,(anonymous_3)
FN:113,(anonymous_4)
FN:142,(anonymous_5)
FN:149,(anonymous_6)
FN:155,(anonymous_7)
FN:160,(anonymous_8)
FN:166,(anonymous_9)
FN:178,(anonymous_10)
FN:186,(anonymous_11)
FNF:12
FNH:0
FNDA:0,(anonymous_0)
FNDA:0,(anonymous_1)
FNDA:0,(anonymous_2)
FNDA:0,(anonymous_3)
FNDA:0,(anonymous_4)
FNDA:0,(anonymous_5)
FNDA:0,(anonymous_6)
FNDA:0,(anonymous_7)
FNDA:0,(anonymous_8)
FNDA:0,(anonymous_9)
FNDA:0,(anonymous_10)
FNDA:0,(anonymous_11)
DA:5,1
DA:6,0
DA:7,0
DA:8,0
DA:9,0
DA:12,0
DA:14,0
DA:18,1
DA:19,0
DA:21,0
DA:22,0
DA:23,0
DA:25,0
DA:27,0
DA:28,0
DA:36,0
DA:40,0
DA:46,0
DA:49,0
DA:50,0
DA:51,0
DA:52,0
DA:54,0
DA:63,0
DA:70,0
DA:71,0
DA:76,1
DA:77,0
DA:78,0
DA:81,0
DA:87,0
DA:99,0
DA:108,0
DA:109,0
DA:113,1
DA:114,0
DA:115,0
DA:116,0
DA:118,0
DA:119,0
DA:125,0
DA:126,0
DA:129,0
DA:131,0
DA:134,0
DA:137,0
DA:138,0
DA:142,1
DA:143,0
DA:144,0
DA:145,0
DA:149,0
DA:151,0
DA:155,1
DA:156,0
DA:157,0
DA:160,0
DA:162,0
DA:166,1
DA:167,0
DA:168,0
DA:169,0
DA:172,0
DA:174,0
DA:178,1
DA:179,0
DA:180,0
DA:182,0
DA:183,0
DA:184,0
DA:186,0
DA:188,0
DA:189,0
DA:190,0
DA:191,0
DA:192,0
DA:195,0
DA:196,0
DA:203,0
DA:204,0
DA:205,0
DA:206,0
DA:209,0
DA:211,0
DA:212,0
DA:214,0
DA:215,0
DA:216,0
DA:219,0
DA:220,0
DA:221,0
DA:224,0
DA:225,0
DA:227,0
DA:229,0
DA:231,0
DA:232,0
DA:233,0
DA:234,0
DA:235,0
DA:238,0
DA:239,0
DA:241,0
DA:242,0
DA:243,0
DA:246,0
DA:249,0
DA:255,0
DA:264,0
DA:270,0
DA:271,0
DA:274,0
DA:275,0
DA:276,0
DA:277,0
DA:278,0
DA:279,0
DA:282,0
DA:283,0
LF:119
LH:8
BRDA:21,0,0,0
BRDA:21,0,1,0
BRDA:22,1,0,0
BRDA:22,1,1,0
BRDA:27,2,0,0
BRDA:27,2,1,0
BRDA:50,3,0,0
BRDA:50,3,1,0
BRDA:51,4,0,0
BRDA:51,4,1,0
BRDA:78,5,0,0
BRDA:78,5,1,0
BRDA:104,6,0,0
BRDA:104,6,1,0
BRDA:125,7,0,0
BRDA:125,7,1,0
BRDA:180,8,0,0
BRDA:180,8,1,0
BRDA:190,9,0,0
BRDA:190,9,1,0
BRDA:203,10,0,0
BRDA:203,10,1,0
BRDA:219,11,0,0
BRDA:219,11,1,0
BRDA:233,12,0,0
BRDA:233,12,1,0
BRDA:235,13,0,0
BRDA:235,13,1,0
BRDA:239,14,0,0
BRDA:239,14,1,0
BRDA:242,15,0,0
BRDA:242,15,1,0
BRDA:246,16,0,0
BRDA:246,16,1,0
BRDA:250,17,0,0
BRDA:250,17,1,0
BRDA:251,18,0,0
BRDA:251,18,1,0
BRDA:252,19,0,0
BRDA:252,19,1,0
BRDA:256,20,0,0
BRDA:256,20,1,0
BRDA:257,21,0,0
BRDA:257,21,1,0
BRDA:258,22,0,0
BRDA:258,22,1,0
BRDA:259,23,0,0
BRDA:259,23,1,0
BRDA:260,24,0,0
BRDA:260,24,1,0
BRDA:261,25,0,0
BRDA:261,25,1,0
BRDA:277,26,0,0
BRDA:277,26,1,0
BRF:54
BRH:0
end_of_record
TN:
SF:src\controllers\authController.js
FN:7,(anonymous_0)
FN:40,(anonymous_1)
FNF:2
FNH:2
FNDA:1,(anonymous_0)
FNDA:2,(anonymous_1)
DA:5,1
DA:7,1
DA:8,1
DA:10,1
DA:11,1
DA:12,1
DA:13,1
DA:16,1
DA:24,1
DA:30,1
DA:32,0
DA:33,0
DA:40,1
DA:41,2
DA:43,2
DA:44,2
DA:45,2
DA:46,1
DA:54,1
DA:60,1
DA:62,1
DA:65,0
DA:66,0
LF:23
LH:19
BRDA:5,0,0,1
BRDA:5,0,1,0
BRDA:14,1,0,0
BRDA:14,1,1,1
BRDA:45,2,0,1
BRDA:45,2,1,1
BRDA:45,3,0,2
BRDA:45,3,1,2
BRF:8
BRH:6
end_of_record
TN:
SF:src\controllers\feedController.js
FN:11,(anonymous_0)
FN:41,(anonymous_1)
FN:53,(anonymous_2)
FN:76,(anonymous_3)
FN:100,(anonymous_4)
FN:147,(anonymous_5)
FN:160,(anonymous_6)
FN:191,(anonymous_7)
FN:211,(anonymous_8)
FNF:9
FNH:2
FNDA:0,(anonymous_0)
FNDA:1,(anonymous_1)
FNDA:0,(anonymous_2)
FNDA:0,(anonymous_3)
FNDA:0,(anonymous_4)
FNDA:0,(anonymous_5)
FNDA:0,(anonymous_6)
FNDA:1,(anonymous_7)
FNDA:0,(anonymous_8)
DA:11,1
DA:12,0
DA:13,0
DA:16,0
DA:18,0
DA:19,0
DA:20,0
DA:24,0
DA:25,0
DA:37,0
DA:41,1
DA:42,1
DA:43,1
DA:44,1
DA:45,1
DA:47,1
DA:48,1
DA:49,0
DA:53,0
DA:57,1
DA:58,1
DA:61,1
DA:62,0
DA:73,0
DA:74,1
DA:76,0
DA:79,1
DA:89,0
DA:91,0
DA:92,0
DA:93,0
DA:95,0
DA:100,1
DA:101,0
DA:102,0
DA:103,0
DA:106,0
DA:107,0
DA:108,0
DA:114,0
DA:116,0
DA:117,0
DA:118,0
DA:119,0
DA:122,0
DA:123,0
DA:126,0
DA:128,0
DA:129,0
DA:131,0
DA:134,0
DA:147,1
DA:148,0
DA:149,0
DA:150,0
DA:151,0
DA:154,0
DA:156,0
DA:160,1
DA:161,0
DA:162,0
DA:163,0
DA:164,0
DA:166,0
DA:167,0
DA:177,0
DA:187,0
DA:191,1
DA:192,1
DA:193,1
DA:195,1
DA:196,1
DA:197,1
DA:198,1
DA:200,0
DA:202,0
DA:204,0
DA:207,0
DA:211,1
DA:212,0
DA:213,0
DA:214,0
DA:215,0
DA:218,0
DA:220,0
LF:85
LH:24
BRDA:12,0,0,0
BRDA:12,0,1,0
BRDA:13,1,0,0
BRDA:13,1,1,0
BRDA:13,2,0,0
BRDA:13,2,1,0
BRDA:13,2,2,0
BRDA:24,3,0,0
BRDA:24,3,1,0
BRDA:43,4,0,0
BRDA:43,4,1,1
BRDA:44,5,0,0
BRDA:44,5,1,1
BRDA:48,6,0,0
BRDA:48,6,1,1
BRDA:48,7,0,1
BRDA:48,7,1,0
BRDA:61,8,0,0
BRDA:61,8,1,1
BRDA:61,9,0,1
BRDA:61,9,1,1
BRDA:63,10,0,0
BRDA:63,10,1,0
BRDA:74,11,0,0
BRDA:74,11,1,1
BRDA:107,12,0,0
BRDA:107,12,1,0
BRDA:114,13,0,0
BRDA:114,13,1,0
BRDA:117,14,0,0
BRDA:117,14,1,0
BRDA:117,15,0,0
BRDA:117,15,1,0
BRDA:122,16,0,0
BRDA:122,16,1,0
BRDA:128,17,0,0
BRDA:128,17,1,0
BRDA:128,18,0,0
BRDA:128,18,1,0
BRDA:136,19,0,0
BRDA:136,19,1,0
BRDA:162,20,0,0
BRDA:162,20,1,0
BRDA:163,21,0,0
BRDA:163,21,1,0
BRDA:193,22,0,0
BRDA:193,22,1,1
BRDA:198,23,0,1
BRDA:198,23,1,0
BRDA:200,24,0,0
BRDA:200,24,1,0
BRDA:200,25,0,0
BRDA:200,25,1,0
BRF:53
BRH:10
end_of_record
TN:
SF:src\middleware\auth.js
FN:9,(anonymous_0)
FN:38,(anonymous_1)
FNF:2
FNH:0
FNDA:0,(anonymous_0)
FNDA:0,(anonymous_1)
DA:3,1
DA:5,1
DA:6,0
DA:9,1
DA:10,0
DA:13,0
DA:18,0
DA:19,0
DA:25,0
DA:26,0
DA:27,0
DA:28,0
DA:30,0
DA:31,0
DA:38,1
DA:39,0
DA:40,0
DA:45,0
LF:18
LH:4
BRDA:5,0,0,0
BRDA:5,0,1,1
BRDA:5,1,0,1
BRDA:5,1,1,0
BRDA:13,2,0,0
BRDA:13,2,1,0
BRDA:14,3,0,0
BRDA:14,3,1,0
BRDA:14,4,0,0
BRDA:14,4,1,0
BRDA:18,5,0,0
BRDA:18,5,1,0
BRDA:39,6,0,0
BRDA:39,6,1,0
BRDA:39,7,0,0
BRDA:39,7,1,0
BRF:16
BRH:2
end_of_record
TN:
SF:src\middleware\errorHandler.js
FN:4,(anonymous_0)
FN:14,(anonymous_1)
FNF:2
FNH:0
FNDA:0,(anonymous_0)
FNDA:0,(anonymous_1)
DA:5,0
DA:6,0
DA:7,0
DA:8,0
DA:10,0
DA:14,1
DA:15,0
DA:16,0
DA:18,0
DA:19,0
DA:28,0
DA:29,0
DA:35,0
DA:36,0
LF:14
LH:1
BRDA:7,0,0,0
BRDA:7,0,1,0
BRDA:15,1,0,0
BRDA:15,1,1,0
BRDA:16,2,0,0
BRDA:16,2,1,0
BRDA:18,3,0,0
BRDA:18,3,1,0
BRDA:28,4,0,0
BRDA:28,4,1,0
BRF:10
BRH:0
end_of_record
TN:
SF:src\middleware\validate.js
FN:3,(anonymous_0)
FN:3,(anonymous_1)
FN:12,(anonymous_2)
FNF:3
FNH:2
FNDA:7,(anonymous_0)
FNDA:3,(anonymous_1)
FNDA:0,(anonymous_2)
DA:3,7
DA:4,3
DA:5,3
DA:10,3
DA:12,0
DA:13,0
LF:6
LH:4
BRF:0
BRH:0
end_of_record
TN:
SF:src\routes\adminRoutes.js
FN:22,(anonymous_0)
FNF:1
FNH:0
FNDA:0,(anonymous_0)
DA:6,1
DA:9,1
DA:10,1
DA:16,1
DA:22,1
DA:23,0
DA:24,0
DA:27,0
DA:29,0
DA:37,1
DA:43,1
LF:11
LH:7
BRF:0
BRH:0
end_of_record
TN:
SF:src\routes\analysisRoutes.js
FN:10,(anonymous_0)
FNF:1
FNH:0
FNDA:0,(anonymous_0)
DA:7,1
DA:10,1
DA:11,0
DA:12,0
DA:13,0
DA:16,1
DA:17,1
DA:18,1
DA:19,1
DA:20,1
DA:21,1
DA:22,1
DA:23,1
LF:13
LH:10
BRDA:11,0,0,0
BRDA:11,0,1,0
BRDA:11,0,2,0
BRDA:12,1,0,0
BRDA:12,1,1,0
BRF:5
BRH:0
end_of_record
TN:
SF:src\routes\authRoutes.js
FNF:0
FNH:0
DA:6,1
DA:34,1
DA:35,1
DA:63,1
LF:4
LH:4
BRF:0
BRH:0
end_of_record
TN:
SF:src\routes\feedRoutes.js
FN:10,(anonymous_0)
FNF:1
FNH:1
FNDA:1,(anonymous_0)
DA:7,1
DA:10,1
DA:11,1
DA:12,1
DA:13,1
DA:14,1
DA:17,1
DA:18,1
DA:19,1
DA:20,1
DA:21,1
DA:22,1
LF:12
LH:12
BRDA:12,0,0,1
BRDA:12,0,1,0
BRDA:13,1,0,0
BRDA:13,1,1,1
BRF:4
BRH:2
end_of_record
TN:
SF:src\routes\index.js
FNF:0
FNH:0
DA:7,1
DA:9,1
DA:10,1
DA:11,1
DA:12,1
LF:5
LH:5
BRF:0
BRH:0
end_of_record
TN:
SF:src\services\aiService.js
FN:3,(anonymous_0)
FN:15,(anonymous_1)
FN:21,(anonymous_2)
FN:45,(anonymous_3)
FN:56,(anonymous_4)
FN:91,(anonymous_5)
FN:96,(anonymous_6)
FN:114,(anonymous_7)
FN:125,(anonymous_8)
FNF:9
FNH:1
FNDA:0,(anonymous_0)
FNDA:0,(anonymous_1)
FNDA:0,(anonymous_2)
FNDA:0,(anonymous_3)
FNDA:0,(anonymous_4)
FNDA:0,(anonymous_5)
FNDA:0,(anonymous_6)
FNDA:0,(anonymous_7)
FNDA:1,(anonymous_8)
DA:3,1
DA:5,0
DA:6,0
DA:7,0
DA:9,0
DA:10,0
DA:11,0
DA:13,0
DA:14,0
DA:15,0
DA:18,0
DA:21,1
DA:22,0
DA:23,0
DA:24,0
DA:25,0
DA:29,0
DA:30,0
DA:31,0
DA:34,0
DA:36,0
DA:37,0
DA:39,0
DA:40,0
DA:43,0
DA:45,0
DA:51,0
DA:52,0
DA:56,1
DA:57,0
DA:81,0
DA:88,0
DA:91,1
DA:92,0
DA:96,0
DA:114,0
DA:115,0
DA:125,1
DA:126,1
DA:136,1
DA:143,1
LF:41
LH:8
BRDA:3,0,0,0
BRDA:3,1,0,0
BRDA:10,2,0,0
BRDA:10,2,1,0
BRDA:10,2,2,0
BRDA:11,3,0,0
BRDA:11,3,1,0
BRDA:11,4,0,0
BRDA:11,4,1,0
BRDA:29,5,0,0
BRDA:29,5,1,0
BRDA:43,6,0,0
BRDA:43,6,1,0
BRDA:43,7,0,0
BRDA:43,7,1,0
BRDA:46,8,0,0
BRDA:46,8,1,0
BRDA:48,9,0,0
BRDA:48,9,1,0
BRF:19
BRH:0
end_of_record
TN:
SF:src\services\cronService.js
FN:7,(anonymous_0)
FN:9,(anonymous_1)
FN:83,(anonymous_2)
FNF:3
FNH:0
FNDA:0,(anonymous_0)
FNDA:0,(anonymous_1)
FNDA:0,(anonymous_2)
DA:7,1
DA:9,0
DA:10,0
DA:11,0
DA:12,0
DA:13,0
DA:14,0
DA:15,0
DA:16,0
DA:17,0
DA:20,0
DA:21,0
DA:22,0
DA:25,0
DA:27,0
DA:28,0
DA:30,0
DA:31,0
DA:34,0
DA:35,0
DA:37,0
DA:38,0
DA:40,0
DA:41,0
DA:42,0
DA:45,0
DA:46,0
DA:48,0
DA:49,0
DA:51,0
DA:70,0
DA:72,0
DA:75,0
DA:77,0
DA:83,0
DA:84,0
DA:85,0
DA:86,0
DA:87,0
DA:94,0
DA:96,0
LF:41
LH:1
BRDA:20,0,0,0
BRDA:20,0,1,0
BRDA:34,1,0,0
BRDA:34,1,1,0
BRDA:42,2,0,0
BRDA:42,2,1,0
BRDA:46,3,0,0
BRDA:46,3,1,0
BRDA:49,4,0,0
BRDA:49,4,1,0
BRDA:55,5,0,0
BRDA:55,5,1,0
BRDA:56,6,0,0
BRDA:56,6,1,0
BRDA:57,7,0,0
BRDA:57,7,1,0
BRDA:60,8,0,0
BRDA:60,8,1,0
BRDA:61,9,0,0
BRDA:61,9,1,0
BRDA:62,10,0,0
BRDA:62,10,1,0
BRDA:63,11,0,0
BRDA:63,11,1,0
BRDA:64,12,0,0
BRDA:64,12,1,0
BRDA:65,13,0,0
BRDA:65,13,1,0
BRF:28
BRH:0
end_of_record
TN:
SF:src\services\newsService.js
FN:8,(anonymous_0)
FN:44,(anonymous_1)
FN:80,(anonymous_2)
FN:92,(anonymous_3)
FN:105,(anonymous_4)
FN:118,(anonymous_5)
FN:133,(anonymous_6)
FN:134,(anonymous_7)
FN:140,(anonymous_8)
FN:141,(anonymous_9)
FN:145,(anonymous_10)
FNF:11
FNH:8
FNDA:4,(anonymous_0)
FNDA:1,(anonymous_1)
FNDA:30,(anonymous_2)
FNDA:30,(anonymous_3)
FNDA:30,(anonymous_4)
FNDA:30,(anonymous_5)
FNDA:120,(anonymous_6)
FNDA:671,(anonymous_7)
FNDA:0,(anonymous_8)
FNDA:0,(anonymous_9)
FNDA:0,(anonymous_10)
DA:8,1
DA:9,4
DA:15,4
DA:16,4
DA:23,4
DA:25,0
DA:26,0
DA:28,0
DA:31,4
DA:32,4
DA:33,4
DA:35,0
DA:36,0
DA:39,0
DA:40,0
DA:44,1
DA:45,1
DA:46,1
DA:49,1
DA:50,1
DA:51,0
DA:53,1
DA:56,1
DA:72,1
DA:80,30
DA:92,30
DA:105,30
DA:118,30
DA:132,1
DA:133,120
DA:134,671
DA:136,1
DA:139,1
DA:140,1
DA:141,1
DA:142,1
DA:145,0
DA:146,0
DA:147,0
DA:150,0
DA:151,0
LF:41
LH:28
BRDA:8,0,0,3
BRDA:23,1,0,0
BRDA:23,1,1,4
BRDA:25,2,0,0
BRDA:25,2,1,0
BRDA:25,3,0,0
BRDA:25,3,1,0
BRDA:44,4,0,0
BRDA:44,5,0,0
BRDA:44,6,0,0
BRDA:44,7,0,0
BRDA:50,8,0,0
BRDA:50,8,1,1
BRDA:50,9,0,1
BRDA:50,9,1,1
BRDA:50,9,2,0
BRDA:53,10,0,1
BRDA:53,10,1,1
BRDA:57,11,0,0
BRDA:57,11,1,1
BRDA:60,12,0,0
BRDA:60,12,1,1
BRDA:63,13,0,0
BRDA:63,13,1,1
BRDA:66,14,0,0
BRDA:66,14,1,1
BRDA:80,15,0,1
BRDA:80,15,1,0
BRDA:82,16,0,30
BRDA:82,16,1,0
BRDA:82,16,2,0
BRDA:83,17,0,30
BRDA:83,17,1,1
BRDA:84,18,0,30
BRDA:84,18,1,1
BRDA:86,19,0,30
BRDA:86,19,1,0
BRDA:89,20,0,30
BRDA:89,20,1,0
BRDA:92,21,0,1
BRDA:92,21,1,0
BRDA:95,22,0,30
BRDA:95,22,1,3
BRDA:97,23,0,30
BRDA:97,23,1,0
BRDA:99,24,0,30
BRDA:99,24,1,0
BRDA:100,25,0,30
BRDA:100,25,1,3
BRDA:102,26,0,30
BRDA:102,26,1,0
BRDA:105,27,0,1
BRDA:105,27,1,0
BRDA:108,28,0,30
BRDA:108,28,1,0
BRDA:110,29,0,30
BRDA:110,29,1,2
BRDA:112,30,0,30
BRDA:112,30,1,0
BRDA:113,31,0,30
BRDA:113,31,1,0
BRDA:115,32,0,30
BRDA:115,32,1,0
BRDA:118,33,0,1
BRDA:118,33,1,0
BRDA:123,34,0,0
BRDA:123,34,1,30
BRDA:128,35,0,30
BRDA:128,35,1,8
BRDA:133,36,0,120
BRDA:133,36,1,120
BRDA:139,37,0,1
BRDA:139,37,1,0
BRDA:140,38,0,0
BRDA:140,38,1,1
BRDA:140,39,0,0
BRDA:140,39,1,0
BRDA:140,40,0,0
BRDA:140,40,1,0
BRDA:141,41,0,0
BRDA:141,41,1,1
BRDA:146,42,0,0
BRDA:146,42,1,0
BRF:83
BRH:43
end_of_record
TN:
SF:src\utils\aiValidation.js
FN:45,(anonymous_0)
FNF:1
FNH:0
FNDA:0,(anonymous_0)
DA:3,1
DA:12,1
DA:36,1
DA:45,1
DA:46,0
DA:48,0
DA:50,0
DA:52,0
DA:54,0
DA:58,0
DA:60,0
DA:61,0
LF:12
LH:4
BRF:0
BRH:0
end_of_record
TN:
SF:src\utils\validation.js
FNF:0
FNH:0
DA:3,1
DA:10,1
DA:18,1
DA:27,1
DA:33,1
LF:5
LH:5
BRF:0
BRH:0
end_of_record
